<?xml version="1.0" encoding="utf-8"?><testsuites name="pytest tests"><testsuite name="pytest" errors="0" failures="0" skipped="0" tests="91" time="81.134" timestamp="2026-05-31T01:52:10.921995+00:00" hostname="agent-env-175ae4c2-6149-4664-927a-55e2d003c2dc"><testcase classname="backend.tests.backend_test" name="test_root_health" time="0.148" /><testcase classname="backend.tests.backend_test" name="test_admin_login_sets_cookie" time="0.323" /><testcase classname="backend.tests.backend_test" name="test_auth_me_with_cookie" time="0.049" /><testcase classname="backend.tests.backend_test" name="test_legacy_admin_login_still_works" time="0.379" /><testcase classname="backend.tests.backend_test" name="test_register_admin_role_is_silently_downgraded_to_worker" time="0.378" /><testcase classname="backend.tests.backend_test" name="test_duplicate_register_fails" time="1.039" /><testcase classname="backend.tests.backend_test" name="test_login_wrong_password_returns_401" time="0.315" /><testcase classname="backend.tests.backend_test" name="test_logout" time="1.066" /><testcase classname="backend.tests.backend_test" name="test_create_cleaning_gig" time="0.056" /><testcase classname="backend.tests.backend_test" name="test_create_labor_gig" time="0.047" /><testcase classname="backend.tests.backend_test" name="test_create_driver_gig" time="0.048" /><testcase classname="backend.tests.backend_test" name="test_worker_cannot_create_gig" time="0.046" /><testcase classname="backend.tests.backend_test" name="test_worker_list_gigs_only_open" time="0.047" /><testcase classname="backend.tests.backend_test" name="test_filter_by_category" time="0.045" /><testcase classname="backend.tests.backend_test" name="test_get_gig_worker_has_my_acceptance" time="0.048" /><testcase classname="backend.tests.backend_test" name="test_get_gig_admin_has_acceptances" time="0.046" /><testcase classname="backend.tests.backend_test" name="test_accept_gig" time="0.097" /><testcase classname="backend.tests.backend_test" name="test_accept_duplicate_fails" time="0.046" /><testcase classname="backend.tests.backend_test" name="test_withdraw_gig" time="0.094" /><testcase classname="backend.tests.backend_test" name="test_filled_status_when_slots_full" time="0.149" /><testcase classname="backend.tests.backend_test" name="test_blast_in_app" time="0.101" /><testcase classname="backend.tests.backend_test" name="test_blast_email_sms_graceful" time="0.056" /><testcase classname="backend.tests.backend_test" name="test_blast_increments_count" time="0.048" /><testcase classname="backend.tests.backend_test" name="test_notifications_list" time="0.051" /><testcase classname="backend.tests.backend_test" name="test_profile_update" time="0.048" /><testcase classname="backend.tests.backend_test" name="test_upload_avatar" time="0.189" /><testcase classname="backend.tests.backend_test" name="test_upload_id" time="0.183" /><testcase classname="backend.tests.backend_test" name="test_file_access_owner" time="0.147" /><testcase classname="backend.tests.backend_test" name="test_file_access_admin" time="0.153" /><testcase classname="backend.tests.backend_test" name="test_file_access_other_worker_forbidden" time="0.415" /><testcase classname="backend.tests.backend_test" name="test_admin_list_workers" time="0.057" /><testcase classname="backend.tests.backend_test" name="test_admin_get_worker" time="0.100" /><testcase classname="backend.tests.backend_test" name="test_admin_verify_id" time="0.148" /><testcase classname="backend.tests.backend_test" name="test_admin_stats" time="0.048" /><testcase classname="backend.tests.backend_test" name="test_worker_cannot_access_admin" time="0.098" /><testcase classname="backend.tests.backend_test" name="test_delete_gig" time="0.249" /><testcase classname="backend.tests.test_admin_settings" name="test_settings_requires_auth" time="0.473" /><testcase classname="backend.tests.test_admin_settings" name="test_settings_forbidden_for_worker" time="0.380" /><testcase classname="backend.tests.test_admin_settings" name="test_settings_put_forbidden_for_worker" time="0.046" /><testcase classname="backend.tests.test_admin_settings" name="test_settings_test_forbidden_for_worker" time="0.052" /><testcase classname="backend.tests.test_admin_settings" name="test_get_settings_shape_when_empty" time="0.115" /><testcase classname="backend.tests.test_admin_settings" name="test_put_resend_then_get_shows_last4_and_ready" time="0.110" /><testcase classname="backend.tests.test_admin_settings" name="test_partial_update_omitted_field_unchanged" time="0.121" /><testcase classname="backend.tests.test_admin_settings" name="test_overwrite_resend_key_updates_last4" time="0.115" /><testcase classname="backend.tests.test_admin_settings" name="test_clear_resend_with_empty_string" time="0.123" /><testcase classname="backend.tests.test_admin_settings" name="test_save_all_twilio_makes_sms_ready" time="0.117" /><testcase classname="backend.tests.test_admin_settings" name="test_clear_sid_and_token_resets_sms_ready" time="0.125" /><testcase classname="backend.tests.test_admin_settings" name="test_test_email_400_when_no_key" time="0.110" /><testcase classname="backend.tests.test_admin_settings" name="test_test_email_400_with_fake_key" time="0.271" /><testcase classname="backend.tests.test_admin_settings" name="test_test_sms_400_when_incomplete" time="0.122" /><testcase classname="backend.tests.test_admin_settings" name="test_blast_uses_db_resend_key_and_degrades_gracefully" time="41.195" /><testcase classname="backend.tests.test_calendar.TestScheduledAtPersistence" name="test_create_with_scheduled_at_persists" time="0.886" /><testcase classname="backend.tests.test_calendar.TestScheduledAtPersistence" name="test_create_without_scheduled_at_succeeds" time="0.424" /><testcase classname="backend.tests.test_calendar.TestScheduledAtPersistence" name="test_list_gigs_returns_scheduled_at_unchanged" time="0.481" /><testcase classname="backend.tests.test_calendar.TestStatusAllFilter" name="test_status_all_returns_open_and_filled" time="1.745" /><testcase classname="backend.tests.test_calendar.TestStatusAllFilter" name="test_status_open_only" time="0.407" /><testcase classname="backend.tests.test_calendar.TestStatusAllFilter" name="test_status_filled_only" time="0.382" /><testcase classname="backend.tests.test_calendar.TestStatusAllFilter" name="test_worker_no_param_returns_only_open" time="0.492" /><testcase classname="backend.tests.test_calendar.TestStatusAllFilter" name="test_worker_status_all_sees_filled_and_acceptance_attached" time="0.624" /><testcase classname="backend.tests.test_iter5.TestAdminResetPassword" name="test_reset_generates_temp_password_and_kills_sessions" time="2.110" /><testcase classname="backend.tests.test_iter5.TestAdminResetPassword" name="test_reset_custom_password" time="1.558" /><testcase classname="backend.tests.test_iter5.TestAdminResetPassword" name="test_reset_short_password_400" time="0.876" /><testcase classname="backend.tests.test_iter5.TestAdminResetPassword" name="test_reset_on_admin_400" time="0.092" /><testcase classname="backend.tests.test_iter5.TestAdminResetPassword" name="test_reset_on_missing_user_404" time="0.047" /><testcase classname="backend.tests.test_iter5.TestDeleteWorker" name="test_delete_releases_gig_slot_and_reopens" time="1.336" /><testcase classname="backend.tests.test_iter5.TestDeleteWorker" name="test_delete_admin_returns_400" time="0.046" /><testcase classname="backend.tests.test_iter5.TestDeleteWorker" name="test_delete_missing_returns_404" time="0.050" /><testcase classname="backend.tests.test_iter5.TestChangePassword" name="test_change_password_success_session_preserved" time="1.724" /><testcase classname="backend.tests.test_iter5.TestChangePassword" name="test_change_password_wrong_current_401" time="1.180" /><testcase classname="backend.tests.test_iter5.TestChangePassword" name="test_change_password_short_new_422" time="0.926" /><testcase classname="backend.tests.test_iter5.TestClockInOut" name="test_full_clock_flow" time="2.508" /><testcase classname="backend.tests.test_iter5.TestClockInOut" name="test_clock_in_without_acceptance_400" time="1.098" /><testcase classname="backend.tests.test_iter5.TestClockInOut" name="test_clock_out_without_clock_in_400" time="1.096" /><testcase classname="backend.tests.test_iter5.TestClockInOut" name="test_admin_cannot_clock_in_or_out" time="0.137" /><testcase classname="backend.tests.test_iter5.TestAdminWorkerDetailEnrichment" name="test_accepted_gigs_enriched" time="2.230" /><testcase classname="backend.tests.test_iter6.TestAddressLinePrivacy" name="test_create_persists_address_line" time="0.453" /><testcase classname="backend.tests.test_iter6.TestAddressLinePrivacy" name="test_worker_list_hides_address_line" time="0.498" /><testcase classname="backend.tests.test_iter6.TestAddressLinePrivacy" name="test_worker_detail_hides_then_reveals" time="0.860" /><testcase classname="backend.tests.test_iter6.TestVerificationGate" name="test_no_id_uploaded_blocks_accept" time="0.471" /><testcase classname="backend.tests.test_iter6.TestVerificationGate" name="test_uploaded_but_unverified_blocks_accept" time="0.671" /><testcase classname="backend.tests.test_iter6.TestVerificationGate" name="test_verified_can_accept_and_sees_address" time="0.771" /><testcase classname="backend.tests.test_iter6.TestEditGig" name="test_admin_partial_update" time="0.137" /><testcase classname="backend.tests.test_iter6.TestEditGig" name="test_admin_clears_address_line_with_null" time="0.206" /><testcase classname="backend.tests.test_iter6.TestEditGig" name="test_cannot_reduce_slots_below_filled" time="0.823" /><testcase classname="backend.tests.test_iter6.TestEditGig" name="test_increasing_slots_on_filled_flips_to_open" time="0.805" /><testcase classname="backend.tests.test_iter6.TestEditGig" name="test_reducing_slots_to_filled_count_sets_filled" time="0.754" /><testcase classname="backend.tests.test_iter6.TestEditGig" name="test_worker_put_forbidden" time="0.499" /><testcase classname="backend.tests.test_iter6.TestDuplicateGig" name="test_admin_duplicate_resets_state" time="0.819" /><testcase classname="backend.tests.test_iter6.TestDuplicateGig" name="test_duplicate_does_not_double_copy_suffix" time="0.188" /><testcase classname="backend.tests.test_iter6.TestDuplicateGig" name="test_worker_duplicate_forbidden" time="0.520" /><testcase classname="backend.tests.test_iter6.TestDuplicateGig" name="test_duplicate_nonexistent_returns_404" time="0.050" /></testsuite></testsuites>