<?xml version="1.0" encoding="utf-8"?><testsuites name="pytest tests"><testsuite name="pytest" errors="0" failures="0" skipped="0" tests="8" time="5.019" timestamp="2026-05-29T23:14:50.960423+00:00" hostname="agent-env-175ae4c2-6149-4664-927a-55e2d003c2dc"><testcase classname="backend.tests.test_calendar.TestScheduledAtPersistence" name="test_create_with_scheduled_at_persists" time="0.995" /><testcase classname="backend.tests.test_calendar.TestScheduledAtPersistence" name="test_create_without_scheduled_at_succeeds" time="0.459" /><testcase classname="backend.tests.test_calendar.TestScheduledAtPersistence" name="test_list_gigs_returns_scheduled_at_unchanged" time="0.507" /><testcase classname="backend.tests.test_calendar.TestStatusAllFilter" name="test_status_all_returns_open_and_filled" time="1.092" /><testcase classname="backend.tests.test_calendar.TestStatusAllFilter" name="test_status_open_only" time="0.389" /><testcase classname="backend.tests.test_calendar.TestStatusAllFilter" name="test_status_filled_only" time="0.406" /><testcase classname="backend.tests.test_calendar.TestStatusAllFilter" name="test_worker_no_param_returns_only_open" time="0.505" /><testcase classname="backend.tests.test_calendar.TestStatusAllFilter" name="test_worker_status_all_sees_filled_and_acceptance_attached" time="0.591" /></testsuite></testsuites>