<?xml version="1.0" encoding="utf-8"?><testsuites name="pytest tests"><testsuite name="pytest" errors="0" failures="0" skipped="0" tests="9" time="2.827" timestamp="2026-07-02T03:07:18.844828+00:00" hostname="agent-env-175ae4c2-6149-4664-927a-55e2d003c2dc"><testcase classname="backend.tests.test_iter_va_digital" name="test_va_digital_settings_get" time="0.585" /><testcase classname="backend.tests.test_iter_va_digital" name="test_pm_digital_settings_get_and_put_persists" time="0.547" /><testcase classname="backend.tests.test_iter_va_digital" name="test_va_create_cleaning_lead_missing_property_size_returns_400" time="0.056" /><testcase classname="backend.tests.test_iter_va_digital" name="test_va_create_digital_lead_no_property_size_required" time="0.056" /><testcase classname="backend.tests.test_iter_va_digital" name="test_pm_leads_category_digital_only" time="0.101" /><testcase classname="backend.tests.test_iter_va_digital" name="test_pm_leads_category_cleaning_excludes_digital" time="0.109" /><testcase classname="backend.tests.test_iter_va_digital" name="test_admin_move_digital_lead_through_stages_and_pay" time="0.328" /><testcase classname="backend.tests.test_iter_va_digital" name="test_admin_assign_delivery_va_and_va_projects_lists" time="0.896" /><testcase classname="backend.tests.test_iter_va_digital" name="test_va_can_fetch_assigned_digital_lead_detail" time="0.061" /></testsuite></testsuites>