<?xml version="1.0" encoding="utf-8"?><testsuites name="pytest tests"><testsuite name="pytest" errors="0" failures="0" skipped="0" tests="18" time="3.877" timestamp="2026-07-02T05:21:29.890157+00:00" hostname="agent-env-175ae4c2-6149-4664-927a-55e2d003c2dc"><testcase classname="backend.tests.test_iter55_rates_and_crm.TestCommissionSettings" name="test_get_settings_has_shape" time="0.408" /><testcase classname="backend.tests.test_iter55_rates_and_crm.TestCommissionSettings" name="test_put_deep_35_and_persists" time="0.094" /><testcase classname="backend.tests.test_iter55_rates_and_crm.TestCommissionSettings" name="test_put_rejects_unknown_key" time="0.048" /><testcase classname="backend.tests.test_iter55_rates_and_crm.TestCommissionSettings" name="test_put_rejects_bad_pct" time="0.045" /><testcase classname="backend.tests.test_iter55_rates_and_crm.TestVAOverrides" name="test_get_overrides_shape" time="0.050" /><testcase classname="backend.tests.test_iter55_rates_and_crm.TestVAOverrides" name="test_put_and_clear_overrides" time="0.104" /><testcase classname="backend.tests.test_iter55_rates_and_crm.TestVAOverrides" name="test_rejects_unknown_key" time="0.045" /><testcase classname="backend.tests.test_iter55_rates_and_crm.TestVAOverrides" name="test_bad_va_returns_404" time="0.046" /><testcase classname="backend.tests.test_iter55_rates_and_crm.TestOverrideAffectsCalc" name="test_digital_15_pct_yields_150" time="0.809" /><testcase classname="backend.tests.test_iter55_rates_and_crm.TestGlobalRateAffectsCalc" name="test_deep_flat_35" time="0.568" /><testcase classname="backend.tests.test_iter55_rates_and_crm.TestAdminCRMEndpoints" name="test_followup_endpoint" time="0.144" /><testcase classname="backend.tests.test_iter55_rates_and_crm.TestAdminCRMEndpoints" name="test_contact_endpoint_increments_count" time="0.143" /><testcase classname="backend.tests.test_iter55_rates_and_crm.TestAdminCRMEndpoints" name="test_comment_endpoint_and_va_notification" time="0.151" /><testcase classname="backend.tests.test_iter55_rates_and_crm.TestStageNotification" name="test_stage_move_creates_notification" time="0.140" /><testcase classname="backend.tests.test_iter55_rates_and_crm.TestVACRMEndpoints" name="test_va_owner_can_followup" time="0.097" /><testcase classname="backend.tests.test_iter55_rates_and_crm.TestVACRMEndpoints" name="test_va_owner_can_log_contact" time="0.096" /><testcase classname="backend.tests.test_iter55_rates_and_crm.TestVACRMEndpoints" name="test_va_owner_can_comment" time="0.098" /><testcase classname="backend.tests.test_iter55_rates_and_crm.TestVACRMEndpoints" name="test_va_cannot_touch_foreign_lead" time="0.683" /></testsuite></testsuites>