<?xml version="1.0" encoding="utf-8"?><testsuites name="pytest tests"><testsuite name="pytest" errors="0" failures="0" skipped="0" tests="12" time="2.728" timestamp="2026-07-03T02:48:21.089758+00:00" hostname="agent-env-175ae4c2-6149-4664-927a-55e2d003c2dc"><testcase classname="backend.tests.test_iter71_p0_security.TestCookieAndCors" name="test_login_cookie_flags" time="0.347" /><testcase classname="backend.tests.test_iter71_p0_security.TestCookieAndCors" name="test_cors_allowed_origin_localhost" time="0.002" /><testcase classname="backend.tests.test_iter71_p0_security.TestCookieAndCors" name="test_cors_blocked_evil_origin_localhost" time="0.002" /><testcase classname="backend.tests.test_iter71_p0_security.TestAuthMethods" name="test_cookie_auth_gigs" time="0.061" /><testcase classname="backend.tests.test_iter71_p0_security.TestAuthMethods" name="test_bearer_auth_gigs" time="0.172" /><testcase classname="backend.tests.test_iter71_p0_security.TestAuthMethods" name="test_admin_referrals_cookie" time="0.392" /><testcase classname="backend.tests.test_iter71_p0_security.TestAuthMethods" name="test_worker_referrals_cookie" time="0.078" /><testcase classname="backend.tests.test_iter71_p0_security.TestFileAuth" name="test_upload_then_query_param_rejected" time="0.849" /><testcase classname="backend.tests.test_iter71_p0_security.TestUploadValidation" name="test_html_as_jpg_rejected" time="0.048" /><testcase classname="backend.tests.test_iter71_p0_security.TestUploadValidation" name="test_real_png_accepted" time="0.359" /><testcase classname="backend.tests.test_iter71_p0_security.TestUploadValidation" name="test_message_attachment_rejects_non_image" time="0.050" /><testcase classname="backend.tests.test_iter71_p0_security.TestUploadValidation" name="test_message_attachment_accepts_real_image" time="0.282" /></testsuite></testsuites>