<?xml version="1.0" encoding="utf-8"?><testsuites name="pytest tests"><testsuite name="pytest" errors="0" failures="0" skipped="1" tests="99" time="58.823" timestamp="2026-06-16T08:06:22.482201+00:00" hostname="agent-env-175ae4c2-6149-4664-927a-55e2d003c2dc"><testcase classname="tests.test_iter28_refactor_regression.TestAuth" name="test_admin_login_shape" time="0.465" /><testcase classname="tests.test_iter28_refactor_regression.TestAuth" name="test_admin_me" time="0.043" /><testcase classname="tests.test_iter28_refactor_regression.TestAuth" name="test_worker_register_shape" time="0.401" /><testcase classname="tests.test_iter28_refactor_regression.TestGigs" name="test_list_gigs_admin" time="0.092" /><testcase classname="tests.test_iter28_refactor_regression.TestGigs" name="test_gig_detail_admin" time="0.042" /><testcase classname="tests.test_iter28_refactor_regression.TestGigs" name="test_list_gigs_worker" time="0.074" /><testcase classname="tests.test_iter28_refactor_regression.TestProjects" name="test_list_projects" time="0.048" /><testcase classname="tests.test_iter28_refactor_regression.TestProjects" name="test_project_detail" time="0.000"><skipped type="pytest.skip" message="no projects">/app/backend/tests/test_iter28_refactor_regression.py:128: no projects</skipped></testcase><testcase classname="tests.test_iter28_refactor_regression.TestAdmin" name="test_admin_stats" time="0.063" /><testcase classname="tests.test_iter28_refactor_regression.TestAdmin" name="test_admin_requests" time="0.043" /><testcase classname="tests.test_iter28_refactor_regression.TestAdmin" name="test_admin_settings" time="0.044" /><testcase classname="tests.test_iter28_refactor_regression.TestProfile" name="test_profile_options" time="0.043" /><testcase classname="tests.test_iter28_refactor_regression.TestMessages" name="test_threads_list" time="0.250" /><testcase classname="tests.test_iter28_refactor_regression.TestMessages" name="test_unread_count" time="0.161" /><testcase classname="tests.test_iter28_refactor_regression.TestMessages" name="test_worker_can_dm_admin" time="0.126" /><testcase classname="tests.test_iter28_refactor_regression.TestMessages" name="test_worker_cannot_dm_stranger_worker" time="0.398" /><testcase classname="tests.test_iter28_refactor_regression.TestFiles" name="test_files_unauth" time="0.101" /><testcase classname="tests.test_iter25_breaks" name="test_gig_create_with_break_minutes" time="0.430" /><testcase classname="tests.test_iter25_breaks" name="test_gig_create_default_break_is_zero" time="0.125" /><testcase classname="tests.test_iter25_breaks" name="test_gig_update_break_minutes" time="0.175" /><testcase classname="tests.test_iter25_breaks" name="test_clock_out_applies_gig_break" time="1.266" /><testcase classname="tests.test_iter25_breaks" name="test_per_worker_break_override" time="1.075" /><testcase classname="tests.test_iter25_breaks" name="test_zero_break_no_deduction" time="1.118" /><testcase classname="tests.test_iter25_breaks" name="test_flat_rate_ignores_break" time="1.084" /><testcase classname="tests.test_iter25_breaks" name="test_worker_me_earnings_exposes_break" time="1.167" /><testcase classname="tests.test_iter25_breaks" name="test_admin_timesheet_report_includes_break" time="1.107" /><testcase classname="tests.test_iter_projects.TestProjectsCRUD" name="test_login_works" time="0.424" /><testcase classname="tests.test_iter_projects.TestProjectsCRUD" name="test_create_validates_title" time="0.046" /><testcase classname="tests.test_iter_projects.TestProjectsCRUD" name="test_get_project_detail" time="0.094" /><testcase classname="tests.test_iter_projects.TestProjectsCRUD" name="test_list_active_includes_project" time="0.051" /><testcase classname="tests.test_iter_projects.TestProjectsCRUD" name="test_search_filter" time="0.050" /><testcase classname="tests.test_iter_projects.TestProjectsCRUD" name="test_update_project" time="0.046" /><testcase classname="tests.test_iter_projects.TestProjectNotes" name="test_add_and_delete_note" time="0.182" /><testcase classname="tests.test_iter_projects.TestProjectNotes" name="test_empty_note_rejected" time="0.048" /><testcase classname="tests.test_iter_projects.TestGigProjectLinking" name="test_gigs_show_up_in_project_detail" time="0.142" /><testcase classname="tests.test_iter_projects.TestGigProjectLinking" name="test_admin_gigs_list_enriched_with_project" time="0.094" /><testcase classname="tests.test_iter_projects.TestGigProjectLinking" name="test_admin_gig_detail_enriched" time="0.047" /><testcase classname="tests.test_iter_projects.TestGigProjectLinking" name="test_unlink_then_relink" time="0.202" /><testcase classname="tests.test_iter_projects.TestGigProjectLinking" name="test_link_to_nonexistent_project_404" time="0.046" /><testcase classname="tests.test_iter_projects.TestArchive" name="test_archive_unlinks_children_and_appears_in_archived_list" time="0.231" /><testcase classname="tests.test_iter_projects.TestWorkerProjectCard" name="test_worker_sees_project_card_with_siblings_and_crew" time="1.131" /><testcase classname="tests.test_iter_projects.TestWorkerProjectCard" name="test_worker_unlinked_gig_no_project" time="0.427" /><testcase classname="tests.test_iter34_tz_and_availability" name="test_availability_toggle_on_off_flow" time="2.193" /><testcase classname="tests.test_iter34_tz_and_availability" name="test_availability_custom_hours" time="0.791" /><testcase classname="tests.test_iter34_tz_and_availability" name="test_availability_non_worker_blocked" time="0.408" /><testcase classname="tests.test_iter34_tz_and_availability" name="test_admin_stats_includes_available_now" time="0.426" /><testcase classname="tests.test_iter34_tz_and_availability" name="test_gig_stores_scheduled_local" time="0.530" /><testcase classname="tests.test_iter34_tz_and_availability" name="test_recurring_uses_wall_clock_for_display" time="0.626" /><testcase classname="tests.test_iter35_backcompat" name="test_old_api_single_gig_without_scheduled_local" time="0.458" /><testcase classname="tests.test_iter35_backcompat" name="test_old_api_recurring_without_scheduled_local" time="0.943" /><testcase classname="tests.test_iter35_backcompat" name="test_workers_filter_admin_only" time="0.806" /><testcase classname="tests.test_iter36_blast_perf" name="test_blast_returns_fast_with_all_channels" time="0.601" /><testcase classname="tests.test_iter36_blast_perf" name="test_blast_inapp_only_still_works" time="0.827" /><testcase classname="tests.test_iter36_blast_perf" name="test_blast_log_includes_estimates" time="0.707" /><testcase classname="tests.test_backups_and_cancel" name="test_gig_create_with_backup_slots" time="0.644" /><testcase classname="tests.test_backups_and_cancel" name="test_approve_as_backup_via_endpoint" time="0.543" /><testcase classname="tests.test_backups_and_cancel" name="test_cancel_shift_auto_promotes_backup" time="0.701" /><testcase classname="tests.test_backups_and_cancel" name="test_cancel_shift_late_flagged" time="0.222" /><testcase classname="tests.test_backups_and_cancel" name="test_manual_promote_endpoint" time="0.573" /><testcase classname="tests.test_backups_and_cancel" name="test_reject_endpoint_still_works" time="0.410" /><testcase classname="tests.test_messenger" name="test_admin_to_admin_dm" time="1.108" /><testcase classname="tests.test_messenger" name="test_send_message_and_unread" time="1.678" /><testcase classname="tests.test_messenger" name="test_empty_message_rejected" time="0.149" /><testcase classname="tests.test_messenger" name="test_dm_with_self_rejected" time="0.091" /><testcase classname="tests.test_messenger" name="test_worker_cannot_dm_va" time="0.150" /><testcase classname="tests.test_messenger" name="test_gig_group_workers_can_access" time="0.492" /><testcase classname="tests.test_messenger" name="test_message_attachments_acl" time="1.283" /><testcase classname="tests.test_messenger" name="test_eligible_users_filters" time="0.237" /><testcase classname="tests.test_messenger" name="test_worker_cannot_dm_stranger_worker" time="0.136" /><testcase classname="tests.test_messenger" name="test_worker_can_dm_coworker" time="0.329" /><testcase classname="tests.test_messenger" name="test_worker_can_dm_past_coworker" time="0.289" /><testcase classname="tests.test_messenger" name="test_worker_can_always_dm_admin" time="0.241" /><testcase classname="tests.test_messenger" name="test_eligible_users_worker_with_coworkers" time="0.292" /><testcase classname="tests.test_va_commission" name="test_mechie_seeded" time="0.503" /><testcase classname="tests.test_va_commission" name="test_owner_flag_set" time="0.473" /><testcase classname="tests.test_va_commission" name="test_va_self_signup_is_pending" time="0.498" /><testcase classname="tests.test_va_commission" name="test_va_lead_submit_after_approval" time="0.994" /><testcase classname="tests.test_va_commission" name="test_duplicate_lead_block" time="1.156" /><testcase classname="tests.test_va_commission" name="test_self_referral_block" time="1.046" /><testcase classname="tests.test_va_commission" name="test_commission_lifecycle" time="2.043" /><testcase classname="tests.test_va_commission" name="test_va_dashboard_and_earnings" time="1.241" /><testcase classname="tests.test_va_commission" name="test_va_status_suspend_blocks_lead_submit" time="1.304" /><testcase classname="tests.test_va_commission" name="test_pm_violations_logged" time="1.018" /><testcase classname="tests.test_va_commission" name="test_commercial_account_revenue" time="1.392" /><testcase classname="tests.test_va_commission" name="test_owner_bulk_approve" time="2.056" /><testcase classname="tests.test_va_commission_extra" name="test_lead_requires_phone_or_email" time="1.546" /><testcase classname="tests.test_va_commission_extra" name="test_flag_requires_note" time="1.389" /><testcase classname="tests.test_va_commission_extra" name="test_reject" time="1.253" /><testcase classname="tests.test_va_commission_extra" name="test_mechie_blocked_on_owner_routes" time="1.866" /><testcase classname="tests.test_va_commission_extra" name="test_ro_admin_blocked_on_pm_mutations" time="0.474" /><testcase classname="tests.test_va_commission_extra" name="test_ro_admin_can_read" time="0.128" /><testcase classname="tests.test_va_commission_extra" name="test_weekly_report" time="0.055" /><testcase classname="tests.test_va_commission_extra" name="test_pm_list_vas" time="1.563" /><testcase classname="tests.test_va_commission_extra" name="test_pm_create_va_directly" time="0.274" /><testcase classname="tests.test_va_commission_extra" name="test_pm_delete_va" time="1.759" /><testcase classname="tests.test_va_commission_extra" name="test_routine_first_job_rate" time="1.331" /><testcase classname="tests.test_va_commission_extra" name="test_commercial_5pct_via_log_revenue" time="0.893" /><testcase classname="tests.test_va_commission_extra" name="test_legacy_gigs_get" time="0.088" /><testcase classname="tests.test_va_commission_extra" name="test_legacy_admin_stats" time="0.137" /></testsuite></testsuites>