<?xml version="1.0" encoding="utf-8"?><testsuites name="pytest tests"><testsuite name="pytest" errors="0" failures="0" skipped="0" tests="24" time="12.097" timestamp="2026-06-17T03:07:47.178833+00:00" hostname="agent-env-175ae4c2-6149-4664-927a-55e2d003c2dc"><testcase classname="backend.tests.test_iter39_blast_safety" name="test_kill_switch_endpoint_owner_only" time="0.487" /><testcase classname="backend.tests.test_iter39_blast_safety" name="test_kill_switch_blocks_blast" time="0.715" /><testcase classname="backend.tests.test_iter39_blast_safety" name="test_cooldown_blocks_repeat_blast" time="0.531" /><testcase classname="backend.tests.test_iter39_blast_safety" name="test_blast_audit_endpoint" time="0.560" /><testcase classname="backend.tests.test_iter39_blast_safety" name="test_fanout_dedupes_workers_by_email" time="0.388" /><testcase classname="backend.tests.test_iter39_blast_safety" name="test_fanout_kill_switch_aborts" time="0.002" /><testcase classname="backend.tests.test_iter39_blast_safety_extra" name="test_non_owner_admin_cannot_toggle_kill_switch" time="0.486" /><testcase classname="backend.tests.test_iter39_blast_safety_extra" name="test_kill_switch_get_returns_full_shape" time="0.544" /><testcase classname="backend.tests.test_iter39_blast_safety_extra" name="test_kill_switch_blocks_project_blast" time="0.832" /><testcase classname="backend.tests.test_iter39_blast_safety_extra" name="test_cooldown_is_per_gig_not_global" time="0.737" /><testcase classname="backend.tests.test_iter39_blast_safety_extra" name="test_project_blast_cooldown" time="0.650" /><testcase classname="backend.tests.test_iter39_blast_safety_extra" name="test_in_app_only_blast_no_background_task" time="0.612" /><testcase classname="backend.tests.test_iter39_blast_safety_extra" name="test_full_channel_blast_returns_fast_and_queued" time="0.562" /><testcase classname="backend.tests.test_iter39_blast_safety_extra" name="test_zzz_final_kill_switch_is_off" time="0.562" /><testcase classname="backend.tests.test_iter40_dm_companion" name="test_kill_switch_off_at_start" time="0.598" /><testcase classname="backend.tests.test_iter40_dm_companion" name="test_admin_open_dm_with_worker" time="1.299" /><testcase classname="backend.tests.test_iter40_dm_companion" name="test_admin_send_dm_with_email_sms_channels" time="0.400" /><testcase classname="backend.tests.test_iter40_dm_companion" name="test_worker_send_dm_with_channels_silently_ignored" time="0.277" /><testcase classname="backend.tests.test_iter40_dm_companion" name="test_send_dm_no_channels_works" time="0.166" /><testcase classname="backend.tests.test_iter40_dm_companion" name="test_threads_list_and_unread_count" time="0.872" /><testcase classname="backend.tests.test_iter40_dm_companion" name="test_mark_thread_read" time="0.094" /><testcase classname="backend.tests.test_iter40_dm_companion" name="test_kill_switch_blocks_companion_email" time="0.187" /><testcase classname="backend.tests.test_iter40_dm_companion" name="test_companion_only_on_dm_not_gig_group" time="0.272" /><testcase classname="backend.tests.test_iter40_dm_companion" name="test_empty_message_rejected" time="0.125" /></testsuite></testsuites>