<?xml version="1.0" encoding="utf-8"?><testsuites name="pytest tests"><testsuite name="pytest" errors="0" failures="0" skipped="0" tests="8" time="27.286" timestamp="2026-06-16T11:54:56.805311+00:00" hostname="agent-env-175ae4c2-6149-4664-927a-55e2d003c2dc"><testcase classname="tests.test_iter39_blast_safety_extra" name="test_non_owner_admin_cannot_toggle_kill_switch" time="22.701" /><testcase classname="tests.test_iter39_blast_safety_extra" name="test_kill_switch_get_returns_full_shape" time="0.562" /><testcase classname="tests.test_iter39_blast_safety_extra" name="test_kill_switch_blocks_project_blast" time="0.800" /><testcase classname="tests.test_iter39_blast_safety_extra" name="test_cooldown_is_per_gig_not_global" time="0.763" /><testcase classname="tests.test_iter39_blast_safety_extra" name="test_project_blast_cooldown" time="0.634" /><testcase classname="tests.test_iter39_blast_safety_extra" name="test_in_app_only_blast_no_background_task" time="0.558" /><testcase classname="tests.test_iter39_blast_safety_extra" name="test_full_channel_blast_returns_fast_and_queued" time="0.622" /><testcase classname="tests.test_iter39_blast_safety_extra" name="test_zzz_final_kill_switch_is_off" time="0.559" /></testsuite></testsuites>