<?xml version="1.0" encoding="utf-8"?><testsuites name="pytest tests"><testsuite name="pytest" errors="0" failures="0" skipped="0" tests="14" time="6.146" timestamp="2026-06-09T04:25:24.395432+00:00" hostname="agent-env-175ae4c2-6149-4664-927a-55e2d003c2dc"><testcase classname="backend.tests.test_va_commission_extra" name="test_lead_requires_phone_or_email" time="0.836" /><testcase classname="backend.tests.test_va_commission_extra" name="test_flag_requires_note" time="0.833" /><testcase classname="backend.tests.test_va_commission_extra" name="test_reject" time="0.706" /><testcase classname="backend.tests.test_va_commission_extra" name="test_mechie_blocked_on_owner_routes" time="1.098" /><testcase classname="backend.tests.test_va_commission_extra" name="test_ro_admin_blocked_on_pm_mutations" time="0.430" /><testcase classname="backend.tests.test_va_commission_extra" name="test_ro_admin_can_read" time="0.053" /><testcase classname="backend.tests.test_va_commission_extra" name="test_weekly_report" time="0.057" /><testcase classname="backend.tests.test_va_commission_extra" name="test_pm_list_vas" time="0.083" /><testcase classname="backend.tests.test_va_commission_extra" name="test_pm_create_va_directly" time="0.272" /><testcase classname="backend.tests.test_va_commission_extra" name="test_pm_delete_va" time="0.434" /><testcase classname="backend.tests.test_va_commission_extra" name="test_routine_first_job_rate" time="0.619" /><testcase classname="backend.tests.test_va_commission_extra" name="test_commercial_5pct_via_log_revenue" time="0.502" /><testcase classname="backend.tests.test_va_commission_extra" name="test_legacy_gigs_get" time="0.073" /><testcase classname="backend.tests.test_va_commission_extra" name="test_legacy_admin_stats" time="0.074" /></testsuite></testsuites>