<?xml version="1.0" encoding="utf-8"?><testsuites name="pytest tests"><testsuite name="pytest" errors="0" failures="1" skipped="0" tests="10" time="4.452" timestamp="2026-06-16T08:08:38.112576+00:00" hostname="agent-env-175ae4c2-6149-4664-927a-55e2d003c2dc"><testcase classname="tests.test_iter37_va_lifecycle_owner_gate_projects_pii.TestVACommissionFullLifecycle" name="test_full_lifecycle_with_double_pay_guard" time="2.008" /><testcase classname="tests.test_iter37_va_lifecycle_owner_gate_projects_pii.TestVACommissionFullLifecycle" name="test_owner_approve_requires_pm_approved_first" time="0.820" /><testcase classname="tests.test_iter37_va_lifecycle_owner_gate_projects_pii.TestVACommissionFullLifecycle" name="test_mark_paid_requires_owner_approved_first" time="1.121" /><testcase classname="tests.test_iter37_va_lifecycle_owner_gate_projects_pii.TestOwnerPermissionGate" name="test_non_owner_admin_blocked[GET-/owner/dashboard-None]" time="0.043" /><testcase classname="tests.test_iter37_va_lifecycle_owner_gate_projects_pii.TestOwnerPermissionGate" name="test_non_owner_admin_blocked[GET-/owner/payouts/queue-None]" time="0.044" /><testcase classname="tests.test_iter37_va_lifecycle_owner_gate_projects_pii.TestOwnerPermissionGate" name="test_non_owner_admin_blocked[POST-/owner/payouts/fake_commission_id/approve-json_body2]" time="0.045" /><testcase classname="tests.test_iter37_va_lifecycle_owner_gate_projects_pii.TestOwnerPermissionGate" name="test_non_owner_admin_blocked[POST-/owner/payouts/bulk-approve-json_body3]" time="0.082" /><testcase classname="tests.test_iter37_va_lifecycle_owner_gate_projects_pii.TestOwnerPermissionGate" name="test_non_owner_admin_blocked[POST-/owner/payouts/fake_commission_id/mark-paid-json_body4]" time="0.043" /><testcase classname="tests.test_iter37_va_lifecycle_owner_gate_projects_pii.TestOwnerPermissionGate" name="test_owner_can_hit_dashboard" time="0.051" /><testcase classname="tests.test_iter37_va_lifecycle_owner_gate_projects_pii.TestProjectsWorkerViewPII" name="test_crew_hidden_until_worker_approved_on_gig" time="0.089"><failure message="AssertionError: {&quot;detail&quot;:[{&quot;type&quot;:&quot;missing&quot;,&quot;loc&quot;:[&quot;body&quot;,&quot;location&quot;],&quot;msg&quot;:&quot;Field required&quot;,&quot;input&quot;:{&quot;title&quot;:&quot;Iter37 Gig A&quot;,&quot;description&quot;:&quot;structure check&quot;,&quot;category&quot;:&quot;cleaning&quot;,&quot;location_city&quot;:&quot;Baltimore&quot;,&quot;scheduled_local&quot;:&quot;2026-06-01T09:00&quot;,&quot;payment_amount&quot;:100,&quot;duration_hours&quot;:2,&quot;slots&quot;:2},&quot;url&quot;:&quot;https://errors.pydantic.dev/2.13/v/missing&quot;},{&quot;type&quot;:&quot;missing&quot;,&quot;loc&quot;:[&quot;body&quot;,&quot;scheduled_date&quot;],&quot;msg&quot;:&quot;Field required&quot;,&quot;input&quot;:{&quot;title&quot;:&quot;Iter37 Gig A&quot;,&quot;description&quot;:&quot;structure check&quot;,&quot;category&quot;:&quot;cleaning&quot;,&quot;location_city&quot;:&quot;Baltimore&quot;,&quot;scheduled_local&quot;:&quot;2026-06-01T09:00&quot;,&quot;payment_amount&quot;:100,&quot;duration_hours&quot;:2,&quot;slots&quot;:2},&quot;url&quot;:&quot;https://errors.pydantic.dev/2.13/v/missing&quot;},{&quot;type&quot;:&quot;missing&quot;,&quot;loc&quot;:[&quot;body&quot;,&quot;pay_rate&quot;],&quot;msg&quot;:&quot;Field required&quot;,&quot;input&quot;:{&quot;title&quot;:&quot;Iter37 Gig A&quot;,&quot;description&quot;:&quot;structure check&quot;,&quot;category&quot;:&quot;cleaning&quot;,&quot;location_city&quot;:&quot;Baltimore&quot;,&quot;scheduled_local&quot;:&quot;2026-06-01T09:00&quot;,&quot;payment_amount&quot;:100,&quot;duration_hours&quot;:2,&quot;slots&quot;:2},&quot;url&quot;:&quot;https://errors.pydantic.dev/2.13/v/missing&quot;},{&quot;type&quot;:&quot;missing&quot;,&quot;loc&quot;:[&quot;body&quot;,&quot;pay_type&quot;],&quot;msg&quot;:&quot;Field required&quot;,&quot;input&quot;:{&quot;title&quot;:&quot;Iter37 Gig A&quot;,&quot;description&quot;:&quot;structure check&quot;,&quot;category&quot;:&quot;cleaning&quot;,&quot;location_city&quot;:&quot;Baltimore&quot;,&quot;scheduled_local&quot;:&quot;2026-06-01T09:00&quot;,&quot;payment_amount&quot;:100,&quot;duration_hours&quot;:2,&quot;slots&quot;:2},&quot;url&quot;:&quot;https://errors.pydantic.dev/2.13/v/missing&quot;}]}&#10;assert 422 == 200&#10; +  where 422 = &lt;Response [422]&gt;.status_code">tests/test_iter37_va_lifecycle_owner_gate_projects_pii.py:335: in test_crew_hidden_until_worker_approved_on_gig
    assert r.status_code == 200, r.text
E   AssertionError: {"detail":[{"type":"missing","loc":["body","location"],"msg":"Field required","input":{"title":"Iter37 Gig A","description":"structure check","category":"cleaning","location_city":"Baltimore","scheduled_local":"2026-06-01T09:00","payment_amount":100,"duration_hours":2,"slots":2},"url":"https://errors.pydantic.dev/2.13/v/missing"},{"type":"missing","loc":["body","scheduled_date"],"msg":"Field required","input":{"title":"Iter37 Gig A","description":"structure check","category":"cleaning","location_city":"Baltimore","scheduled_local":"2026-06-01T09:00","payment_amount":100,"duration_hours":2,"slots":2},"url":"https://errors.pydantic.dev/2.13/v/missing"},{"type":"missing","loc":["body","pay_rate"],"msg":"Field required","input":{"title":"Iter37 Gig A","description":"structure check","category":"cleaning","location_city":"Baltimore","scheduled_local":"2026-06-01T09:00","payment_amount":100,"duration_hours":2,"slots":2},"url":"https://errors.pydantic.dev/2.13/v/missing"},{"type":"missing","loc":["body","pay_type"],"msg":"Field required","input":{"title":"Iter37 Gig A","description":"structure check","category":"cleaning","location_city":"Baltimore","scheduled_local":"2026-06-01T09:00","payment_amount":100,"duration_hours":2,"slots":2},"url":"https://errors.pydantic.dev/2.13/v/missing"}]}
E   assert 422 == 200
E    +  where 422 = &lt;Response [422]&gt;.status_code</failure></testcase></testsuite></testsuites>