<?xml version="1.0" encoding="utf-8"?><testsuites name="pytest tests"><testsuite name="pytest" errors="0" failures="0" skipped="0" tests="8" time="1.667" timestamp="2026-07-10T01:18:43.128466+00:00" hostname="agent-env-175ae4c2-6149-4664-927a-55e2d003c2dc"><testcase classname="backend.tests.test_worker_payments_and_pipeline.TestApproveTimesheet" name="test_approve_timesheet" time="0.433" /><testcase classname="backend.tests.test_worker_payments_and_pipeline.TestWorkerPaymentsList" name="test_list_unpaid_shows_fixture" time="0.046" /><testcase classname="backend.tests.test_worker_payments_and_pipeline.TestWorkerPaymentsList" name="test_filter_paid_excludes_unpaid" time="0.046" /><testcase classname="backend.tests.test_worker_payments_and_pipeline.TestMarkPaid" name="test_mark_paid_creates_ledger_and_notification" time="0.049" /><testcase classname="backend.tests.test_worker_payments_and_pipeline.TestMarkPaid" name="test_ledger_endpoint_shows_entry" time="0.055" /><testcase classname="backend.tests.test_worker_payments_and_pipeline.TestMarkPaid" name="test_mark_paid_idempotent" time="0.045" /><testcase classname="backend.tests.test_worker_payments_and_pipeline.TestMarkPaid" name="test_mark_paid_not_approved" time="0.044" /><testcase classname="backend.tests.test_worker_payments_and_pipeline.TestLostLeadRecovery" name="test_move_to_lost_then_recover" time="0.790" /></testsuite></testsuites>