<?xml version="1.0" encoding="utf-8"?><testsuites name="pytest tests"><testsuite name="pytest" errors="0" failures="0" skipped="0" tests="10" time="3.348" timestamp="2026-06-16T15:52:46.000700+00:00" hostname="agent-env-175ae4c2-6149-4664-927a-55e2d003c2dc"><testcase classname="tests.test_iter40_dm_companion" name="test_kill_switch_off_at_start" time="0.600" /><testcase classname="tests.test_iter40_dm_companion" name="test_admin_open_dm_with_worker" time="0.849" /><testcase classname="tests.test_iter40_dm_companion" name="test_admin_send_dm_with_email_sms_channels" time="0.385" /><testcase classname="tests.test_iter40_dm_companion" name="test_worker_send_dm_with_channels_silently_ignored" time="0.207" /><testcase classname="tests.test_iter40_dm_companion" name="test_send_dm_no_channels_works" time="0.117" /><testcase classname="tests.test_iter40_dm_companion" name="test_threads_list_and_unread_count" time="0.411" /><testcase classname="tests.test_iter40_dm_companion" name="test_mark_thread_read" time="0.111" /><testcase classname="tests.test_iter40_dm_companion" name="test_kill_switch_blocks_companion_email" time="0.212" /><testcase classname="tests.test_iter40_dm_companion" name="test_companion_only_on_dm_not_gig_group" time="0.259" /><testcase classname="tests.test_iter40_dm_companion" name="test_empty_message_rejected" time="0.113" /></testsuite></testsuites>