<?xml version="1.0" encoding="utf-8"?><testsuites name="pytest tests"><testsuite name="pytest" errors="0" failures="0" skipped="0" tests="16" time="10.943" timestamp="2026-05-31T01:06:13.099600+00:00" hostname="agent-env-175ae4c2-6149-4664-927a-55e2d003c2dc"><testcase classname="backend.tests.test_iter5.TestAdminResetPassword" name="test_reset_generates_temp_password_and_kills_sessions" time="1.588" /><testcase classname="backend.tests.test_iter5.TestAdminResetPassword" name="test_reset_custom_password" time="0.949" /><testcase classname="backend.tests.test_iter5.TestAdminResetPassword" name="test_reset_short_password_400" time="0.378" /><testcase classname="backend.tests.test_iter5.TestAdminResetPassword" name="test_reset_on_admin_400" time="0.096" /><testcase classname="backend.tests.test_iter5.TestAdminResetPassword" name="test_reset_on_missing_user_404" time="0.049" /><testcase classname="backend.tests.test_iter5.TestDeleteWorker" name="test_delete_releases_gig_slot_and_reopens" time="0.685" /><testcase classname="backend.tests.test_iter5.TestDeleteWorker" name="test_delete_admin_returns_400" time="0.050" /><testcase classname="backend.tests.test_iter5.TestDeleteWorker" name="test_delete_missing_returns_404" time="0.050" /><testcase classname="backend.tests.test_iter5.TestChangePassword" name="test_change_password_success_session_preserved" time="1.195" /><testcase classname="backend.tests.test_iter5.TestChangePassword" name="test_change_password_wrong_current_401" time="0.632" /><testcase classname="backend.tests.test_iter5.TestChangePassword" name="test_change_password_short_new_422" time="0.414" /><testcase classname="backend.tests.test_iter5.TestClockInOut" name="test_full_clock_flow" time="1.977" /><testcase classname="backend.tests.test_iter5.TestClockInOut" name="test_clock_in_without_acceptance_400" time="0.450" /><testcase classname="backend.tests.test_iter5.TestClockInOut" name="test_clock_out_without_clock_in_400" time="0.498" /><testcase classname="backend.tests.test_iter5.TestClockInOut" name="test_admin_cannot_clock_in_or_out" time="0.150" /><testcase classname="backend.tests.test_iter5.TestAdminWorkerDetailEnrichment" name="test_accepted_gigs_enriched" time="1.696" /></testsuite></testsuites>