<?xml version="1.0" encoding="utf-8"?><testsuites name="pytest tests"><testsuite name="pytest" errors="0" failures="0" skipped="0" tests="115" time="109.317" timestamp="2026-05-31T11:44:24.257733+00:00" hostname="agent-env-175ae4c2-6149-4664-927a-55e2d003c2dc"><testcase classname="backend.tests.backend_test" name="test_root_health" time="0.137" /><testcase classname="backend.tests.backend_test" name="test_admin_login_sets_cookie" time="0.323" /><testcase classname="backend.tests.backend_test" name="test_auth_me_with_cookie" time="0.047" /><testcase classname="backend.tests.backend_test" name="test_legacy_admin_login_still_works" time="0.379" /><testcase classname="backend.tests.backend_test" name="test_register_admin_role_is_silently_downgraded_to_worker" time="0.409" /><testcase classname="backend.tests.backend_test" name="test_duplicate_register_fails" time="1.093" /><testcase classname="backend.tests.backend_test" name="test_login_wrong_password_returns_401" time="0.319" /><testcase classname="backend.tests.backend_test" name="test_logout" time="1.100" /><testcase classname="backend.tests.backend_test" name="test_create_cleaning_gig" time="0.048" /><testcase classname="backend.tests.backend_test" name="test_create_labor_gig" time="0.045" /><testcase classname="backend.tests.backend_test" name="test_create_driver_gig" time="0.044" /><testcase classname="backend.tests.backend_test" name="test_worker_cannot_create_gig" time="0.047" /><testcase classname="backend.tests.backend_test" name="test_worker_list_gigs_only_open" time="0.050" /><testcase classname="backend.tests.backend_test" name="test_filter_by_category" time="0.049" /><testcase classname="backend.tests.backend_test" name="test_get_gig_worker_has_my_acceptance" time="0.053" /><testcase classname="backend.tests.backend_test" name="test_get_gig_admin_has_acceptances" time="0.045" /><testcase classname="backend.tests.backend_test" name="test_accept_gig" time="0.100" /><testcase classname="backend.tests.backend_test" name="test_accept_duplicate_fails" time="0.046" /><testcase classname="backend.tests.backend_test" name="test_withdraw_gig" time="0.103" /><testcase classname="backend.tests.backend_test" name="test_filled_status_when_slots_full" time="0.165" /><testcase classname="backend.tests.backend_test" name="test_blast_in_app" time="0.099" /><testcase classname="backend.tests.backend_test" name="test_blast_email_sms_graceful" time="0.057" /><testcase classname="backend.tests.backend_test" name="test_blast_increments_count" time="0.048" /><testcase classname="backend.tests.backend_test" name="test_notifications_list" time="0.050" /><testcase classname="backend.tests.backend_test" name="test_profile_update" time="0.048" /><testcase classname="backend.tests.backend_test" name="test_upload_avatar" time="0.189" /><testcase classname="backend.tests.backend_test" name="test_upload_id" time="0.156" /><testcase classname="backend.tests.backend_test" name="test_file_access_owner" time="0.151" /><testcase classname="backend.tests.backend_test" name="test_file_access_admin" time="0.147" /><testcase classname="backend.tests.backend_test" name="test_file_access_other_worker_forbidden" time="0.530" /><testcase classname="backend.tests.backend_test" name="test_admin_list_workers" time="0.062" /><testcase classname="backend.tests.backend_test" name="test_admin_get_worker" time="0.097" /><testcase classname="backend.tests.backend_test" name="test_admin_verify_id" time="0.155" /><testcase classname="backend.tests.backend_test" name="test_admin_stats" time="0.048" /><testcase classname="backend.tests.backend_test" name="test_worker_cannot_access_admin" time="0.104" /><testcase classname="backend.tests.backend_test" name="test_delete_gig" time="0.227" /><testcase classname="backend.tests.test_admin_settings" name="test_settings_requires_auth" time="0.432" /><testcase classname="backend.tests.test_admin_settings" name="test_settings_forbidden_for_worker" time="0.411" /><testcase classname="backend.tests.test_admin_settings" name="test_settings_put_forbidden_for_worker" time="0.048" /><testcase classname="backend.tests.test_admin_settings" name="test_settings_test_forbidden_for_worker" time="0.046" /><testcase classname="backend.tests.test_admin_settings" name="test_get_settings_shape_when_empty" time="0.089" /><testcase classname="backend.tests.test_admin_settings" name="test_put_resend_then_get_shows_last4_and_ready" time="0.137" /><testcase classname="backend.tests.test_admin_settings" name="test_partial_update_omitted_field_unchanged" time="0.087" /><testcase classname="backend.tests.test_admin_settings" name="test_overwrite_resend_key_updates_last4" time="0.119" /><testcase classname="backend.tests.test_admin_settings" name="test_clear_resend_with_empty_string" time="0.086" /><testcase classname="backend.tests.test_admin_settings" name="test_save_all_twilio_makes_sms_ready" time="0.091" /><testcase classname="backend.tests.test_admin_settings" name="test_clear_sid_and_token_resets_sms_ready" time="0.087" /><testcase classname="backend.tests.test_admin_settings" name="test_test_email_400_when_no_key" time="0.105" /><testcase classname="backend.tests.test_admin_settings" name="test_test_email_400_with_fake_key" time="0.263" /><testcase classname="backend.tests.test_admin_settings" name="test_test_sms_400_when_incomplete" time="0.112" /><testcase classname="backend.tests.test_admin_settings" name="test_blast_uses_db_resend_key_and_degrades_gracefully" time="55.811" /><testcase classname="backend.tests.test_calendar.TestScheduledAtPersistence" name="test_create_with_scheduled_at_persists" time="0.836" /><testcase classname="backend.tests.test_calendar.TestScheduledAtPersistence" name="test_create_without_scheduled_at_succeeds" time="0.426" /><testcase classname="backend.tests.test_calendar.TestScheduledAtPersistence" name="test_list_gigs_returns_scheduled_at_unchanged" time="0.474" /><testcase classname="backend.tests.test_calendar.TestStatusAllFilter" name="test_status_all_returns_open_and_filled" time="1.727" /><testcase classname="backend.tests.test_calendar.TestStatusAllFilter" name="test_status_open_only" time="0.378" /><testcase classname="backend.tests.test_calendar.TestStatusAllFilter" name="test_status_filled_only" time="0.370" /><testcase classname="backend.tests.test_calendar.TestStatusAllFilter" name="test_worker_no_param_returns_only_open" time="0.506" /><testcase classname="backend.tests.test_calendar.TestStatusAllFilter" name="test_worker_status_all_sees_filled_and_acceptance_attached" time="0.570" /><testcase classname="backend.tests.test_iter5.TestAdminResetPassword" name="test_reset_generates_temp_password_and_kills_sessions" time="2.094" /><testcase classname="backend.tests.test_iter5.TestAdminResetPassword" name="test_reset_custom_password" time="1.550" /><testcase classname="backend.tests.test_iter5.TestAdminResetPassword" name="test_reset_short_password_400" time="1.029" /><testcase classname="backend.tests.test_iter5.TestAdminResetPassword" name="test_reset_on_admin_400" time="0.089" /><testcase classname="backend.tests.test_iter5.TestAdminResetPassword" name="test_reset_on_missing_user_404" time="0.045" /><testcase classname="backend.tests.test_iter5.TestDeleteWorker" name="test_delete_releases_gig_slot_and_reopens" time="1.394" /><testcase classname="backend.tests.test_iter5.TestDeleteWorker" name="test_delete_admin_returns_400" time="0.044" /><testcase classname="backend.tests.test_iter5.TestDeleteWorker" name="test_delete_missing_returns_404" time="0.045" /><testcase classname="backend.tests.test_iter5.TestChangePassword" name="test_change_password_success_session_preserved" time="1.763" /><testcase classname="backend.tests.test_iter5.TestChangePassword" name="test_change_password_wrong_current_401" time="1.169" /><testcase classname="backend.tests.test_iter5.TestChangePassword" name="test_change_password_short_new_422" time="0.996" /><testcase classname="backend.tests.test_iter5.TestClockInOut" name="test_full_clock_flow" time="2.505" /><testcase classname="backend.tests.test_iter5.TestClockInOut" name="test_clock_in_without_acceptance_400" time="1.028" /><testcase classname="backend.tests.test_iter5.TestClockInOut" name="test_clock_out_without_clock_in_400" time="1.068" /><testcase classname="backend.tests.test_iter5.TestClockInOut" name="test_admin_cannot_clock_in_or_out" time="0.130" /><testcase classname="backend.tests.test_iter5.TestAdminWorkerDetailEnrichment" name="test_accepted_gigs_enriched" time="2.310" /><testcase classname="backend.tests.test_iter6.TestAddressLinePrivacy" name="test_create_persists_address_line" time="0.486" /><testcase classname="backend.tests.test_iter6.TestAddressLinePrivacy" name="test_worker_list_hides_address_line" time="0.462" /><testcase classname="backend.tests.test_iter6.TestAddressLinePrivacy" name="test_worker_detail_hides_then_reveals" time="0.828" /><testcase classname="backend.tests.test_iter6.TestVerificationGate" name="test_no_id_uploaded_blocks_accept" time="0.518" /><testcase classname="backend.tests.test_iter6.TestVerificationGate" name="test_uploaded_but_unverified_blocks_accept" time="0.698" /><testcase classname="backend.tests.test_iter6.TestVerificationGate" name="test_verified_can_accept_and_sees_address" time="0.805" /><testcase classname="backend.tests.test_iter6.TestEditGig" name="test_admin_partial_update" time="0.138" /><testcase classname="backend.tests.test_iter6.TestEditGig" name="test_admin_clears_address_line_with_null" time="0.186" /><testcase classname="backend.tests.test_iter6.TestEditGig" name="test_cannot_reduce_slots_below_filled" time="0.783" /><testcase classname="backend.tests.test_iter6.TestEditGig" name="test_increasing_slots_on_filled_flips_to_open" time="0.887" /><testcase classname="backend.tests.test_iter6.TestEditGig" name="test_reducing_slots_to_filled_count_sets_filled" time="0.870" /><testcase classname="backend.tests.test_iter6.TestEditGig" name="test_worker_put_forbidden" time="0.459" /><testcase classname="backend.tests.test_iter6.TestDuplicateGig" name="test_admin_duplicate_resets_state" time="0.869" /><testcase classname="backend.tests.test_iter6.TestDuplicateGig" name="test_duplicate_does_not_double_copy_suffix" time="0.184" /><testcase classname="backend.tests.test_iter6.TestDuplicateGig" name="test_worker_duplicate_forbidden" time="0.514" /><testcase classname="backend.tests.test_iter6.TestDuplicateGig" name="test_duplicate_nonexistent_returns_404" time="0.050" /><testcase classname="backend.tests.test_iter7.TestWorkerApprovalGate" name="test_register_defaults_to_pending" time="0.376" /><testcase classname="backend.tests.test_iter7.TestWorkerApprovalGate" name="test_pending_cannot_accept_gig" time="1.005" /><testcase classname="backend.tests.test_iter7.TestWorkerApprovalGate" name="test_approve_sets_approved" time="0.463" /><testcase classname="backend.tests.test_iter7.TestWorkerApprovalGate" name="test_reject_kills_sessions" time="0.500" /><testcase classname="backend.tests.test_iter7.TestWorkerApprovalGate" name="test_rejected_worker_accept_blocked" time="0.988" /><testcase classname="backend.tests.test_iter7.TestWorkerApprovalGate" name="test_suspend_kills_sessions" time="0.502" /><testcase classname="backend.tests.test_iter7.TestWorkerApprovalGate" name="test_suspended_worker_accept_blocked" time="1.004" /><testcase classname="backend.tests.test_iter7.TestWorkerApprovalGate" name="test_reinstate_lifts_suspension" time="0.431" /><testcase classname="backend.tests.test_iter7.TestWorkerApprovalGate" name="test_status_endpoints_reject_admin" time="0.237" /><testcase classname="backend.tests.test_iter7.TestWorkerApprovalGate" name="test_status_endpoints_404" time="0.260" /><testcase classname="backend.tests.test_iter7.TestWorkerApprovalGate" name="test_status_endpoints_forbid_non_admin" time="0.874" /><testcase classname="backend.tests.test_iter7.TestWorkerApprovalGate" name="test_legacy_no_worker_status_treated_approved" time="0.764" /><testcase classname="backend.tests.test_iter7.TestWorkerListFilter" name="test_status_filter_pending" time="0.459" /><testcase classname="backend.tests.test_iter7.TestWorkerListFilter" name="test_status_filter_approved_includes_legacy" time="0.425" /><testcase classname="backend.tests.test_iter7.TestWorkerListFilter" name="test_status_filter_rejected" time="0.424" /><testcase classname="backend.tests.test_iter7.TestWorkerListFilter" name="test_status_filter_suspended" time="0.419" /><testcase classname="backend.tests.test_iter7.TestWorkerListFilter" name="test_admin_stats_pending_approval" time="0.373" /><testcase classname="backend.tests.test_iter7.TestRecurringGigs" name="test_weekly_repeat_4" time="0.274" /><testcase classname="backend.tests.test_iter7.TestRecurringGigs" name="test_daily_repeat_3" time="0.249" /><testcase classname="backend.tests.test_iter7.TestRecurringGigs" name="test_biweekly_repeat_2" time="0.184" /><testcase classname="backend.tests.test_iter7.TestRecurringGigs" name="test_monthly_repeat_3" time="0.236" /><testcase classname="backend.tests.test_iter7.TestRecurringGigs" name="test_recurrence_none" time="0.090" /><testcase classname="backend.tests.test_iter7.TestRecurringGigs" name="test_repeat_count_clamped_max_52" time="2.546" /><testcase classname="backend.tests.test_iter7.TestRecurringGigs" name="test_recurrence_without_scheduled_at_falls_back" time="0.091" /></testsuite></testsuites>