<?xml version="1.0" encoding="utf-8"?><testsuites name="pytest tests"><testsuite name="pytest" errors="0" failures="0" skipped="0" tests="8" time="7.684" timestamp="2026-05-31T12:57:29.068458+00:00" hostname="agent-env-175ae4c2-6149-4664-927a-55e2d003c2dc"><testcase classname="backend.tests.test_iter9.TestAuthorization" name="test_unauthenticated_returns_401" time="0.180" /><testcase classname="backend.tests.test_iter9.TestAuthorization" name="test_worker_caller_returns_403" time="0.774" /><testcase classname="backend.tests.test_iter9.TestEnrichmentAndOrdering" name="test_pending_request_shows_up_enriched" time="0.871" /><testcase classname="backend.tests.test_iter9.TestEnrichmentAndOrdering" name="test_sorted_oldest_first" time="2.788" /><testcase classname="backend.tests.test_iter9.TestRemovedAfterAction" name="test_approve_removes_from_queue_and_stats" time="1.018" /><testcase classname="backend.tests.test_iter9.TestRemovedAfterAction" name="test_reject_removes_from_queue_and_stats" time="1.006" /><testcase classname="backend.tests.test_iter9.TestStatsParity" name="test_count_matches_queue_length" time="0.091" /><testcase classname="backend.tests.test_iter9.TestRegressionPerGigPending" name="test_per_gig_pending_requests_still_populated" time="0.874" /></testsuite></testsuites>