<?xml version="1.0" encoding="utf-8"?><testsuites name="pytest tests"><testsuite name="pytest" errors="0" failures="0" skipped="0" tests="17" time="4.355" timestamp="2026-06-17T08:49:43.834173+00:00" hostname="agent-env-175ae4c2-6149-4664-927a-55e2d003c2dc"><testcase classname="backend.tests.test_iter42_va_success.TestVADashboardEnhanced" name="test_dashboard_shape" time="1.085" /><testcase classname="backend.tests.test_iter42_va_success.TestStaleLeads" name="test_stale_leads_surfaces_backdated_lead" time="0.244" /><testcase classname="backend.tests.test_iter42_va_success.TestStaleLeads" name="test_stale_leads_forbidden_for_admin" time="0.041" /><testcase classname="backend.tests.test_iter42_va_success.TestLeaderboard" name="test_leaderboard_default_month" time="0.045" /><testcase classname="backend.tests.test_iter42_va_success.TestLeaderboard" name="test_leaderboard_period_toggle" time="0.138" /><testcase classname="backend.tests.test_iter42_va_success.TestLeaderboard" name="test_va2_is_self_only_for_va2" time="0.696" /><testcase classname="backend.tests.test_iter42_va_success.TestTemplates" name="test_pm_create_list_archive_delete" time="0.298" /><testcase classname="backend.tests.test_iter42_va_success.TestTemplates" name="test_va_templates_lists_only_active" time="0.245" /><testcase classname="backend.tests.test_iter42_va_success.TestTemplates" name="test_va_cannot_pm_templates" time="0.128" /><testcase classname="backend.tests.test_iter42_va_success.TestCoachingNotes" name="test_private_not_leaked_to_va" time="0.291" /><testcase classname="backend.tests.test_iter42_va_success.TestCoachingNotes" name="test_update_and_delete_note" time="0.235" /><testcase classname="backend.tests.test_iter42_va_success.TestCoachingNotes" name="test_va_cannot_hit_pm_coaching_notes" time="0.088" /><testcase classname="backend.tests.test_iter42_va_success.TestVAGoals" name="test_pm_set_get_and_delete_when_both_null" time="0.375" /><testcase classname="backend.tests.test_iter42_va_success.TestVAGoals" name="test_va_get_own_goals" time="0.081" /><testcase classname="backend.tests.test_iter42_va_success.TestVAGoals" name="test_va_cannot_set_goal" time="0.088" /><testcase classname="backend.tests.test_iter42_va_success.TestPMVADetail" name="test_detail_shape" time="0.040" /><testcase classname="backend.tests.test_iter42_va_success.TestPMVADetail" name="test_detail_404_for_non_va" time="0.077" /></testsuite></testsuites>