<?xml version="1.0" encoding="utf-8"?><testsuites name="pytest tests"><testsuite name="pytest" errors="0" failures="0" skipped="0" tests="28" time="7.105" timestamp="2026-06-12T07:15:53.270244+00:00" hostname="agent-env-175ae4c2-6149-4664-927a-55e2d003c2dc"><testcase classname="backend.tests.test_backups_and_cancel" name="test_gig_create_with_backup_slots" time="0.454" /><testcase classname="backend.tests.test_backups_and_cancel" name="test_approve_as_backup_via_endpoint" time="0.476" /><testcase classname="backend.tests.test_backups_and_cancel" name="test_cancel_shift_auto_promotes_backup" time="0.446" /><testcase classname="backend.tests.test_backups_and_cancel" name="test_cancel_shift_late_flagged" time="0.219" /><testcase classname="backend.tests.test_backups_and_cancel" name="test_manual_promote_endpoint" time="0.410" /><testcase classname="backend.tests.test_backups_and_cancel" name="test_reject_endpoint_still_works" time="0.314" /><testcase classname="backend.tests.test_iter23_e2e_setup" name="test_admin_login_works" time="0.370" /><testcase classname="backend.tests.test_iter23_e2e_setup" name="test_admin_gigs_list" time="0.408" /><testcase classname="backend.tests.test_iter23_e2e_setup" name="test_admin_global_requests_queue" time="0.046" /><testcase classname="backend.tests.test_iter23_e2e_setup" name="test_create_gig_with_backup_slots" time="0.088" /><testcase classname="backend.tests.test_iter23_e2e_setup" name="test_approve_as_backup_endpoint_exists" time="0.291" /><testcase classname="backend.tests.test_iter23_e2e_setup" name="test_promote_backup_endpoint" time="0.245" /><testcase classname="backend.tests.test_iter_projects.TestProjectsCRUD" name="test_login_works" time="0.413" /><testcase classname="backend.tests.test_iter_projects.TestProjectsCRUD" name="test_create_validates_title" time="0.047" /><testcase classname="backend.tests.test_iter_projects.TestProjectsCRUD" name="test_get_project_detail" time="0.094" /><testcase classname="backend.tests.test_iter_projects.TestProjectsCRUD" name="test_list_active_includes_project" time="0.048" /><testcase classname="backend.tests.test_iter_projects.TestProjectsCRUD" name="test_search_filter" time="0.051" /><testcase classname="backend.tests.test_iter_projects.TestProjectsCRUD" name="test_update_project" time="0.047" /><testcase classname="backend.tests.test_iter_projects.TestProjectNotes" name="test_add_and_delete_note" time="0.190" /><testcase classname="backend.tests.test_iter_projects.TestProjectNotes" name="test_empty_note_rejected" time="0.048" /><testcase classname="backend.tests.test_iter_projects.TestGigProjectLinking" name="test_gigs_show_up_in_project_detail" time="0.136" /><testcase classname="backend.tests.test_iter_projects.TestGigProjectLinking" name="test_admin_gigs_list_enriched_with_project" time="0.075" /><testcase classname="backend.tests.test_iter_projects.TestGigProjectLinking" name="test_admin_gig_detail_enriched" time="0.045" /><testcase classname="backend.tests.test_iter_projects.TestGigProjectLinking" name="test_unlink_then_relink" time="0.184" /><testcase classname="backend.tests.test_iter_projects.TestGigProjectLinking" name="test_link_to_nonexistent_project_404" time="0.048" /><testcase classname="backend.tests.test_iter_projects.TestArchive" name="test_archive_unlinks_children_and_appears_in_archived_list" time="0.228" /><testcase classname="backend.tests.test_iter_projects.TestWorkerProjectCard" name="test_worker_sees_project_card_with_siblings_and_crew" time="1.104" /><testcase classname="backend.tests.test_iter_projects.TestWorkerProjectCard" name="test_worker_unlinked_gig_no_project" time="0.416" /></testsuite></testsuites>