<?xml version="1.0" encoding="utf-8"?><testsuites name="pytest tests"><testsuite name="pytest" errors="0" failures="4" skipped="0" tests="132" time="130.965" timestamp="2026-05-31T12:26:23.252630+00:00" hostname="agent-env-175ae4c2-6149-4664-927a-55e2d003c2dc"><testcase classname="backend.tests.backend_test" name="test_root_health" time="0.129" /><testcase classname="backend.tests.backend_test" name="test_admin_login_sets_cookie" time="0.363" /><testcase classname="backend.tests.backend_test" name="test_auth_me_with_cookie" time="0.051" /><testcase classname="backend.tests.backend_test" name="test_legacy_admin_login_still_works" time="0.358" /><testcase classname="backend.tests.backend_test" name="test_register_admin_role_is_silently_downgraded_to_worker" time="0.370" /><testcase classname="backend.tests.backend_test" name="test_duplicate_register_fails" time="1.150" /><testcase classname="backend.tests.backend_test" name="test_login_wrong_password_returns_401" time="0.327" /><testcase classname="backend.tests.backend_test" name="test_logout" time="1.081" /><testcase classname="backend.tests.backend_test" name="test_create_cleaning_gig" time="0.057" /><testcase classname="backend.tests.backend_test" name="test_create_labor_gig" time="0.056" /><testcase classname="backend.tests.backend_test" name="test_create_driver_gig" time="0.051" /><testcase classname="backend.tests.backend_test" name="test_worker_cannot_create_gig" time="0.045" /><testcase classname="backend.tests.backend_test" name="test_worker_list_gigs_only_open" time="0.057" /><testcase classname="backend.tests.backend_test" name="test_filter_by_category" time="0.053" /><testcase classname="backend.tests.backend_test" name="test_get_gig_worker_has_my_acceptance" time="0.047" /><testcase classname="backend.tests.backend_test" name="test_get_gig_admin_has_acceptances" time="0.053" /><testcase classname="backend.tests.backend_test" name="test_accept_gig" time="0.147" /><testcase classname="backend.tests.backend_test" name="test_accept_duplicate_fails" time="0.047" /><testcase classname="backend.tests.backend_test" name="test_withdraw_gig" time="0.105" /><testcase classname="backend.tests.backend_test" name="test_filled_status_when_slots_full" time="0.212" /><testcase classname="backend.tests.backend_test" name="test_blast_in_app" time="0.109" /><testcase classname="backend.tests.backend_test" name="test_blast_email_sms_graceful" time="0.064" /><testcase classname="backend.tests.backend_test" name="test_blast_increments_count" time="0.050" /><testcase classname="backend.tests.backend_test" name="test_notifications_list" time="0.046" /><testcase classname="backend.tests.backend_test" name="test_profile_update" time="0.046" /><testcase classname="backend.tests.backend_test" name="test_upload_avatar" time="0.214" /><testcase classname="backend.tests.backend_test" name="test_upload_id" time="0.147" /><testcase classname="backend.tests.backend_test" name="test_file_access_owner" time="0.134" /><testcase classname="backend.tests.backend_test" name="test_file_access_admin" time="0.139" /><testcase classname="backend.tests.backend_test" name="test_file_access_other_worker_forbidden" time="0.404" /><testcase classname="backend.tests.backend_test" name="test_admin_list_workers" time="0.078" /><testcase classname="backend.tests.backend_test" name="test_admin_get_worker" time="0.096" /><testcase classname="backend.tests.backend_test" name="test_admin_verify_id" time="0.146" /><testcase classname="backend.tests.backend_test" name="test_admin_stats" time="0.058" /><testcase classname="backend.tests.backend_test" name="test_worker_cannot_access_admin" time="0.092" /><testcase classname="backend.tests.backend_test" name="test_delete_gig" time="0.258" /><testcase classname="backend.tests.test_admin_settings" name="test_settings_requires_auth" time="0.440" /><testcase classname="backend.tests.test_admin_settings" name="test_settings_forbidden_for_worker" time="0.376" /><testcase classname="backend.tests.test_admin_settings" name="test_settings_put_forbidden_for_worker" time="0.061" /><testcase classname="backend.tests.test_admin_settings" name="test_settings_test_forbidden_for_worker" time="0.046" /><testcase classname="backend.tests.test_admin_settings" name="test_get_settings_shape_when_empty" time="0.130" /><testcase classname="backend.tests.test_admin_settings" name="test_put_resend_then_get_shows_last4_and_ready" time="0.089" /><testcase classname="backend.tests.test_admin_settings" name="test_partial_update_omitted_field_unchanged" time="0.090" /><testcase classname="backend.tests.test_admin_settings" name="test_overwrite_resend_key_updates_last4" time="0.091" /><testcase classname="backend.tests.test_admin_settings" name="test_clear_resend_with_empty_string" time="0.086" /><testcase classname="backend.tests.test_admin_settings" name="test_save_all_twilio_makes_sms_ready" time="0.087" /><testcase classname="backend.tests.test_admin_settings" name="test_clear_sid_and_token_resets_sms_ready" time="0.090" /><testcase classname="backend.tests.test_admin_settings" name="test_test_email_400_when_no_key" time="0.087" /><testcase classname="backend.tests.test_admin_settings" name="test_test_email_400_with_fake_key" time="0.266" /><testcase classname="backend.tests.test_admin_settings" name="test_test_sms_400_when_incomplete" time="0.087" /><testcase classname="backend.tests.test_admin_settings" name="test_blast_uses_db_resend_key_and_degrades_gracefully" time="60.328"><failure message="AssertionError: The preview environment is not responding. It may be starting up.&#10;  &#10;assert 502 == 200&#10; +  where 502 = &lt;Response [502]&gt;.status_code">backend/tests/test_admin_settings.py:262: in test_blast_uses_db_resend_key_and_degrades_gracefully
    assert rb.status_code == 200, rb.text
E   AssertionError: The preview environment is not responding. It may be starting up.
E     
E   assert 502 == 200
E    +  where 502 = &lt;Response [502]&gt;.status_code</failure></testcase><testcase classname="backend.tests.test_calendar.TestScheduledAtPersistence" name="test_create_with_scheduled_at_persists" time="0.880" /><testcase classname="backend.tests.test_calendar.TestScheduledAtPersistence" name="test_create_without_scheduled_at_succeeds" time="0.435" /><testcase classname="backend.tests.test_calendar.TestScheduledAtPersistence" name="test_list_gigs_returns_scheduled_at_unchanged" time="0.491" /><testcase classname="backend.tests.test_calendar.TestStatusAllFilter" name="test_status_all_returns_open_and_filled" time="1.640"><failure message="AssertionError: assert 'open' == 'filled'&#10;  &#10;  - filled&#10;  + open">backend/tests/test_calendar.py:172: in test_status_all_returns_open_and_filled
    assert g["status"] == "filled"
E   AssertionError: assert 'open' == 'filled'
E     
E     - filled
E     + open</failure></testcase><testcase classname="backend.tests.test_calendar.TestStatusAllFilter" name="test_status_open_only" time="0.374" /><testcase classname="backend.tests.test_calendar.TestStatusAllFilter" name="test_status_filled_only" time="0.374" /><testcase classname="backend.tests.test_calendar.TestStatusAllFilter" name="test_worker_no_param_returns_only_open" time="0.478" /><testcase classname="backend.tests.test_calendar.TestStatusAllFilter" name="test_worker_status_all_sees_filled_and_acceptance_attached" time="0.519"><failure message="AssertionError: assert 'open' == 'filled'&#10;  &#10;  - filled&#10;  + open">backend/tests/test_calendar.py:223: in test_worker_status_all_sees_filled_and_acceptance_attached
    assert match[0]["status"] == "filled"
E   AssertionError: assert 'open' == 'filled'
E     
E     - filled
E     + open</failure></testcase><testcase classname="backend.tests.test_iter5.TestAdminResetPassword" name="test_reset_generates_temp_password_and_kills_sessions" time="2.004" /><testcase classname="backend.tests.test_iter5.TestAdminResetPassword" name="test_reset_custom_password" time="1.539" /><testcase classname="backend.tests.test_iter5.TestAdminResetPassword" name="test_reset_short_password_400" time="0.981" /><testcase classname="backend.tests.test_iter5.TestAdminResetPassword" name="test_reset_on_admin_400" time="0.091" /><testcase classname="backend.tests.test_iter5.TestAdminResetPassword" name="test_reset_on_missing_user_404" time="0.044" /><testcase classname="backend.tests.test_iter5.TestDeleteWorker" name="test_delete_releases_gig_slot_and_reopens" time="1.379" /><testcase classname="backend.tests.test_iter5.TestDeleteWorker" name="test_delete_admin_returns_400" time="0.047" /><testcase classname="backend.tests.test_iter5.TestDeleteWorker" name="test_delete_missing_returns_404" time="0.047" /><testcase classname="backend.tests.test_iter5.TestChangePassword" name="test_change_password_success_session_preserved" time="1.732" /><testcase classname="backend.tests.test_iter5.TestChangePassword" name="test_change_password_wrong_current_401" time="1.222" /><testcase classname="backend.tests.test_iter5.TestChangePassword" name="test_change_password_short_new_422" time="0.969" /><testcase classname="backend.tests.test_iter5.TestClockInOut" name="test_full_clock_flow" time="2.575" /><testcase classname="backend.tests.test_iter5.TestClockInOut" name="test_clock_in_without_acceptance_400" time="1.016" /><testcase classname="backend.tests.test_iter5.TestClockInOut" name="test_clock_out_without_clock_in_400" time="1.077" /><testcase classname="backend.tests.test_iter5.TestClockInOut" name="test_admin_cannot_clock_in_or_out" time="0.130" /><testcase classname="backend.tests.test_iter5.TestAdminWorkerDetailEnrichment" name="test_accepted_gigs_enriched" time="2.314" /><testcase classname="backend.tests.test_iter6.TestAddressLinePrivacy" name="test_create_persists_address_line" time="0.510" /><testcase classname="backend.tests.test_iter6.TestAddressLinePrivacy" name="test_worker_list_hides_address_line" time="0.497" /><testcase classname="backend.tests.test_iter6.TestAddressLinePrivacy" name="test_worker_detail_hides_then_reveals" time="0.877" /><testcase classname="backend.tests.test_iter6.TestVerificationGate" name="test_no_id_uploaded_blocks_accept" time="0.524" /><testcase classname="backend.tests.test_iter6.TestVerificationGate" name="test_uploaded_but_unverified_blocks_accept" time="0.734" /><testcase classname="backend.tests.test_iter6.TestVerificationGate" name="test_verified_can_accept_and_sees_address" time="0.870" /><testcase classname="backend.tests.test_iter6.TestEditGig" name="test_admin_partial_update" time="0.152" /><testcase classname="backend.tests.test_iter6.TestEditGig" name="test_admin_clears_address_line_with_null" time="0.201" /><testcase classname="backend.tests.test_iter6.TestEditGig" name="test_cannot_reduce_slots_below_filled" time="0.920" /><testcase classname="backend.tests.test_iter6.TestEditGig" name="test_increasing_slots_on_filled_flips_to_open" time="0.977" /><testcase classname="backend.tests.test_iter6.TestEditGig" name="test_reducing_slots_to_filled_count_sets_filled" time="0.961" /><testcase classname="backend.tests.test_iter6.TestEditGig" name="test_worker_put_forbidden" time="1.042" /><testcase classname="backend.tests.test_iter6.TestDuplicateGig" name="test_admin_duplicate_resets_state" time="0.973" /><testcase classname="backend.tests.test_iter6.TestDuplicateGig" name="test_duplicate_does_not_double_copy_suffix" time="0.202" /><testcase classname="backend.tests.test_iter6.TestDuplicateGig" name="test_worker_duplicate_forbidden" time="0.469" /><testcase classname="backend.tests.test_iter6.TestDuplicateGig" name="test_duplicate_nonexistent_returns_404" time="0.050" /><testcase classname="backend.tests.test_iter7.TestWorkerApprovalGate" name="test_register_defaults_to_pending" time="0.370" /><testcase classname="backend.tests.test_iter7.TestWorkerApprovalGate" name="test_pending_cannot_accept_gig" time="0.975" /><testcase classname="backend.tests.test_iter7.TestWorkerApprovalGate" name="test_approve_sets_approved" time="0.531" /><testcase classname="backend.tests.test_iter7.TestWorkerApprovalGate" name="test_reject_kills_sessions" time="0.488" /><testcase classname="backend.tests.test_iter7.TestWorkerApprovalGate" name="test_rejected_worker_accept_blocked" time="0.999" /><testcase classname="backend.tests.test_iter7.TestWorkerApprovalGate" name="test_suspend_kills_sessions" time="0.547" /><testcase classname="backend.tests.test_iter7.TestWorkerApprovalGate" name="test_suspended_worker_accept_blocked" time="1.128" /><testcase classname="backend.tests.test_iter7.TestWorkerApprovalGate" name="test_reinstate_lifts_suspension" time="0.459" /><testcase classname="backend.tests.test_iter7.TestWorkerApprovalGate" name="test_status_endpoints_reject_admin" time="0.224" /><testcase classname="backend.tests.test_iter7.TestWorkerApprovalGate" name="test_status_endpoints_404" time="0.199" /><testcase classname="backend.tests.test_iter7.TestWorkerApprovalGate" name="test_status_endpoints_forbid_non_admin" time="0.906" /><testcase classname="backend.tests.test_iter7.TestWorkerApprovalGate" name="test_legacy_no_worker_status_treated_approved" time="0.786" /><testcase classname="backend.tests.test_iter7.TestWorkerListFilter" name="test_status_filter_pending" time="0.400"><failure message="AssertionError: assert 'user_4c65089d99f7' in ['user_9dd5130d6737', 'user_72630bce3a04', 'user_df5ca7b92de4', 'user_d69bb941f0f3', 'user_4b13c16f0725', 'user_f86084e68782', ...]">backend/tests/test_iter7.py:232: in test_status_filter_pending
    assert uid in ids
E   AssertionError: assert 'user_4c65089d99f7' in ['user_9dd5130d6737', 'user_72630bce3a04', 'user_df5ca7b92de4', 'user_d69bb941f0f3', 'user_4b13c16f0725', 'user_f86084e68782', ...]</failure></testcase><testcase classname="backend.tests.test_iter7.TestWorkerListFilter" name="test_status_filter_approved_includes_legacy" time="0.444" /><testcase classname="backend.tests.test_iter7.TestWorkerListFilter" name="test_status_filter_rejected" time="0.427" /><testcase classname="backend.tests.test_iter7.TestWorkerListFilter" name="test_status_filter_suspended" time="0.415" /><testcase classname="backend.tests.test_iter7.TestWorkerListFilter" name="test_admin_stats_pending_approval" time="0.376" /><testcase classname="backend.tests.test_iter7.TestRecurringGigs" name="test_weekly_repeat_4" time="0.311" /><testcase classname="backend.tests.test_iter7.TestRecurringGigs" name="test_daily_repeat_3" time="0.263" /><testcase classname="backend.tests.test_iter7.TestRecurringGigs" name="test_biweekly_repeat_2" time="0.259" /><testcase classname="backend.tests.test_iter7.TestRecurringGigs" name="test_monthly_repeat_3" time="0.265" /><testcase classname="backend.tests.test_iter7.TestRecurringGigs" name="test_recurrence_none" time="0.126" /><testcase classname="backend.tests.test_iter7.TestRecurringGigs" name="test_repeat_count_clamped_max_52" time="2.890" /><testcase classname="backend.tests.test_iter7.TestRecurringGigs" name="test_recurrence_without_scheduled_at_falls_back" time="0.092" /><testcase classname="backend.tests.test_iter8.TestRegisterDefaultsApproved" name="test_new_worker_is_auto_approved" time="0.459" /><testcase classname="backend.tests.test_iter8.TestAcceptCreatesRequest" name="test_accept_creates_requested_no_slot_decrement" time="1.217" /><testcase classname="backend.tests.test_iter8.TestAcceptCreatesRequest" name="test_worker_get_gig_hides_address_while_requested" time="0.879" /><testcase classname="backend.tests.test_iter8.TestAcceptCreatesRequest" name="test_clockin_blocked_while_requested" time="0.764" /><testcase classname="backend.tests.test_iter8.TestApproveRequest" name="test_approve_flow_full" time="1.161" /><testcase classname="backend.tests.test_iter8.TestApproveRequest" name="test_approve_404_if_not_found" time="0.154" /><testcase classname="backend.tests.test_iter8.TestApproveRequest" name="test_approve_400_if_already_accepted" time="0.821" /><testcase classname="backend.tests.test_iter8.TestApproveRequest" name="test_approve_400_when_all_slots_filled" time="1.492" /><testcase classname="backend.tests.test_iter8.TestRejectRequest" name="test_reject_deletes_acceptance" time="0.938" /><testcase classname="backend.tests.test_iter8.TestRejectRequest" name="test_reject_404_unknown" time="0.149" /><testcase classname="backend.tests.test_iter8.TestRejectRequest" name="test_reject_400_if_already_accepted" time="0.877" /><testcase classname="backend.tests.test_iter8.TestAdminGigViewSplits" name="test_admin_sees_pending_and_acceptances" time="1.478" /><testcase classname="backend.tests.test_iter8.TestAdminStatsPendingRequests" name="test_pending_requests_counted" time="0.841" /><testcase classname="backend.tests.test_iter8.TestWithdraw" name="test_withdraw_requested_no_slot_change" time="0.878" /><testcase classname="backend.tests.test_iter8.TestWithdraw" name="test_withdraw_accepted_decrements_and_reopens" time="1.003" /><testcase classname="backend.tests.test_iter8.TestBannedWorkersCannotRequest" name="test_rejected_worker_cannot_request" time="1.066" /><testcase classname="backend.tests.test_iter8.TestBannedWorkersCannotRequest" name="test_suspended_worker_cannot_request" time="1.122" /></testsuite></testsuites>