<?xml version="1.0" encoding="utf-8"?><testsuites name="pytest tests"><testsuite name="pytest" errors="0" failures="0" skipped="0" tests="10" time="10.701" timestamp="2026-06-17T14:26:34.462647+00:00" hostname="agent-env-175ae4c2-6149-4664-927a-55e2d003c2dc"><testcase classname="backend.tests.test_iter46_shift_edit.TestTimesheetEditWithAdminNote" name="test_edit_with_admin_note_persists" time="1.687" /><testcase classname="backend.tests.test_iter46_shift_edit.TestTimesheetEditWithAdminNote" name="test_edit_without_admin_note_still_works" time="0.927" /><testcase classname="backend.tests.test_iter46_shift_edit.TestNoShow" name="test_noshow_requires_reason" time="0.931" /><testcase classname="backend.tests.test_iter46_shift_edit.TestNoShow" name="test_noshow_success_clears_times" time="0.977" /><testcase classname="backend.tests.test_iter46_shift_edit.TestNoShow" name="test_noshow_rejected_for_requested_state" time="0.762" /><testcase classname="backend.tests.test_iter46_shift_edit.TestMarkCompleted" name="test_mark_completed_with_no_clock_in_uses_scheduled" time="0.945" /><testcase classname="backend.tests.test_iter46_shift_edit.TestMarkCompleted" name="test_mark_completed_with_explicit_times" time="1.026" /><testcase classname="backend.tests.test_iter46_shift_edit.TestMarkCompleted" name="test_mark_completed_rejects_requested" time="0.744" /><testcase classname="backend.tests.test_iter46_shift_edit.TestUnauthorized" name="test_worker_cannot_edit_timesheet" time="1.313" /><testcase classname="backend.tests.test_iter46_shift_edit.TestUnauthorized" name="test_worker_cannot_no_show" time="1.306" /></testsuite></testsuites>