<?xml version="1.0" encoding="utf-8"?><testsuites name="pytest tests"><testsuite name="pytest" errors="0" failures="1" skipped="0" tests="6" time="1.357" timestamp="2026-07-15T10:03:36.664014+00:00" hostname="agent-env-175ae4c2-6149-4664-927a-55e2d003c2dc"><testcase classname="backend.tests.test_iter80_addendum_b" name="test_view_endpoint_silent" time="0.398" /><testcase classname="backend.tests.test_iter80_addendum_b" name="test_gig_detail_has_view_and_interest_enrichment" time="0.048" /><testcase classname="backend.tests.test_iter80_addendum_b" name="test_interest_lifecycle_withdraw_reexpress" time="0.298" /><testcase classname="backend.tests.test_iter80_addendum_b" name="test_admin_interests_queue" time="0.421" /><testcase classname="backend.tests.test_iter80_addendum_b" name="test_specialist_gig_missing_photos_rejected" time="0.046" /><testcase classname="backend.tests.test_iter80_addendum_b" name="test_normal_gig_still_creatable" time="0.046"><failure message="AssertionError: normal gig create failed: 400 {&quot;detail&quot;:&quot;Pay rate is required&quot;}&#10;assert 400 in (200, 201)&#10; +  where 400 = &lt;Response [400]&gt;.status_code">backend/tests/test_iter80_addendum_b.py:155: in test_normal_gig_still_creatable
    assert r.status_code in (200, 201), f"normal gig create failed: {r.status_code} {r.text[:400]}"
E   AssertionError: normal gig create failed: 400 {"detail":"Pay rate is required"}
E   assert 400 in (200, 201)
E    +  where 400 = &lt;Response [400]&gt;.status_code</failure></testcase></testsuite></testsuites>