<?xml version="1.0" encoding="utf-8"?><testsuites name="pytest tests"><testsuite name="pytest" errors="0" failures="0" skipped="0" tests="13" time="2.792" timestamp="2026-07-10T04:34:47.253335+00:00" hostname="agent-env-175ae4c2-6149-4664-927a-55e2d003c2dc"><testcase classname="backend.tests.test_iter75_va_teams.TestCommissionSettings" name="test_get_has_team_override" time="0.601" /><testcase classname="backend.tests.test_iter75_va_teams.TestCommissionSettings" name="test_put_persists" time="0.225" /><testcase classname="backend.tests.test_iter75_va_teams.TestTeamLeadToggle" name="test_promote_lead_and_list" time="0.101" /><testcase classname="backend.tests.test_iter75_va_teams.TestTeamLeadToggle" name="test_toggle_already_in_team_returns_400" time="0.046" /><testcase classname="backend.tests.test_iter75_va_teams.TestTeamAssignment" name="test_assign_member_to_lead" time="0.085" /><testcase classname="backend.tests.test_iter75_va_teams.TestTeamAssignment" name="test_assign_lead_as_member_400" time="0.044" /><testcase classname="backend.tests.test_iter75_va_teams.TestTeamAssignment" name="test_assign_to_non_lead_400" time="0.047" /><testcase classname="backend.tests.test_iter75_va_teams.TestOverrideMath" name="test_split_10_to_9_plus_1" time="0.142" /><testcase classname="backend.tests.test_iter75_va_teams.TestOverrideMath" name="test_lost_rejects_both" time="0.046" /><testcase classname="backend.tests.test_iter75_va_teams.TestVATeamEndpoint" name="test_lead_gets_team_payload" time="0.373" /><testcase classname="backend.tests.test_iter75_va_teams.TestVATeamEndpoint" name="test_non_lead_gets_403" time="0.384" /><testcase classname="backend.tests.test_iter75_va_teams.TestSoloVANoOverride" name="test_solo_va_full_amount_no_override" time="0.104" /><testcase classname="backend.tests.test_iter75_va_teams.TestEarningsRegression" name="test_earnings_includes_team_override" time="0.430" /></testsuite></testsuites>