<?xml version="1.0" encoding="utf-8"?><testsuites name="pytest tests"><testsuite name="pytest" errors="0" failures="0" skipped="0" tests="8" time="3.202" timestamp="2026-06-12T07:15:45.177290+00:00" hostname="agent-env-175ae4c2-6149-4664-927a-55e2d003c2dc"><testcase classname="backend.tests.test_messenger" name="test_admin_to_admin_dm" time="0.998" /><testcase classname="backend.tests.test_messenger" name="test_send_message_and_unread" time="0.323" /><testcase classname="backend.tests.test_messenger" name="test_empty_message_rejected" time="0.132" /><testcase classname="backend.tests.test_messenger" name="test_dm_with_self_rejected" time="0.085" /><testcase classname="backend.tests.test_messenger" name="test_worker_cannot_dm_va" time="0.122" /><testcase classname="backend.tests.test_messenger" name="test_gig_group_workers_can_access" time="0.316" /><testcase classname="backend.tests.test_messenger" name="test_message_attachments_acl" time="0.843" /><testcase classname="backend.tests.test_messenger" name="test_eligible_users_filters" time="0.234" /></testsuite></testsuites>