<?xml version="1.0" encoding="utf-8"?><testsuites name="pytest tests"><testsuite name="pytest" errors="0" failures="0" skipped="0" tests="15" time="13.614" timestamp="2026-07-14T15:04:17.579919+00:00" hostname="agent-env-175ae4c2-6149-4664-927a-55e2d003c2dc"><testcase classname="tests.test_iter79_trades_questionnaire.TestQuestionnaire" name="test_save_questionnaire_and_skills_sync" time="0.864" /><testcase classname="tests.test_iter79_trades_questionnaire.TestQuestionnaire" name="test_driving_requires_vehicle" time="0.877" /><testcase classname="tests.test_iter79_trades_questionnaire.TestQuestionnaire" name="test_driving_ok_with_car" time="0.912" /><testcase classname="tests.test_iter79_trades_questionnaire.TestTradeClaimLifecycle" name="test_carpet_cleaning_full_lifecycle" time="2.405" /><testcase classname="tests.test_iter79_trades_questionnaire.TestTradeClaimLifecycle" name="test_licensed_trade_requires_license_and_photo" time="1.408" /><testcase classname="tests.test_iter79_trades_questionnaire.TestAdminTradesCRUD" name="test_create_edit_delete_trade" time="1.072" /><testcase classname="tests.test_iter79_trades_questionnaire.TestAdminTradesCRUD" name="test_delete_blocked_when_claims_exist" time="1.026" /><testcase classname="tests.test_iter79_trades_questionnaire.TestAdminFiltersAndMetrics" name="test_trade_claims_filter" time="0.218" /><testcase classname="tests.test_iter79_trades_questionnaire.TestAdminFiltersAndMetrics" name="test_metrics_shape" time="0.053" /><testcase classname="tests.test_iter79_trades_questionnaire.TestAdminFiltersAndMetrics" name="test_worker_filters" time="0.171" /><testcase classname="tests.test_iter79_trades_questionnaire.TestDocOnlyBadges" name="test_forklift_cdl_visible_and_doconly" time="0.841" /><testcase classname="tests.test_iter79_trades_questionnaire.TestDocOnlyBadges" name="test_doconly_full_flow" time="2.554" /><testcase classname="tests.test_iter79_trades_questionnaire.TestRegressionDemoWorker" name="test_worker_demo_profile_complete_and_feed" time="0.481" /><testcase classname="tests.test_iter79_trades_questionnaire.TestRegressionDemoWorker" name="test_admin_workers_list" time="0.571" /><testcase classname="tests.test_iter79_trades_questionnaire.TestTargetTradeGig" name="test_create_targeted_gig_invalid_trade" time="0.061" /></testsuite></testsuites>