<?xml version="1.0" encoding="utf-8"?><testsuites name="pytest tests"><testsuite name="pytest" errors="0" failures="0" skipped="0" tests="19" time="4.244" timestamp="2026-06-02T17:57:12.221588+00:00" hostname="agent-env-175ae4c2-6149-4664-927a-55e2d003c2dc"><testcase classname="backend.tests.test_iter21.TestSetTags" name="test_set_single_tag" time="0.699" /><testcase classname="backend.tests.test_iter21.TestSetTags" name="test_set_multiple_tags" time="0.112" /><testcase classname="backend.tests.test_iter21.TestSetTags" name="test_dedup_tags" time="0.061" /><testcase classname="backend.tests.test_iter21.TestSetTags" name="test_clear_tags" time="0.110" /><testcase classname="backend.tests.test_iter21.TestSetTags" name="test_invalid_tag_rejected" time="0.054" /><testcase classname="backend.tests.test_iter21.TestSetTags" name="test_set_tags_404" time="0.056" /><testcase classname="backend.tests.test_iter21.TestRushEndpointKeepsOtherTags" name="test_rush_endpoint_adds_rush_keeps_other_tags" time="0.174" /><testcase classname="backend.tests.test_iter21.TestRushEndpointKeepsOtherTags" name="test_rush_off_keeps_other_tags_pinned" time="0.057" /><testcase classname="backend.tests.test_iter21.TestRushEndpointKeepsOtherTags" name="test_rush_off_with_no_other_tags_unpins" time="0.171" /><testcase classname="backend.tests.test_iter21.TestBlastTagMerge" name="test_blast_adds_rush_tag" time="0.282" /><testcase classname="backend.tests.test_iter21.TestBlastTagMerge" name="test_blast_idempotent_no_duplicate_rush" time="0.237" /><testcase classname="backend.tests.test_iter21.TestPublicFeed" name="test_public_feed_exposes_tags_and_hides_pii" time="0.227" /><testcase classname="backend.tests.test_iter21.TestPublicFeed" name="test_public_feed_sort_pinned_first" time="0.361" /><testcase classname="backend.tests.test_iter21.TestGigFeedsReturnTags" name="test_admin_gigs_list_has_tags" time="0.080" /><testcase classname="backend.tests.test_iter21.TestGigFeedsReturnTags" name="test_admin_gig_detail_has_tags" time="0.060" /><testcase classname="backend.tests.test_iter21.TestGigFeedsReturnTags" name="test_worker_gigs_list_has_tags" time="0.810" /><testcase classname="backend.tests.test_iter21.TestAuthorization" name="test_worker_cannot_set_tags" time="0.057" /><testcase classname="backend.tests.test_iter21.TestAuthorization" name="test_ro_admin_cannot_set_tags" time="0.421" /><testcase classname="backend.tests.test_iter21.TestAuthorization" name="test_anon_cannot_set_tags" time="0.111" /></testsuite></testsuites>