<?xml version="1.0" encoding="utf-8"?><testsuites name="pytest tests"><testsuite name="pytest" errors="0" failures="0" skipped="0" tests="35" time="10.330" timestamp="2026-06-15T16:51:59.136837+00:00" hostname="agent-env-175ae4c2-6149-4664-927a-55e2d003c2dc"><testcase classname="tests.test_messenger" name="test_admin_to_admin_dm" time="0.925" /><testcase classname="tests.test_messenger" name="test_send_message_and_unread" time="0.439" /><testcase classname="tests.test_messenger" name="test_empty_message_rejected" time="0.153" /><testcase classname="tests.test_messenger" name="test_dm_with_self_rejected" time="0.107" /><testcase classname="tests.test_messenger" name="test_worker_cannot_dm_va" time="0.112" /><testcase classname="tests.test_messenger" name="test_gig_group_workers_can_access" time="0.338" /><testcase classname="tests.test_messenger" name="test_message_attachments_acl" time="0.932" /><testcase classname="tests.test_messenger" name="test_eligible_users_filters" time="0.255" /><testcase classname="tests.test_messenger" name="test_worker_cannot_dm_stranger_worker" time="0.105" /><testcase classname="tests.test_messenger" name="test_worker_can_dm_coworker" time="0.220" /><testcase classname="tests.test_messenger" name="test_worker_can_dm_past_coworker" time="0.222" /><testcase classname="tests.test_messenger" name="test_worker_can_always_dm_admin" time="0.165" /><testcase classname="tests.test_messenger" name="test_eligible_users_worker_with_coworkers" time="0.222" /><testcase classname="tests.test_backups_and_cancel" name="test_gig_create_with_backup_slots" time="0.447" /><testcase classname="tests.test_backups_and_cancel" name="test_approve_as_backup_via_endpoint" time="0.458" /><testcase classname="tests.test_backups_and_cancel" name="test_cancel_shift_auto_promotes_backup" time="0.484" /><testcase classname="tests.test_backups_and_cancel" name="test_cancel_shift_late_flagged" time="0.263" /><testcase classname="tests.test_backups_and_cancel" name="test_manual_promote_endpoint" time="0.421" /><testcase classname="tests.test_backups_and_cancel" name="test_reject_endpoint_still_works" time="0.384" /><testcase classname="tests.test_iter_projects.TestProjectsCRUD" name="test_login_works" time="0.403" /><testcase classname="tests.test_iter_projects.TestProjectsCRUD" name="test_create_validates_title" time="0.083" /><testcase classname="tests.test_iter_projects.TestProjectsCRUD" name="test_get_project_detail" time="0.130" /><testcase classname="tests.test_iter_projects.TestProjectsCRUD" name="test_list_active_includes_project" time="0.045" /><testcase classname="tests.test_iter_projects.TestProjectsCRUD" name="test_search_filter" time="0.041" /><testcase classname="tests.test_iter_projects.TestProjectsCRUD" name="test_update_project" time="0.043" /><testcase classname="tests.test_iter_projects.TestProjectNotes" name="test_add_and_delete_note" time="0.173" /><testcase classname="tests.test_iter_projects.TestProjectNotes" name="test_empty_note_rejected" time="0.082" /><testcase classname="tests.test_iter_projects.TestGigProjectLinking" name="test_gigs_show_up_in_project_detail" time="0.122" /><testcase classname="tests.test_iter_projects.TestGigProjectLinking" name="test_admin_gigs_list_enriched_with_project" time="0.059" /><testcase classname="tests.test_iter_projects.TestGigProjectLinking" name="test_admin_gig_detail_enriched" time="0.084" /><testcase classname="tests.test_iter_projects.TestGigProjectLinking" name="test_unlink_then_relink" time="0.250" /><testcase classname="tests.test_iter_projects.TestGigProjectLinking" name="test_link_to_nonexistent_project_404" time="0.070" /><testcase classname="tests.test_iter_projects.TestArchive" name="test_archive_unlinks_children_and_appears_in_archived_list" time="0.256" /><testcase classname="tests.test_iter_projects.TestWorkerProjectCard" name="test_worker_sees_project_card_with_siblings_and_crew" time="1.151" /><testcase classname="tests.test_iter_projects.TestWorkerProjectCard" name="test_worker_unlinked_gig_no_project" time="0.528" /></testsuite></testsuites>