<?xml version="1.0" encoding="utf-8"?><testsuites name="pytest tests"><testsuite name="pytest" errors="0" failures="0" skipped="0" tests="8" time="1.460" timestamp="2026-06-17T10:45:59.082345+00:00" hostname="agent-env-175ae4c2-6149-4664-927a-55e2d003c2dc"><testcase classname="backend.tests.test_iter45_worker_agreement" name="test_get_agreement_rules" time="0.555" /><testcase classname="backend.tests.test_iter45_worker_agreement" name="test_accept_rejects_missing_body" time="0.487" /><testcase classname="backend.tests.test_iter45_worker_agreement" name="test_accept_rejects_wrong_typed_name" time="0.043" /><testcase classname="backend.tests.test_iter45_worker_agreement" name="test_accept_rejects_tampered_rules" time="0.082" /><testcase classname="backend.tests.test_iter45_worker_agreement" name="test_accept_rejects_stale_version" time="0.046" /><testcase classname="backend.tests.test_iter45_worker_agreement" name="test_accept_succeeds_with_valid_agreement_and_writes_audit" time="0.091" /><testcase classname="backend.tests.test_iter45_worker_agreement" name="test_duplicate_accept_blocked" time="0.044" /><testcase classname="backend.tests.test_iter45_worker_agreement" name="test_my_agreements_endpoint_requires_worker_role" time="0.048" /></testsuite></testsuites>