<?xml version="1.0" encoding="utf-8"?><testsuites name="pytest tests"><testsuite name="pytest" errors="0" failures="0" skipped="1" tests="76" time="23.562" timestamp="2026-06-15T19:16:54.254476+00:00" hostname="agent-env-175ae4c2-6149-4664-927a-55e2d003c2dc"><testcase classname="backend.tests.test_iter29_gigs_router" name="test_list_gigs_includes_refactor_fields" time="0.534" /><testcase classname="backend.tests.test_iter29_gigs_router" name="test_get_gig_detail_has_request_arrays" time="0.052" /><testcase classname="backend.tests.test_iter29_gigs_router" name="test_accept_blocked_for_unverified_worker" time="0.721" /><testcase classname="backend.tests.test_iter29_gigs_router" name="test_request_approve_clock_cycle" time="0.794" /><testcase classname="backend.tests.test_iter29_gigs_router" name="test_blast_marks_rush" time="0.117" /><testcase classname="backend.tests.test_iter29_gigs_router" name="test_rush_toggle" time="0.104" /><testcase classname="backend.tests.test_iter29_gigs_router" name="test_set_tags_replaces_array" time="0.148" /><testcase classname="backend.tests.test_iter29_gigs_router" name="test_cancel_shift_flow" time="0.236" /><testcase classname="backend.tests.test_iter29_gigs_router" name="test_delete_gig_cascades_acceptances" time="0.114" /><testcase classname="backend.tests.test_iter29_gigs_router" name="test_push_public_key_unauth" time="0.098" /><testcase classname="backend.tests.test_iter29_gigs_router" name="test_push_status_requires_auth" time="0.107" /><testcase classname="backend.tests.test_iter29_gigs_router" name="test_auth_me" time="0.049" /><testcase classname="backend.tests.test_iter29_gigs_router" name="test_forgot_password_always_200" time="0.135" /><testcase classname="backend.tests.test_iter29_gigs_router" name="test_profile_options_requires_auth" time="0.106" /><testcase classname="backend.tests.test_iter29_gigs_router" name="test_profile_options_with_auth" time="0.148" /><testcase classname="backend.tests.test_iter28_refactor_regression.TestAuth" name="test_admin_login_shape" time="0.327" /><testcase classname="backend.tests.test_iter28_refactor_regression.TestAuth" name="test_admin_me" time="0.046" /><testcase classname="backend.tests.test_iter28_refactor_regression.TestAuth" name="test_worker_register_shape" time="0.406" /><testcase classname="backend.tests.test_iter28_refactor_regression.TestGigs" name="test_list_gigs_admin" time="0.083" /><testcase classname="backend.tests.test_iter28_refactor_regression.TestGigs" name="test_gig_detail_admin" time="0.055" /><testcase classname="backend.tests.test_iter28_refactor_regression.TestGigs" name="test_list_gigs_worker" time="0.074" /><testcase classname="backend.tests.test_iter28_refactor_regression.TestProjects" name="test_list_projects" time="0.052" /><testcase classname="backend.tests.test_iter28_refactor_regression.TestProjects" name="test_project_detail" time="0.000"><skipped type="pytest.skip" message="no projects">/app/backend/tests/test_iter28_refactor_regression.py:128: no projects</skipped></testcase><testcase classname="backend.tests.test_iter28_refactor_regression.TestAdmin" name="test_admin_stats" time="0.054" /><testcase classname="backend.tests.test_iter28_refactor_regression.TestAdmin" name="test_admin_requests" time="0.050" /><testcase classname="backend.tests.test_iter28_refactor_regression.TestAdmin" name="test_admin_settings" time="0.047" /><testcase classname="backend.tests.test_iter28_refactor_regression.TestProfile" name="test_profile_options" time="0.049" /><testcase classname="backend.tests.test_iter28_refactor_regression.TestMessages" name="test_threads_list" time="0.168" /><testcase classname="backend.tests.test_iter28_refactor_regression.TestMessages" name="test_unread_count" time="0.108" /><testcase classname="backend.tests.test_iter28_refactor_regression.TestMessages" name="test_worker_can_dm_admin" time="0.115" /><testcase classname="backend.tests.test_iter28_refactor_regression.TestMessages" name="test_worker_cannot_dm_stranger_worker" time="0.426" /><testcase classname="backend.tests.test_iter28_refactor_regression.TestFiles" name="test_files_unauth" time="0.115" /><testcase classname="backend.tests.test_backups_and_cancel" name="test_gig_create_with_backup_slots" time="0.415" /><testcase classname="backend.tests.test_backups_and_cancel" name="test_approve_as_backup_via_endpoint" time="0.380" /><testcase classname="backend.tests.test_backups_and_cancel" name="test_cancel_shift_auto_promotes_backup" time="0.429" /><testcase classname="backend.tests.test_backups_and_cancel" name="test_cancel_shift_late_flagged" time="0.224" /><testcase classname="backend.tests.test_backups_and_cancel" name="test_manual_promote_endpoint" time="0.421" /><testcase classname="backend.tests.test_backups_and_cancel" name="test_reject_endpoint_still_works" time="0.390" /><testcase classname="backend.tests.test_messenger" name="test_admin_to_admin_dm" time="0.930" /><testcase classname="backend.tests.test_messenger" name="test_send_message_and_unread" time="0.601" /><testcase classname="backend.tests.test_messenger" name="test_empty_message_rejected" time="0.163" /><testcase classname="backend.tests.test_messenger" name="test_dm_with_self_rejected" time="0.105" /><testcase classname="backend.tests.test_messenger" name="test_worker_cannot_dm_va" time="0.140" /><testcase classname="backend.tests.test_messenger" name="test_gig_group_workers_can_access" time="0.365" /><testcase classname="backend.tests.test_messenger" name="test_message_attachments_acl" time="0.904" /><testcase classname="backend.tests.test_messenger" name="test_eligible_users_filters" time="0.253" /><testcase classname="backend.tests.test_messenger" name="test_worker_cannot_dm_stranger_worker" time="0.135" /><testcase classname="backend.tests.test_messenger" name="test_worker_can_dm_coworker" time="0.235" /><testcase classname="backend.tests.test_messenger" name="test_worker_can_dm_past_coworker" time="0.231" /><testcase classname="backend.tests.test_messenger" name="test_worker_can_always_dm_admin" time="0.166" /><testcase classname="backend.tests.test_messenger" name="test_eligible_users_worker_with_coworkers" time="0.233" /><testcase classname="backend.tests.test_iter_projects.TestProjectsCRUD" name="test_login_works" time="0.417" /><testcase classname="backend.tests.test_iter_projects.TestProjectsCRUD" name="test_create_validates_title" time="0.048" /><testcase classname="backend.tests.test_iter_projects.TestProjectsCRUD" name="test_get_project_detail" time="0.098" /><testcase classname="backend.tests.test_iter_projects.TestProjectsCRUD" name="test_list_active_includes_project" time="0.054" /><testcase classname="backend.tests.test_iter_projects.TestProjectsCRUD" name="test_search_filter" time="0.046" /><testcase classname="backend.tests.test_iter_projects.TestProjectsCRUD" name="test_update_project" time="0.088" /><testcase classname="backend.tests.test_iter_projects.TestProjectNotes" name="test_add_and_delete_note" time="0.203" /><testcase classname="backend.tests.test_iter_projects.TestProjectNotes" name="test_empty_note_rejected" time="0.046" /><testcase classname="backend.tests.test_iter_projects.TestGigProjectLinking" name="test_gigs_show_up_in_project_detail" time="0.146" /><testcase classname="backend.tests.test_iter_projects.TestGigProjectLinking" name="test_admin_gigs_list_enriched_with_project" time="0.087" /><testcase classname="backend.tests.test_iter_projects.TestGigProjectLinking" name="test_admin_gig_detail_enriched" time="0.065" /><testcase classname="backend.tests.test_iter_projects.TestGigProjectLinking" name="test_unlink_then_relink" time="0.200" /><testcase classname="backend.tests.test_iter_projects.TestGigProjectLinking" name="test_link_to_nonexistent_project_404" time="0.046" /><testcase classname="backend.tests.test_iter_projects.TestArchive" name="test_archive_unlinks_children_and_appears_in_archived_list" time="0.252" /><testcase classname="backend.tests.test_iter_projects.TestWorkerProjectCard" name="test_worker_sees_project_card_with_siblings_and_crew" time="1.138" /><testcase classname="backend.tests.test_iter_projects.TestWorkerProjectCard" name="test_worker_unlinked_gig_no_project" time="0.427" /><testcase classname="backend.tests.test_iter25_breaks" name="test_gig_create_with_break_minutes" time="0.465" /><testcase classname="backend.tests.test_iter25_breaks" name="test_gig_create_default_break_is_zero" time="0.104" /><testcase classname="backend.tests.test_iter25_breaks" name="test_gig_update_break_minutes" time="0.161" /><testcase classname="backend.tests.test_iter25_breaks" name="test_clock_out_applies_gig_break" time="1.179" /><testcase classname="backend.tests.test_iter25_breaks" name="test_per_worker_break_override" time="1.103" /><testcase classname="backend.tests.test_iter25_breaks" name="test_zero_break_no_deduction" time="1.209" /><testcase classname="backend.tests.test_iter25_breaks" name="test_flat_rate_ignores_break" time="1.064" /><testcase classname="backend.tests.test_iter25_breaks" name="test_worker_me_earnings_exposes_break" time="1.143" /><testcase classname="backend.tests.test_iter25_breaks" name="test_admin_timesheet_report_includes_break" time="1.216" /></testsuite></testsuites>