<?xml version="1.0" encoding="utf-8"?><testsuites name="pytest tests"><testsuite name="pytest" errors="0" failures="0" skipped="0" tests="22" time="11.727" timestamp="2026-07-02T17:15:34.908110+00:00" hostname="agent-env-175ae4c2-6149-4664-927a-55e2d003c2dc"><testcase classname="backend.tests.test_iter70_badges.TestWorkerBadges" name="test_list_badges" time="0.500" /><testcase classname="backend.tests.test_iter70_badges.TestWorkerBadges" name="test_get_test_no_leak" time="0.054" /><testcase classname="backend.tests.test_iter70_badges.TestFailFlow" name="test_fail_and_no_retake" time="0.161" /><testcase classname="backend.tests.test_iter70_badges.TestPassAndSubmit" name="test_submit_without_anything_400" time="0.107" /><testcase classname="backend.tests.test_iter70_badges.TestPassAndSubmit" name="test_upload_and_remove_doc" time="0.329" /><testcase classname="backend.tests.test_iter70_badges.TestPassAndSubmit" name="test_submit_with_link" time="0.050" /><testcase classname="backend.tests.test_iter70_badges.TestAdminReview" name="test_list_pending_enriched" time="0.403" /><testcase classname="backend.tests.test_iter70_badges.TestAdminReview" name="test_approve" time="0.217" /><testcase classname="backend.tests.test_iter70_badges.TestAdminBadgeCRUD" name="test_create_invalid_correct_index" time="0.045" /><testcase classname="backend.tests.test_iter70_badges.TestAdminBadgeCRUD" name="test_create_ok" time="0.052" /><testcase classname="backend.tests.test_iter70_badges.TestAdminBadgeCRUD" name="test_update_inactive_hidden_from_worker" time="0.095" /><testcase classname="backend.tests.test_iter70_badges.TestAdminBadgeCRUD" name="test_delete_badge" time="0.049" /><testcase classname="backend.tests.test_iter70_badges.TestAdminBadgeCRUD" name="test_ai_quiz_generation" time="8.516" /><testcase classname="backend.tests.test_iter70_badges.TestGigGating" name="test_admin_create_gated_gig" time="0.141" /><testcase classname="backend.tests.test_iter70_badges.TestGigGating" name="test_worker_gig_list_shows_required_badge" time="0.124" /><testcase classname="backend.tests.test_iter70_badges.TestGigGating" name="test_worker_accept_blocked_403" time="0.104" /><testcase classname="backend.tests.test_iter70_badges.TestGigGating" name="test_certify_and_accept_succeeds" time="0.057" /><testcase classname="backend.tests.test_iter70_badges.TestGigGating" name="test_gig_detail_attaches_required_badge" time="0.051" /><testcase classname="backend.tests.test_iter70_badges.TestGigGating" name="test_regression_open_gig" time="0.160" /><testcase classname="backend.tests.test_iter70_badges.TestGigGating" name="test_cleanup_gigs" time="0.088" /><testcase classname="backend.tests.test_iter70_badges.TestRejectAndReset" name="test_reject_flow" time="0.206" /><testcase classname="backend.tests.test_iter70_badges.TestRejectAndReset" name="test_reset_flow" time="0.048" /></testsuite></testsuites>