<?xml version="1.0" encoding="utf-8"?><testsuites name="pytest tests"><testsuite name="pytest" errors="0" failures="1" skipped="0" tests="21" time="4.563" timestamp="2026-06-01T03:52:54.599841+00:00" hostname="agent-env-175ae4c2-6149-4664-927a-55e2d003c2dc"><testcase classname="backend.tests.test_iter16.TestAdminRating" name="test_set_rating_ok" time="1.143" /><testcase classname="backend.tests.test_iter16.TestAdminRating" name="test_stars_zero_400" time="0.054" /><testcase classname="backend.tests.test_iter16.TestAdminRating" name="test_stars_six_400" time="0.052" /><testcase classname="backend.tests.test_iter16.TestAdminRating" name="test_clear_removes_rating" time="0.152" /><testcase classname="backend.tests.test_iter16.TestAdminRating" name="test_acceptance_not_found_404" time="0.048" /><testcase classname="backend.tests.test_iter16.TestRatingLink" name="test_generate_link" time="0.050" /><testcase classname="backend.tests.test_iter16.TestRatingLink" name="test_same_token_when_not_regenerated" time="0.097" /><testcase classname="backend.tests.test_iter16.TestRatingLink" name="test_regenerate_changes_token" time="0.096" /><testcase classname="backend.tests.test_iter16.TestPublicRating" name="test_lookup_invalid_token_404" time="0.114" /><testcase classname="backend.tests.test_iter16.TestPublicRating" name="test_full_flow" time="0.542" /><testcase classname="backend.tests.test_iter16.TestPublicRating" name="test_submit_invalid_stars_400" time="0.273" /><testcase classname="backend.tests.test_iter16.TestWorkerRatingStats" name="test_workers_list_includes_rating_fields" time="0.266" /><testcase classname="backend.tests.test_iter16.TestWorkerRatingStats" name="test_workers_min_rating_filter" time="0.597" /><testcase classname="backend.tests.test_iter16.TestWorkerRatingStats" name="test_workers_min_rating_excludes_unrated" time="0.519" /><testcase classname="backend.tests.test_iter16.TestWorkerRatingStats" name="test_min_rating_validation" time="0.110" /><testcase classname="backend.tests.test_iter16.TestWorkerDetailRating" name="test_detail_includes_stats" time="0.047"><failure message="AssertionError: missing key rating_avg in worker detail&#10;assert 'rating_avg' in {'accepted_gigs': [{'acceptance_id': 'acc_573463e2986e', 'accepted_at': '2026-06-01T03:52:55.760339+00:00', 'admin_rating': 5, 'admin_rating_at': '2026-06-01T03:52:58.163714+00:00', ...}], 'address': '', 'auth_provider': 'local', 'availability': [], ...}">backend/tests/test_iter16.py:266: in test_detail_includes_stats
    assert k in data, f"missing key {k} in worker detail"
E   AssertionError: missing key rating_avg in worker detail
E   assert 'rating_avg' in {'accepted_gigs': [{'acceptance_id': 'acc_573463e2986e', 'accepted_at': '2026-06-01T03:52:55.760339+00:00', 'admin_rating': 5, 'admin_rating_at': '2026-06-01T03:52:58.163714+00:00', ...}], 'address': '', 'auth_provider': 'local', 'availability': [], ...}</failure></testcase><testcase classname="backend.tests.test_iter16.TestActivityReport" name="test_activity_has_avg_rating" time="0.054" /><testcase classname="backend.tests.test_iter16.TestReportsRegression" name="test_timesheets" time="0.047" /><testcase classname="backend.tests.test_iter16.TestReportsRegression" name="test_workers" time="0.077" /><testcase classname="backend.tests.test_iter16.TestReportsRegression" name="test_earnings" time="0.050" /><testcase classname="backend.tests.test_iter16.TestReportsRegression" name="test_gigs" time="0.052" /></testsuite></testsuites>