<?xml version="1.0" encoding="utf-8"?><testsuites name="pytest tests"><testsuite name="pytest" errors="0" failures="0" skipped="0" tests="6" time="4.769" timestamp="2026-06-15T20:09:12.907257+00:00" hostname="agent-env-175ae4c2-6149-4664-927a-55e2d003c2dc"><testcase classname="backend.tests.test_iter34_tz_and_availability" name="test_availability_toggle_on_off_flow" time="1.964" /><testcase classname="backend.tests.test_iter34_tz_and_availability" name="test_availability_custom_hours" time="0.780" /><testcase classname="backend.tests.test_iter34_tz_and_availability" name="test_availability_non_worker_blocked" time="0.385" /><testcase classname="backend.tests.test_iter34_tz_and_availability" name="test_admin_stats_includes_available_now" time="0.390" /><testcase classname="backend.tests.test_iter34_tz_and_availability" name="test_gig_stores_scheduled_local" time="0.497" /><testcase classname="backend.tests.test_iter34_tz_and_availability" name="test_recurring_uses_wall_clock_for_display" time="0.694" /></testsuite></testsuites>