<?xml version="1.0" encoding="utf-8"?><testsuites name="pytest tests"><testsuite name="pytest" errors="0" failures="0" skipped="0" tests="15" time="3.686" timestamp="2026-06-15T18:43:05.565790+00:00" hostname="agent-env-175ae4c2-6149-4664-927a-55e2d003c2dc"><testcase classname="backend.tests.test_iter29_gigs_router" name="test_list_gigs_includes_refactor_fields" time="0.656" /><testcase classname="backend.tests.test_iter29_gigs_router" name="test_get_gig_detail_has_request_arrays" time="0.089" /><testcase classname="backend.tests.test_iter29_gigs_router" name="test_accept_blocked_for_unverified_worker" time="0.775" /><testcase classname="backend.tests.test_iter29_gigs_router" name="test_request_approve_clock_cycle" time="0.719" /><testcase classname="backend.tests.test_iter29_gigs_router" name="test_blast_marks_rush" time="0.109" /><testcase classname="backend.tests.test_iter29_gigs_router" name="test_rush_toggle" time="0.092" /><testcase classname="backend.tests.test_iter29_gigs_router" name="test_set_tags_replaces_array" time="0.175" /><testcase classname="backend.tests.test_iter29_gigs_router" name="test_cancel_shift_flow" time="0.231" /><testcase classname="backend.tests.test_iter29_gigs_router" name="test_delete_gig_cascades_acceptances" time="0.102" /><testcase classname="backend.tests.test_iter29_gigs_router" name="test_push_public_key_unauth" time="0.116" /><testcase classname="backend.tests.test_iter29_gigs_router" name="test_push_status_requires_auth" time="0.110" /><testcase classname="backend.tests.test_iter29_gigs_router" name="test_auth_me" time="0.043" /><testcase classname="backend.tests.test_iter29_gigs_router" name="test_forgot_password_always_200" time="0.116" /><testcase classname="backend.tests.test_iter29_gigs_router" name="test_profile_options_requires_auth" time="0.099" /><testcase classname="backend.tests.test_iter29_gigs_router" name="test_profile_options_with_auth" time="0.091" /></testsuite></testsuites>