<?xml version="1.0" encoding="utf-8"?><testsuites name="pytest tests"><testsuite name="pytest" errors="0" failures="0" skipped="0" tests="26" time="5.789" timestamp="2026-05-31T22:14:46.512527+00:00" hostname="agent-env-175ae4c2-6149-4664-927a-55e2d003c2dc"><testcase classname="backend.tests.test_iter12.TestProfileOptions" name="test_options_shape" time="0.577" /><testcase classname="backend.tests.test_iter12.TestProfileCompletion" name="test_register_returns_incomplete" time="0.407" /><testcase classname="backend.tests.test_iter12.TestProfileCompletion" name="test_fill_all_required_marks_complete" time="0.455" /><testcase classname="backend.tests.test_iter12.TestProfileValidation" name="test_reject_bad_zip" time="0.053" /><testcase classname="backend.tests.test_iter12.TestProfileValidation" name="test_reject_unknown_skill" time="0.052" /><testcase classname="backend.tests.test_iter12.TestProfileValidation" name="test_reject_unknown_availability" time="0.049" /><testcase classname="backend.tests.test_iter12.TestProfileValidation" name="test_reject_unknown_experience" time="0.059" /><testcase classname="backend.tests.test_iter12.TestProfileValidation" name="test_reject_unknown_tshirt" time="0.051" /><testcase classname="backend.tests.test_iter12.TestProfileValidation" name="test_accepts_full_payload" time="0.048" /><testcase classname="backend.tests.test_iter12.TestAcceptProfileGate" name="test_403_when_profile_incomplete_even_if_id_verified" time="1.012" /><testcase classname="backend.tests.test_iter12.TestAcceptProfileGate" name="test_accept_succeeds_when_profile_complete_and_id_verified" time="0.747" /><testcase classname="backend.tests.test_iter12.TestAdminWorkersFilters" name="test_filter_by_skill_deep_cleaning" time="1.366" /><testcase classname="backend.tests.test_iter12.TestAdminWorkersFilters" name="test_filter_by_skill_csv" time="0.047" /><testcase classname="backend.tests.test_iter12.TestAdminWorkersFilters" name="test_filter_by_availability" time="0.051" /><testcase classname="backend.tests.test_iter12.TestAdminWorkersFilters" name="test_filter_zip_exact" time="0.051" /><testcase classname="backend.tests.test_iter12.TestAdminWorkersFilters" name="test_filter_zip_prefix" time="0.057" /><testcase classname="backend.tests.test_iter12.TestAdminWorkersFilters" name="test_filter_vehicle_truck" time="0.048" /><testcase classname="backend.tests.test_iter12.TestAdminWorkersFilters" name="test_filter_vehicle_cdl" time="0.048" /><testcase classname="backend.tests.test_iter12.TestAdminWorkersFilters" name="test_filter_vehicle_any" time="0.050" /><testcase classname="backend.tests.test_iter12.TestAdminWorkersFilters" name="test_filter_profile_complete_true" time="0.051" /><testcase classname="backend.tests.test_iter12.TestAdminWorkersFilters" name="test_filter_profile_complete_false" time="0.109" /><testcase classname="backend.tests.test_iter12.TestAdminWorkersFilters" name="test_search_by_name" time="0.067" /><testcase classname="backend.tests.test_iter12.TestWorkerMatch" name="test_match_cleaning_94110" time="0.052" /><testcase classname="backend.tests.test_iter12.TestWorkerMatch" name="test_match_cleaning_zip_prefix_only" time="0.065" /><testcase classname="backend.tests.test_iter12.TestWorkerMatch" name="test_match_driver_requires_driving" time="0.054" /><testcase classname="backend.tests.test_iter12.TestWorkerMatch" name="test_match_excludes_incomplete_profile" time="0.053" /></testsuite></testsuites>