<?xml version="1.0" encoding="utf-8"?><testsuites name="pytest tests"><testsuite name="pytest" errors="0" failures="0" skipped="0" tests="8" time="3.758" timestamp="2026-07-06T01:45:45.793924+00:00" hostname="agent-env-175ae4c2-6149-4664-927a-55e2d003c2dc"><testcase classname="backend.tests.test_va_digital_jobs.TestAccessControl" name="test_worker_blocked_from_board" time="0.598" /><testcase classname="backend.tests.test_va_digital_jobs.TestAccessControl" name="test_pending_va_blocked_from_board" time="0.438" /><testcase classname="backend.tests.test_va_digital_jobs.TestFixedPriceFlow" name="test_full_flow" time="1.627" /><testcase classname="backend.tests.test_va_digital_jobs.TestHourlyDirectAssign" name="test_flow" time="0.337" /><testcase classname="backend.tests.test_va_digital_jobs.TestRejectFlow" name="test_reject" time="0.335" /><testcase classname="backend.tests.test_va_digital_jobs.TestAssignReassignCancel" name="test_assign_and_cancel" time="0.142" /><testcase classname="backend.tests.test_va_digital_jobs.TestAssignReassignCancel" name="test_approve_on_non_submitted_400" time="0.091" /><testcase classname="backend.tests.test_va_digital_jobs.TestPMCommissionApprove" name="test_pm_queue_and_approve" time="0.115" /></testsuite></testsuites>