<?xml version="1.0" encoding="utf-8"?><testsuites name="pytest tests"><testsuite name="pytest" errors="0" failures="0" skipped="0" tests="14" time="22.180" timestamp="2026-07-12T16:20:21.231772+00:00" hostname="agent-env-175ae4c2-6149-4664-927a-55e2d003c2dc"><testcase classname="backend.tests.test_pool_engine_v2" name="test_pool_A_split_routine" time="1.864" /><testcase classname="backend.tests.test_pool_engine_v2" name="test_paid_requires_job_profit" time="0.921" /><testcase classname="backend.tests.test_pool_engine_v2" name="test_paid_commercial_requires_revenue" time="0.977" /><testcase classname="backend.tests.test_pool_engine_v2" name="test_category_mapping_smoke" time="3.966" /><testcase classname="backend.tests.test_pool_engine_v2" name="test_tier_promotion_senior" time="1.113" /><testcase classname="backend.tests.test_pool_engine_v2" name="test_cat_D_visit_4_mid_phase" time="1.038" /><testcase classname="backend.tests.test_pool_engine_v2" name="test_same_va_repeat_allowed_diff_va_blocked" time="1.669" /><testcase classname="backend.tests.test_pool_engine_v2" name="test_team_lead_reject_below_senior" time="0.548" /><testcase classname="backend.tests.test_pool_engine_v2" name="test_team_lead_promote_senior_and_override" time="3.807" /><testcase classname="backend.tests.test_pool_engine_v2" name="test_team_cap_5" time="3.923" /><testcase classname="backend.tests.test_pool_engine_v2" name="test_commission_settings_get_and_put" time="0.207" /><testcase classname="backend.tests.test_pool_engine_v2" name="test_commercial_log_revenue_pool_split" time="0.671" /><testcase classname="backend.tests.test_pool_engine_v2" name="test_commercial_log_revenue_rejects_unapproved" time="0.734" /><testcase classname="backend.tests.test_pool_engine_v2" name="test_legacy_commission_frozen" time="0.529" /></testsuite></testsuites>