<?xml version="1.0" encoding="utf-8"?><testsuites name="pytest tests"><testsuite name="pytest" errors="0" failures="0" skipped="0" tests="8" time="2.018" timestamp="2026-06-17T21:06:52.806253+00:00" hostname="agent-env-175ae4c2-6149-4664-927a-55e2d003c2dc"><testcase classname="tests.test_iter47_truthful_approval" name="test_admin_workers_list_includes_blockers_and_fully_active" time="1.031" /><testcase classname="tests.test_iter47_truthful_approval" name="test_admin_worker_detail_includes_blockers_and_fully_active" time="0.063" /><testcase classname="tests.test_iter47_truthful_approval" name="test_approve_blocked_for_incomplete_worker" time="0.048" /><testcase classname="tests.test_iter47_truthful_approval" name="test_put_profile_approved_blocked_when_blockers_remain" time="0.065" /><testcase classname="tests.test_iter47_truthful_approval" name="test_put_profile_fix_all_blockers_in_one_call" time="0.105" /><testcase classname="tests.test_iter47_truthful_approval" name="test_reinstate_blocked_for_incomplete_worker" time="0.074" /><testcase classname="tests.test_iter47_truthful_approval" name="test_fully_active_worker_can_be_approved" time="0.251" /><testcase classname="tests.test_iter47_truthful_approval" name="test_migration_is_idempotent" time="0.224" /></testsuite></testsuites>