<?xml version="1.0" encoding="utf-8"?><testsuites name="pytest tests"><testsuite name="pytest" errors="0" failures="3" skipped="0" tests="12" time="8.249" timestamp="2026-07-12T16:20:48.458811+00:00" hostname="agent-env-175ae4c2-6149-4664-927a-55e2d003c2dc"><testcase classname="backend.tests.test_va_commission" name="test_mechie_seeded" time="0.388" /><testcase classname="backend.tests.test_va_commission" name="test_owner_flag_set" time="0.362" /><testcase classname="backend.tests.test_va_commission" name="test_va_self_signup_is_pending" time="0.410" /><testcase classname="backend.tests.test_va_commission" name="test_va_lead_submit_after_approval" time="0.627" /><testcase classname="backend.tests.test_va_commission" name="test_duplicate_lead_block" time="0.710" /><testcase classname="backend.tests.test_va_commission" name="test_self_referral_block" time="0.521" /><testcase classname="backend.tests.test_va_commission" name="test_commission_lifecycle" time="0.898"><failure message="AssertionError: stage paid: {&quot;detail&quot;:&quot;Job profit is required to mark this lead Paid — the commission pool is a % of job profit.&quot;}&#10;assert 400 == 200&#10; +  where 400 = &lt;Response [400]&gt;.status_code">E   AssertionError: stage paid: {"detail":"Job profit is required to mark this lead Paid — the commission pool is a % of job profit."}
    assert 400 == 200
     +  where 400 = &lt;Response [400]&gt;.status_code</failure></testcase><testcase classname="backend.tests.test_va_commission" name="test_va_dashboard_and_earnings" time="0.857"><failure message="assert 0.0 &gt;= 25.0">E   assert 0.0 &gt;= 25.0</failure></testcase><testcase classname="backend.tests.test_va_commission" name="test_va_status_suspend_blocks_lead_submit" time="0.684" /><testcase classname="backend.tests.test_va_commission" name="test_pm_violations_logged" time="0.601" /><testcase classname="backend.tests.test_va_commission" name="test_commercial_account_revenue" time="0.717"><failure message="assert 75.0 == 100.0">E   assert 75.0 == 100.0</failure></testcase><testcase classname="backend.tests.test_va_commission" name="test_owner_bulk_approve" time="1.393" /></testsuite></testsuites>