<?xml version="1.0" encoding="utf-8"?><testsuites name="pytest tests"><testsuite name="pytest" errors="0" failures="0" skipped="0" tests="6" time="1.846" timestamp="2026-06-12T06:48:13.711206+00:00" hostname="agent-env-175ae4c2-6149-4664-927a-55e2d003c2dc"><testcase classname="backend.tests.test_iter23_e2e_setup" name="test_admin_login_works" time="0.468" /><testcase classname="backend.tests.test_iter23_e2e_setup" name="test_admin_gigs_list" time="0.421" /><testcase classname="backend.tests.test_iter23_e2e_setup" name="test_admin_global_requests_queue" time="0.048" /><testcase classname="backend.tests.test_iter23_e2e_setup" name="test_create_gig_with_backup_slots" time="0.127" /><testcase classname="backend.tests.test_iter23_e2e_setup" name="test_approve_as_backup_endpoint_exists" time="0.328" /><testcase classname="backend.tests.test_iter23_e2e_setup" name="test_promote_backup_endpoint" time="0.283" /></testsuite></testsuites>