<?xml version="1.0" encoding="utf-8"?><testsuites name="pytest tests"><testsuite name="pytest" errors="0" failures="0" skipped="0" tests="17" time="11.708" timestamp="2026-06-16T11:55:29.995275+00:00" hostname="agent-env-175ae4c2-6149-4664-927a-55e2d003c2dc"><testcase classname="tests.test_iter36_blast_perf" name="test_blast_returns_fast_with_all_channels" time="0.743" /><testcase classname="tests.test_iter36_blast_perf" name="test_blast_inapp_only_still_works" time="1.047" /><testcase classname="tests.test_iter36_blast_perf" name="test_blast_log_includes_estimates" time="1.316" /><testcase classname="tests.test_iter39_blast_safety" name="test_kill_switch_endpoint_owner_only" time="0.730" /><testcase classname="tests.test_iter39_blast_safety" name="test_kill_switch_blocks_blast" time="1.144" /><testcase classname="tests.test_iter39_blast_safety" name="test_cooldown_blocks_repeat_blast" time="0.573" /><testcase classname="tests.test_iter39_blast_safety" name="test_blast_audit_endpoint" time="0.579" /><testcase classname="tests.test_iter39_blast_safety" name="test_fanout_dedupes_workers_by_email" time="0.378" /><testcase classname="tests.test_iter39_blast_safety" name="test_fanout_kill_switch_aborts" time="0.002" /><testcase classname="tests.test_iter39_blast_safety_extra" name="test_non_owner_admin_cannot_toggle_kill_switch" time="0.433" /><testcase classname="tests.test_iter39_blast_safety_extra" name="test_kill_switch_get_returns_full_shape" time="0.541" /><testcase classname="tests.test_iter39_blast_safety_extra" name="test_kill_switch_blocks_project_blast" time="0.817" /><testcase classname="tests.test_iter39_blast_safety_extra" name="test_cooldown_is_per_gig_not_global" time="0.800" /><testcase classname="tests.test_iter39_blast_safety_extra" name="test_project_blast_cooldown" time="0.704" /><testcase classname="tests.test_iter39_blast_safety_extra" name="test_in_app_only_blast_no_background_task" time="0.545" /><testcase classname="tests.test_iter39_blast_safety_extra" name="test_full_channel_blast_returns_fast_and_queued" time="0.663" /><testcase classname="tests.test_iter39_blast_safety_extra" name="test_zzz_final_kill_switch_is_off" time="0.522" /></testsuite></testsuites>