<?xml version="1.0" encoding="utf-8"?><testsuites name="pytest tests"><testsuite name="pytest" errors="0" failures="0" skipped="0" tests="20" time="3.014" timestamp="2026-06-01T03:01:52.162125+00:00" hostname="agent-env-175ae4c2-6149-4664-927a-55e2d003c2dc"><testcase classname="backend.tests.test_iter15.TestAdminEditHappyPath" name="test_full_update" time="1.014" /><testcase classname="backend.tests.test_iter15.TestAdminEditValidation" name="test_bad_skill_400" time="0.048" /><testcase classname="backend.tests.test_iter15.TestAdminEditValidation" name="test_bad_availability_400" time="0.050" /><testcase classname="backend.tests.test_iter15.TestAdminEditValidation" name="test_bad_experience_level_400" time="0.049" /><testcase classname="backend.tests.test_iter15.TestAdminEditValidation" name="test_empty_experience_level_allowed" time="0.050" /><testcase classname="backend.tests.test_iter15.TestAdminEditValidation" name="test_bad_tshirt_size_400" time="0.047" /><testcase classname="backend.tests.test_iter15.TestAdminEditValidation" name="test_bad_zip_400" time="0.097" /><testcase classname="backend.tests.test_iter15.TestAdminEditValidation" name="test_bad_worker_status_400" time="0.048" /><testcase classname="backend.tests.test_iter15.TestAdminEditEmail" name="test_invalid_format_400" time="0.049" /><testcase classname="backend.tests.test_iter15.TestAdminEditEmail" name="test_duplicate_email_400" time="0.051" /><testcase classname="backend.tests.test_iter15.TestAdminEditEmail" name="test_same_email_noop_ok" time="0.049" /><testcase classname="backend.tests.test_iter15.TestAdminEditEmail" name="test_lowercase_stored" time="0.049" /><testcase classname="backend.tests.test_iter15.TestAdminEditSessionKill" name="test_rejected_kills_sessions" time="0.477" /><testcase classname="backend.tests.test_iter15.TestAdminEditBadTarget" name="test_nonexistent_worker_404" time="0.051" /><testcase classname="backend.tests.test_iter15.TestAdminEditBadTarget" name="test_target_admin_400" time="0.099" /><testcase classname="backend.tests.test_iter15.TestRegression" name="test_worker_self_serve_profile_still_works" time="0.392" /><testcase classname="backend.tests.test_iter15.TestRegression" name="test_existing_admin_endpoints" time="0.079" /><testcase classname="backend.tests.test_iter15.TestRegression" name="test_admin_reports_workers_json" time="0.077" /><testcase classname="backend.tests.test_iter15.TestRegression" name="test_admin_reports_workers_csv" time="0.060" /><testcase classname="backend.tests.test_iter15.TestRegression" name="test_admin_workers_filter" time="0.079" /></testsuite></testsuites>