<?xml version="1.0" encoding="utf-8"?><testsuites name="pytest tests"><testsuite name="pytest" errors="0" failures="0" skipped="1" tests="17" time="2.250" timestamp="2026-06-15T16:51:52.213334+00:00" hostname="agent-env-175ae4c2-6149-4664-927a-55e2d003c2dc"><testcase classname="tests.test_iter28_refactor_regression.TestAuth" name="test_admin_login_shape" time="0.382" /><testcase classname="tests.test_iter28_refactor_regression.TestAuth" name="test_admin_me" time="0.050" /><testcase classname="tests.test_iter28_refactor_regression.TestAuth" name="test_worker_register_shape" time="0.394" /><testcase classname="tests.test_iter28_refactor_regression.TestGigs" name="test_list_gigs_admin" time="0.086" /><testcase classname="tests.test_iter28_refactor_regression.TestGigs" name="test_gig_detail_admin" time="0.050" /><testcase classname="tests.test_iter28_refactor_regression.TestGigs" name="test_list_gigs_worker" time="0.068" /><testcase classname="tests.test_iter28_refactor_regression.TestProjects" name="test_list_projects" time="0.087" /><testcase classname="tests.test_iter28_refactor_regression.TestProjects" name="test_project_detail" time="0.000"><skipped type="pytest.skip" message="no projects">/app/backend/tests/test_iter28_refactor_regression.py:128: no projects</skipped></testcase><testcase classname="tests.test_iter28_refactor_regression.TestAdmin" name="test_admin_stats" time="0.054" /><testcase classname="tests.test_iter28_refactor_regression.TestAdmin" name="test_admin_requests" time="0.060" /><testcase classname="tests.test_iter28_refactor_regression.TestAdmin" name="test_admin_settings" time="0.081" /><testcase classname="tests.test_iter28_refactor_regression.TestProfile" name="test_profile_options" time="0.069" /><testcase classname="tests.test_iter28_refactor_regression.TestMessages" name="test_threads_list" time="0.099" /><testcase classname="tests.test_iter28_refactor_regression.TestMessages" name="test_unread_count" time="0.081" /><testcase classname="tests.test_iter28_refactor_regression.TestMessages" name="test_worker_can_dm_admin" time="0.113" /><testcase classname="tests.test_iter28_refactor_regression.TestMessages" name="test_worker_cannot_dm_stranger_worker" time="0.384" /><testcase classname="tests.test_iter28_refactor_regression.TestFiles" name="test_files_unauth" time="0.105" /></testsuite></testsuites>