<?xml version="1.0" encoding="utf-8"?><testsuites name="pytest tests"><testsuite name="pytest" errors="0" failures="0" skipped="0" tests="17" time="4.493" timestamp="2026-06-17T03:07:37.510233+00:00" hostname="agent-env-175ae4c2-6149-4664-927a-55e2d003c2dc"><testcase classname="backend.tests.test_iter41_lead_crud.TestPMListAndTrashFilters" name="test_trash_filter_basic" time="1.402" /><testcase classname="backend.tests.test_iter41_lead_crud.TestPMEditAndActivity" name="test_pm_get_detail_shape" time="0.095" /><testcase classname="backend.tests.test_iter41_lead_crud.TestPMEditAndActivity" name="test_pm_edit_logs_diff_and_normalizes" time="0.144" /><testcase classname="backend.tests.test_iter41_lead_crud.TestPMEditAndActivity" name="test_pm_edit_bad_va_user_id_400" time="0.139" /><testcase classname="backend.tests.test_iter41_lead_crud.TestPMEditAndActivity" name="test_pm_reassign_to_valid_va_also_moves_commission" time="0.800" /><testcase classname="backend.tests.test_iter41_lead_crud.TestPMEditAndActivity" name="test_pm_edit_trashed_lead_400" time="0.161" /><testcase classname="backend.tests.test_iter41_lead_crud.TestPMEditAndActivity" name="test_pm_delete_idempotent_and_rejects_non_paid_commission" time="0.233" /><testcase classname="backend.tests.test_iter41_lead_crud.TestPMEditAndActivity" name="test_pm_restore" time="0.240" /><testcase classname="backend.tests.test_iter41_lead_crud.TestPMEditAndActivity" name="test_stage_change_logged" time="0.146" /><testcase classname="backend.tests.test_iter41_lead_crud.TestVAPermissions" name="test_va_list_hides_trashed" time="0.140" /><testcase classname="backend.tests.test_iter41_lead_crud.TestVAPermissions" name="test_va_cannot_view_others_lead" time="0.101" /><testcase classname="backend.tests.test_iter41_lead_crud.TestVAPermissions" name="test_va_edit_own_new_lead_ok" time="0.093" /><testcase classname="backend.tests.test_iter41_lead_crud.TestVAPermissions" name="test_va_edit_after_stage_move_403" time="0.142" /><testcase classname="backend.tests.test_iter41_lead_crud.TestVAPermissions" name="test_va_edit_with_admin_only_fields_403" time="0.139" /><testcase classname="backend.tests.test_iter41_lead_crud.TestVAPermissions" name="test_va_delete_own_new_lead_ok" time="0.092" /><testcase classname="backend.tests.test_iter41_lead_crud.TestVAPermissions" name="test_va_delete_after_stage_move_403" time="0.143" /><testcase classname="backend.tests.test_iter41_lead_crud.TestVAPermissions" name="test_va_delete_with_commission_403" time="0.187" /></testsuite></testsuites>