<?xml version="1.0" encoding="utf-8"?><testsuites name="pytest tests"><testsuite name="pytest" errors="0" failures="0" skipped="0" tests="28" time="3.152" timestamp="2026-06-01T01:31:11.329124+00:00" hostname="agent-env-175ae4c2-6149-4664-927a-55e2d003c2dc"><testcase classname="backend.tests.test_iter13.TestExperienceLevelEmptyBugFix" name="test_empty_experience_level_string_is_accepted" time="0.477" /><testcase classname="backend.tests.test_iter13.TestExperienceLevelEmptyBugFix" name="test_valid_experience_level_still_works" time="0.429" /><testcase classname="backend.tests.test_iter13.TestExperienceLevelEmptyBugFix" name="test_invalid_experience_level_still_rejected" time="0.380" /><testcase classname="backend.tests.test_iter13.TestWorkersReport" name="test_basic_shape_no_pii" time="0.429" /><testcase classname="backend.tests.test_iter13.TestWorkersReport" name="test_include_pii_adds_columns" time="0.090" /><testcase classname="backend.tests.test_iter13.TestWorkersReport" name="test_filter_profile_status_complete" time="0.054" /><testcase classname="backend.tests.test_iter13.TestWorkersReport" name="test_filter_profile_status_incomplete" time="0.158" /><testcase classname="backend.tests.test_iter13.TestWorkersReport" name="test_filter_zip_prefix" time="0.049" /><testcase classname="backend.tests.test_iter13.TestWorkersReport" name="test_filter_skills" time="0.050" /><testcase classname="backend.tests.test_iter13.TestGigsReport" name="test_basic_shape" time="0.051" /><testcase classname="backend.tests.test_iter13.TestGigsReport" name="test_filter_by_status" time="0.052" /><testcase classname="backend.tests.test_iter13.TestGigsReport" name="test_filter_by_category" time="0.056" /><testcase classname="backend.tests.test_iter13.TestGigsReport" name="test_filter_date_range" time="0.047" /><testcase classname="backend.tests.test_iter13.TestActivityReport" name="test_basic_shape" time="0.060" /><testcase classname="backend.tests.test_iter13.TestActivityReport" name="test_sorted_desc_by_gigs_completed" time="0.048" /><testcase classname="backend.tests.test_iter13.TestEarningsReport" name="test_basic_shape" time="0.049" /><testcase classname="backend.tests.test_iter13.TestEarningsReport" name="test_only_approved" time="0.047" /><testcase classname="backend.tests.test_iter13.TestCSVDownloads" name="test_csv_header_and_filename[workers]" time="0.061" /><testcase classname="backend.tests.test_iter13.TestCSVDownloads" name="test_csv_header_and_filename[gigs]" time="0.050" /><testcase classname="backend.tests.test_iter13.TestCSVDownloads" name="test_csv_header_and_filename[activity]" time="0.050" /><testcase classname="backend.tests.test_iter13.TestCSVDownloads" name="test_csv_header_and_filename[earnings]" time="0.049" /><testcase classname="backend.tests.test_iter13.TestGoogleSheetsExport" name="test_returns_400_not_500_when_unconfigured" time="0.048" /><testcase classname="backend.tests.test_iter13.TestGoogleSheetsExport" name="test_returns_400_for_timesheets_default" time="0.050" /><testcase classname="backend.tests.test_iter13.TestGoogleSheetsExport" name="test_unknown_report_type_returns_400" time="0.048" /><testcase classname="backend.tests.test_iter13.TestTimesheetsRegression" name="test_timesheets_json_unchanged" time="0.047" /><testcase classname="backend.tests.test_iter13.TestTimesheetsRegression" name="test_timesheets_csv_unchanged" time="0.049" /><testcase classname="backend.tests.test_iter13.TestTimesheetsRegression" name="test_generic_route_rejects_timesheets" time="0.053" /><testcase classname="backend.tests.test_iter13.TestTimesheetsRegression" name="test_unknown_report_type_returns_404" time="0.048" /></testsuite></testsuites>