<?xml version="1.0" encoding="utf-8"?><testsuites name="pytest tests"><testsuite name="pytest" errors="0" failures="0" skipped="0" tests="23" time="13.118" timestamp="2026-05-31T14:32:28.734766+00:00" hostname="agent-env-175ae4c2-6149-4664-927a-55e2d003c2dc"><testcase classname="backend.tests.test_iter11.TestWorkerDefaultPay" name="test_set_and_clear_default_pay" time="1.058" /><testcase classname="backend.tests.test_iter11.TestWorkerDefaultPay" name="test_pay_negative_rejected" time="0.467" /><testcase classname="backend.tests.test_iter11.TestWorkerDefaultPay" name="test_pay_unknown_worker_404" time="0.055" /><testcase classname="backend.tests.test_iter11.TestResolvePayPrecedence" name="test_gig_posted_when_no_overrides" time="0.667" /><testcase classname="backend.tests.test_iter11.TestResolvePayPrecedence" name="test_worker_default_overrides_gig_posted" time="0.664" /><testcase classname="backend.tests.test_iter11.TestResolvePayPrecedence" name="test_per_gig_override_wins" time="0.712" /><testcase classname="backend.tests.test_iter11.TestResolvePayPrecedence" name="test_flat_pay_independent_of_hours" time="0.665" /><testcase classname="backend.tests.test_iter11.TestClockOutSnapshot" name="test_clock_out_snapshots_pay_and_earnings" time="0.652" /><testcase classname="backend.tests.test_iter11.TestTimesheetApproval" name="test_approve_unapprove_cycle" time="0.723" /><testcase classname="backend.tests.test_iter11.TestTimesheetApproval" name="test_approve_requires_clock_out" time="0.593" /><testcase classname="backend.tests.test_iter11.TestTimesheetApproval" name="test_approve_with_hours_correction" time="0.649" /><testcase classname="backend.tests.test_iter11.TestTimesheetApproval" name="test_approve_with_manual_earnings" time="0.614" /><testcase classname="backend.tests.test_iter11.TestTimesheetApproval" name="test_override_after_approval_invalidates" time="0.712" /><testcase classname="backend.tests.test_iter11.TestWorkerEarningsGate" name="test_my_earnings_excludes_pending" time="0.722" /><testcase classname="backend.tests.test_iter11.TestWorkerEarningsGate" name="test_my_earnings_forbidden_for_admin" time="0.046" /><testcase classname="backend.tests.test_iter11.TestAdminReports" name="test_reports_filters_and_totals" time="0.762" /><testcase classname="backend.tests.test_iter11.TestAdminReports" name="test_reports_worker_filter" time="0.645" /><testcase classname="backend.tests.test_iter11.TestAdminReports" name="test_reports_csv_download" time="0.633" /><testcase classname="backend.tests.test_iter11.TestAdminReports" name="test_reports_requires_admin" time="0.495" /><testcase classname="backend.tests.test_iter11.TestGoogleSheetsExport" name="test_export_400_when_not_configured" time="0.099" /><testcase classname="backend.tests.test_iter11.TestGoogleSheetsExport" name="test_settings_exposes_gs_fields" time="0.062" /><testcase classname="backend.tests.test_iter11.TestAcceptanceEnrichedFields" name="test_gig_detail_includes_pay_and_effective_fields" time="0.632" /><testcase classname="backend.tests.test_iter11.TestAcceptanceEnrichedFields" name="test_worker_detail_includes_pay_fields" time="0.636" /></testsuite></testsuites>