<?xml version="1.0" encoding="utf-8"?><testsuites name="pytest tests"><testsuite name="pytest" errors="0" failures="0" skipped="0" tests="16" time="3.548" timestamp="2026-06-06T17:35:08.878810+00:00" hostname="agent-env-175ae4c2-6149-4664-927a-55e2d003c2dc"><testcase classname="backend.tests.test_iter_projects.TestProjectsCRUD" name="test_login_works" time="0.595" /><testcase classname="backend.tests.test_iter_projects.TestProjectsCRUD" name="test_create_validates_title" time="0.050" /><testcase classname="backend.tests.test_iter_projects.TestProjectsCRUD" name="test_get_project_detail" time="0.106" /><testcase classname="backend.tests.test_iter_projects.TestProjectsCRUD" name="test_list_active_includes_project" time="0.047" /><testcase classname="backend.tests.test_iter_projects.TestProjectsCRUD" name="test_search_filter" time="0.048" /><testcase classname="backend.tests.test_iter_projects.TestProjectsCRUD" name="test_update_project" time="0.047" /><testcase classname="backend.tests.test_iter_projects.TestProjectNotes" name="test_add_and_delete_note" time="0.198" /><testcase classname="backend.tests.test_iter_projects.TestProjectNotes" name="test_empty_note_rejected" time="0.050" /><testcase classname="backend.tests.test_iter_projects.TestGigProjectLinking" name="test_gigs_show_up_in_project_detail" time="0.152" /><testcase classname="backend.tests.test_iter_projects.TestGigProjectLinking" name="test_admin_gigs_list_enriched_with_project" time="0.063" /><testcase classname="backend.tests.test_iter_projects.TestGigProjectLinking" name="test_admin_gig_detail_enriched" time="0.054" /><testcase classname="backend.tests.test_iter_projects.TestGigProjectLinking" name="test_unlink_then_relink" time="0.191" /><testcase classname="backend.tests.test_iter_projects.TestGigProjectLinking" name="test_link_to_nonexistent_project_404" time="0.046" /><testcase classname="backend.tests.test_iter_projects.TestArchive" name="test_archive_unlinks_children_and_appears_in_archived_list" time="0.233" /><testcase classname="backend.tests.test_iter_projects.TestWorkerProjectCard" name="test_worker_sees_project_card_with_siblings_and_crew" time="1.150" /><testcase classname="backend.tests.test_iter_projects.TestWorkerProjectCard" name="test_worker_unlinked_gig_no_project" time="0.422" /></testsuite></testsuites>