<?xml version="1.0" encoding="utf-8"?><testsuites name="pytest tests"><testsuite name="pytest" errors="0" failures="0" skipped="0" tests="24" time="13.974" timestamp="2026-05-31T11:41:23.812908+00:00" hostname="agent-env-175ae4c2-6149-4664-927a-55e2d003c2dc"><testcase classname="backend.tests.test_iter7.TestWorkerApprovalGate" name="test_register_defaults_to_pending" time="0.577" /><testcase classname="backend.tests.test_iter7.TestWorkerApprovalGate" name="test_pending_cannot_accept_gig" time="1.160" /><testcase classname="backend.tests.test_iter7.TestWorkerApprovalGate" name="test_approve_sets_approved" time="0.519" /><testcase classname="backend.tests.test_iter7.TestWorkerApprovalGate" name="test_reject_kills_sessions" time="0.503" /><testcase classname="backend.tests.test_iter7.TestWorkerApprovalGate" name="test_rejected_worker_accept_blocked" time="1.052" /><testcase classname="backend.tests.test_iter7.TestWorkerApprovalGate" name="test_suspend_kills_sessions" time="0.515" /><testcase classname="backend.tests.test_iter7.TestWorkerApprovalGate" name="test_suspended_worker_accept_blocked" time="1.094" /><testcase classname="backend.tests.test_iter7.TestWorkerApprovalGate" name="test_reinstate_lifts_suspension" time="0.473" /><testcase classname="backend.tests.test_iter7.TestWorkerApprovalGate" name="test_status_endpoints_reject_admin" time="0.226" /><testcase classname="backend.tests.test_iter7.TestWorkerApprovalGate" name="test_status_endpoints_404" time="0.186" /><testcase classname="backend.tests.test_iter7.TestWorkerApprovalGate" name="test_status_endpoints_forbid_non_admin" time="0.890" /><testcase classname="backend.tests.test_iter7.TestWorkerApprovalGate" name="test_legacy_no_worker_status_treated_approved" time="0.747" /><testcase classname="backend.tests.test_iter7.TestWorkerListFilter" name="test_status_filter_pending" time="0.432" /><testcase classname="backend.tests.test_iter7.TestWorkerListFilter" name="test_status_filter_approved_includes_legacy" time="0.438" /><testcase classname="backend.tests.test_iter7.TestWorkerListFilter" name="test_status_filter_rejected" time="0.420" /><testcase classname="backend.tests.test_iter7.TestWorkerListFilter" name="test_status_filter_suspended" time="0.423" /><testcase classname="backend.tests.test_iter7.TestWorkerListFilter" name="test_admin_stats_pending_approval" time="0.379" /><testcase classname="backend.tests.test_iter7.TestRecurringGigs" name="test_weekly_repeat_4" time="0.542" /><testcase classname="backend.tests.test_iter7.TestRecurringGigs" name="test_daily_repeat_3" time="0.228" /><testcase classname="backend.tests.test_iter7.TestRecurringGigs" name="test_biweekly_repeat_2" time="0.183" /><testcase classname="backend.tests.test_iter7.TestRecurringGigs" name="test_monthly_repeat_3" time="0.230" /><testcase classname="backend.tests.test_iter7.TestRecurringGigs" name="test_recurrence_none" time="0.092" /><testcase classname="backend.tests.test_iter7.TestRecurringGigs" name="test_repeat_count_clamped_max_52" time="2.460" /><testcase classname="backend.tests.test_iter7.TestRecurringGigs" name="test_recurrence_without_scheduled_at_falls_back" time="0.087" /></testsuite></testsuites>