<?xml version="1.0" encoding="utf-8"?><testsuites name="pytest tests"><testsuite name="pytest" errors="0" failures="0" skipped="0" tests="13" time="2.760" timestamp="2026-07-02T03:32:24.133466+00:00" hostname="agent-env-175ae4c2-6149-4664-927a-55e2d003c2dc"><testcase classname="backend.tests.test_iter51_bookkeeping" name="test_meta_endpoint" time="0.629" /><testcase classname="backend.tests.test_iter51_bookkeeping" name="test_list_ledger" time="0.048" /><testcase classname="backend.tests.test_iter51_bookkeeping" name="test_create_expense_and_income" time="0.334" /><testcase classname="backend.tests.test_iter51_bookkeeping" name="test_invalid_category_for_income" time="0.045" /><testcase classname="backend.tests.test_iter51_bookkeeping" name="test_invalid_date" time="0.046" /><testcase classname="backend.tests.test_iter51_bookkeeping" name="test_amount_zero_rejected" time="0.047" /><testcase classname="backend.tests.test_iter51_bookkeeping" name="test_va_forbidden_on_admin_ledger" time="0.404" /><testcase classname="backend.tests.test_iter51_bookkeeping" name="test_summary_shape" time="0.047" /><testcase classname="backend.tests.test_iter51_bookkeeping" name="test_csv_export" time="0.046" /><testcase classname="backend.tests.test_iter51_bookkeeping" name="test_csv_export_with_filter" time="0.047" /><testcase classname="backend.tests.test_iter51_bookkeeping" name="test_receipt_upload_and_download" time="0.712" /><testcase classname="backend.tests.test_iter51_bookkeeping" name="test_recurring_create_generates_entry_and_toggle_delete" time="0.235" /><testcase classname="backend.tests.test_iter51_bookkeeping" name="test_regression_ops_dashboard" time="0.045" /></testsuite></testsuites>