<?xml version="1.0" encoding="utf-8"?><testsuites name="pytest tests"><testsuite name="pytest" errors="3" failures="47" skipped="1" tests="419" time="442.011" timestamp="2026-06-15T18:43:15.179584+00:00" hostname="agent-env-175ae4c2-6149-4664-927a-55e2d003c2dc"><testcase classname="backend.tests.backend_test" name="test_root_health" time="0.145" /><testcase classname="backend.tests.backend_test" name="test_admin_login_sets_cookie" time="0.321" /><testcase classname="backend.tests.backend_test" name="test_auth_me_with_cookie" time="0.045" /><testcase classname="backend.tests.backend_test" name="test_legacy_admin_login_still_works" time="0.367" /><testcase classname="backend.tests.backend_test" name="test_register_admin_role_is_silently_downgraded_to_worker" time="0.373" /><testcase classname="backend.tests.backend_test" name="test_duplicate_register_fails" time="1.386" /><testcase classname="backend.tests.backend_test" name="test_login_wrong_password_returns_401" time="0.321" /><testcase classname="backend.tests.backend_test" name="test_logout" time="1.116" /><testcase classname="backend.tests.backend_test" name="test_create_cleaning_gig" time="0.051" /><testcase classname="backend.tests.backend_test" name="test_create_labor_gig" time="0.050" /><testcase classname="backend.tests.backend_test" name="test_create_driver_gig" time="0.048" /><testcase classname="backend.tests.backend_test" name="test_worker_cannot_create_gig" time="0.058" /><testcase classname="backend.tests.backend_test" name="test_worker_list_gigs_only_open" time="0.091"><failure message="assert False&#10; +  where False = all(&lt;generator object test_worker_list_gigs_only_open.&lt;locals&gt;.&lt;genexpr&gt; at 0xff2f01283780&gt;)">E   assert False
     +  where False = all(&lt;generator object test_worker_list_gigs_only_open.&lt;locals&gt;.&lt;genexpr&gt; at 0xff2f01283780&gt;)</failure></testcase><testcase classname="backend.tests.backend_test" name="test_filter_by_category" time="0.078" /><testcase classname="backend.tests.backend_test" name="test_get_gig_worker_has_my_acceptance" time="0.058" /><testcase classname="backend.tests.backend_test" name="test_get_gig_admin_has_acceptances" time="0.050" /><testcase classname="backend.tests.backend_test" name="test_accept_gig" time="0.052"><failure message="AssertionError: {&quot;detail&quot;:&quot;Complete your profile before requesting gigs. Missing: phone, zip_code, date_of_birth, skills, availability, emergency_contact_name, emergency_contact_phone&quot;}&#10;assert 403 == 200&#10; +  where 403 = &lt;Response [403]&gt;.status_code">E   AssertionError: {"detail":"Complete your profile before requesting gigs. Missing: phone, zip_code, date_of_birth, skills, availability, emergency_contact_name, emergency_contact_phone"}
    assert 403 == 200
     +  where 403 = &lt;Response [403]&gt;.status_code</failure></testcase><testcase classname="backend.tests.backend_test" name="test_accept_duplicate_fails" time="0.053"><failure message="assert 403 == 400&#10; +  where 403 = &lt;Response [403]&gt;.status_code">E   assert 403 == 400
     +  where 403 = &lt;Response [403]&gt;.status_code</failure></testcase><testcase classname="backend.tests.backend_test" name="test_withdraw_gig" time="0.053"><failure message="assert 404 == 200&#10; +  where 404 = &lt;Response [404]&gt;.status_code">E   assert 404 == 200
     +  where 404 = &lt;Response [404]&gt;.status_code</failure></testcase><testcase classname="backend.tests.backend_test" name="test_filled_status_when_slots_full" time="0.100"><failure message="assert 403 == 200&#10; +  where 403 = &lt;Response [403]&gt;.status_code">E   assert 403 == 200
     +  where 403 = &lt;Response [403]&gt;.status_code</failure></testcase><testcase classname="backend.tests.backend_test" name="test_blast_in_app" time="0.124"><failure message="assert False&#10; +  where False = any(&lt;generator object test_blast_in_app.&lt;locals&gt;.&lt;genexpr&gt; at 0xff2eff749380&gt;)">E   assert False
     +  where False = any(&lt;generator object test_blast_in_app.&lt;locals&gt;.&lt;genexpr&gt; at 0xff2eff749380&gt;)</failure></testcase><testcase classname="backend.tests.backend_test" name="test_blast_email_sms_graceful" time="60.053"><failure message="AssertionError: &lt;!DOCTYPE html&gt;&#10;  &lt;!--[if lt IE 7]&gt; &lt;html class=&quot;no-js ie6 oldie&quot; lang=&quot;en-US&quot;&gt; &lt;![endif]--&gt;&#10;  &lt;!--[if IE 7]&gt;    &lt;html class=&quot;no-js ie7 oldie&quot; lang=&quot;en-US&quot;&gt; &lt;![endif]--&gt;&#10;  &lt;!--[if IE 8]&gt;    &lt;html class=&quot;no-js ie8 oldie&quot; lang=&quot;en-US&quot;&gt; &lt;![endif]--&gt;&#10;  &lt;!--[if gt IE 8]&gt;&lt;!--&gt; &lt;html class=&quot;no-js&quot; lang=&quot;en-US&quot;&gt; &lt;!--&lt;![endif]--&gt;&#10;  &lt;head&gt;&#10;  &#10;  &lt;title&gt;preview.emergentagent.com | 502: Bad gateway&lt;/title&gt;&#10;  &lt;meta charset=&quot;UTF-8&quot; /&gt;&#10;  &lt;meta http-equiv=&quot;Content-Type&quot; content=&quot;text/html; charset=UTF-8&quot; /&gt;&#10;  &lt;meta http-equiv=&quot;X-UA-Compatible&quot; content=&quot;IE=Edge&quot; /&gt;&#10;  &lt;meta name=&quot;robots&quot; content=&quot;noindex, nofollow&quot; /&gt;&#10;  &lt;meta name=&quot;viewport&quot; content=&quot;width=device-width,initial-scale=1&quot; /&gt;&#10;  &lt;link rel=&quot;stylesheet&quot; id=&quot;cf_styles-css&quot; href=&quot;/cdn-cgi/styles/main.css&quot; /&gt;&#10;  &lt;/head&gt;&#10;  &lt;body&gt;&#10;  &lt;div id=&quot;cf-wrapper&quot;&gt;&#10;      &lt;div id=&quot;cf-error-details&quot; class=&quot;p-0&quot;&gt;&#10;          &lt;header class=&quot;mx-auto pt-10 lg:pt-6 lg:px-8 w-240 lg:w-full mb-8&quot;&gt;&#10;              &lt;h1 class=&quot;inline-block sm:block sm:mb-2 font-light text-60 lg:text-4xl text-black-dark leading-tight mr-2&quot;&gt;&#10;                  &lt;span class=&quot;inline-block&quot;&gt;Bad gateway&lt;/span&gt;&#10;                  &lt;span class=&quot;code-label&quot;&gt;Error code 502&lt;/span&gt;&#10;              &lt;/h1&gt;&#10;              &lt;div&gt;&#10;                  Visit &lt;a href=&quot;https://www.cloudflare.com/5xx-error-landing?utm_source=errorcode_502&amp;utm_campaign=work-connect-147.cluster-5.preview.emergentcf.cloud&quot; target=&quot;_blank&quot; rel=&quot;noopener noreferrer&quot;&gt;cloudflare.com&lt;/a&gt; for more information.&#10;              &lt;/div&gt;&#10;              &lt;div class=&quot;mt-3&quot;&gt;2026-06-15 18:44:20 UTC&lt;/div&gt;&#10;          &lt;/header&gt;&#10;          &lt;div class=&quot;my-8 bg-gradient-gray&quot;&gt;&#10;              &lt;div class=&quot;w-240 lg:w-full mx-auto&quot;&gt;&#10;                  &lt;div class=&quot;clearfix md:px-8&quot;&gt;&#10;                      &lt;div id=&quot;cf-browser-status&quot; class=&quot; relative w-1/3 md:w-full py-15 md:p-0 md:py-8 md:text-left md:border-solid md:border-0 md:border-b md:border-gray-400 overflow-hidden float-left md:float-none text-center&quot;&gt;&#10;    &lt;div class=&quot;relative mb-10 md:m-0&quot;&gt;&#10;      &#10;      &lt;span class=&quot;cf-icon-browser block md:hidden h-20 bg-center bg-no-repeat&quot;&gt;&lt;/span&gt;&#10;      &lt;span class=&quot;cf-icon-ok w-12 h-12 absolute left-1/2 md:left-auto md:right-0 md:top-0 -ml-6 -bottom-4&quot;&gt;&lt;/span&gt;&#10;      &#10;    &lt;/div&gt;&#10;    &lt;span class=&quot;md:block w-full truncate&quot;&gt;You&lt;/span&gt;&#10;    &lt;h3 class=&quot;md:inline-block mt-3 md:mt-0 text-2xl text-gray-600 font-light leading-1.3&quot;&gt;&#10;    &#10;      Browser&#10;    &#10;    &lt;/h3&gt;&#10;    &#10;    &lt;span class=&quot;leading-1.3 text-2xl text-green-success&quot;&gt;Working&lt;/span&gt;&#10;    &#10;  &lt;/div&gt;&#10;                      &lt;div id=&quot;cf-cloudflare-status&quot; class=&quot; relative w-1/3 md:w-full py-15 md:p-0 md:py-8 md:text-left md:border-solid md:border-0 md:border-b md:border-gray-400 overflow-hidden float-left md:float-none text-center&quot;&gt;&#10;    &lt;div class=&quot;relative mb-10 md:m-0&quot;&gt;&#10;      &lt;a href=&quot;https://www.cloudflare.com/5xx-error-landing?utm_source=errorcode_502&amp;#38;utm_campaign=work-connect-147.cluster-5.preview.emergentcf.cloud&quot; target=&quot;_blank&quot; rel=&quot;noopener noreferrer&quot;&gt;&#10;      &lt;span class=&quot;cf-icon-cloud block md:hidden h-20 bg-center bg-no-repeat&quot;&gt;&lt;/span&gt;&#10;      &lt;span class=&quot;cf-icon-ok w-12 h-12 absolute left-1/2 md:left-auto md:right-0 md:top-0 -ml-6 -bottom-4&quot;&gt;&lt;/span&gt;&#10;      &lt;/a&gt;&#10;    &lt;/div&gt;&#10;    &lt;span class=&quot;md:block w-full truncate&quot;&gt;Chicago&lt;/span&gt;&#10;    &lt;h3 class=&quot;md:inline-block mt-3 md:mt-0 text-2xl text-gray-600 font-light leading-1.3&quot;&gt;&#10;    &lt;a href=&quot;https://www.cloudflare.com/5xx-error-landing?utm_source=errorcode_502&amp;utm_campaign=work-connect-147.cluster-5.preview.emergentcf.cloud&quot; target=&quot;_blank&quot; rel=&quot;noopener noreferrer&quot;&gt;&#10;      Cloudflare&#10;    &lt;/a&gt;&#10;    &lt;/h3&gt;&#10;    &#10;    &lt;span class=&quot;leading-1.3 text-2xl text-green-success&quot;&gt;Working&lt;/span&gt;&#10;    &#10;  &lt;/div&gt;&#10;                      &lt;div id=&quot;cf-host-status&quot; class=&quot;cf-error-source relative w-1/3 md:w-full py-15 md:p-0 md:py-8 md:text-left md:border-solid md:border-0 md:border-b md:border-gray-400 overflow-hidden float-left md:float-none text-center&quot;&gt;&#10;    &lt;div class=&quot;relative mb-10 md:m-0&quot;&gt;&#10;      &#10;      &lt;span class=&quot;cf-icon-server block md:hidden h-20 bg-center bg-no-repeat&quot;&gt;&lt;/span&gt;&#10;      &lt;span class=&quot;cf-icon-error w-12 h-12 absolute left-1/2 md:left-auto md:right-0 md:top-0 -ml-6 -bottom-4&quot;&gt;&lt;/span&gt;&#10;      &#10;    &lt;/div&gt;&#10;    &lt;span class=&quot;md:block w-full truncate&quot;&gt;work-connect-147.cluster-5.preview.emergentcf.cloud&lt;/span&gt;&#10;    &lt;h3 class=&quot;md:inline-block mt-3 md:mt-0 text-2xl text-gray-600 font-light leading-1.3&quot;&gt;&#10;    &#10;      Host&#10;    &#10;    &lt;/h3&gt;&#10;    &#10;    &lt;span class=&quot;leading-1.3 text-2xl text-red-error&quot;&gt;Error&lt;/span&gt;&#10;    &#10;  &lt;/div&gt;&#10;                  &lt;/div&gt;&#10;              &lt;/div&gt;&#10;          &lt;/div&gt;&#10;  &#10;          &lt;div class=&quot;w-240 lg:w-full mx-auto mb-8 lg:px-8&quot;&gt;&#10;              &lt;div class=&quot;clearfix&quot;&gt;&#10;                  &lt;div class=&quot;w-1/2 md:w-full float-left pr-6 md:pb-10 md:pr-0 leading-relaxed&quot;&gt;&#10;                      &lt;h2 class=&quot;text-3xl font-normal leading-1.3 mb-4&quot;&gt;What happened?&lt;/h2&gt;&#10;                      &lt;p&gt;The web server reported a bad gateway error.&lt;/p&gt;&#10;                  &lt;/div&gt;&#10;                  &lt;div class=&quot;w-1/2 md:w-full float-left leading-relaxed&quot;&gt;&#10;                      &lt;h2 class=&quot;text-3xl font-normal leading-1.3 mb-4&quot;&gt;What can I do?&lt;/h2&gt;&#10;                      &lt;p class=&quot;mb-6&quot;&gt;Please try again in a few minutes.&lt;/p&gt;&#10;                  &lt;/div&gt;&#10;              &lt;/div&gt;&#10;          &lt;/div&gt;&#10;  &#10;          &lt;div class=&quot;cf-error-footer cf-wrapper w-240 lg:w-full py-10 sm:py-4 sm:px-8 mx-auto text-center sm:text-left border-solid border-0 border-t border-gray-300&quot;&gt;&#10;      &lt;p class=&quot;text-13&quot;&gt;&#10;        &lt;span class=&quot;cf-footer-item sm:block sm:mb-1&quot;&gt;Cloudflare Ray ID: &lt;strong class=&quot;font-semibold&quot;&gt;a0c3b844acfd2964&lt;/strong&gt;&lt;/span&gt;&#10;        &lt;span class=&quot;cf-footer-separator sm:hidden&quot;&gt;&amp;bull;&lt;/span&gt;&#10;        &lt;span id=&quot;cf-footer-item-ip&quot; class=&quot;cf-footer-item hidden sm:block sm:mb-1&quot;&gt;&#10;          Your IP:&#10;          &lt;button type=&quot;button&quot; id=&quot;cf-footer-ip-reveal&quot; class=&quot;cf-footer-ip-reveal-btn&quot;&gt;Click to reveal&lt;/button&gt;&#10;          &lt;span class=&quot;hidden&quot; id=&quot;cf-footer-ip&quot;&gt;34.16.56.64&lt;/span&gt;&#10;          &lt;span class=&quot;cf-footer-separator sm:hidden&quot;&gt;&amp;bull;&lt;/span&gt;&#10;        &lt;/span&gt;&#10;        &lt;span class=&quot;cf-footer-item sm:block sm:mb-1&quot;&gt;&lt;span&gt;Performance &amp;amp; security by&lt;/span&gt; &lt;a rel=&quot;noopener noreferrer&quot; href=&quot;https://www.cloudflare.com/5xx-error-landing?utm_source=errorcode_502&amp;#38;utm_campaign=work-connect-147.cluster-5.preview.emergentcf.cloud&quot; id=&quot;brand_link&quot; target=&quot;_blank&quot;&gt;Cloudflare&lt;/a&gt;&lt;/span&gt;&#10;        &#10;      &lt;/p&gt;&#10;      &lt;script&gt;(function(){function d(){var b=a.getElementById(&quot;cf-footer-item-ip&quot;),c=a.getElementById(&quot;cf-footer-ip-reveal&quot;);b&amp;&amp;&quot;classList&quot;in b&amp;&amp;(b.classList.remove(&quot;hidden&quot;),c.addEventListener(&quot;click&quot;,function(){c.classList.add(&quot;hidden&quot;);a.getElementById(&quot;cf-footer-ip&quot;).classList.remove(&quot;hidden&quot;)}))}var a=document;document.addEventListener&amp;&amp;a.addEventListener(&quot;DOMContentLoaded&quot;,d)})();&lt;/script&gt;&#10;    &lt;/div&gt;&lt;!-- /.error-footer --&gt;&#10;  &#10;      &lt;/div&gt;&#10;  &lt;/div&gt;&#10;  &lt;script&gt;(function(){function c(){var b=a.contentDocument||a.contentWindow.document;if(b){var d=b.createElement('script');d.innerHTML=&quot;window.__CF$cv$params={r:'a0c3b8448adc2964',t:'MTc4MTU0OTAwMA=='};var a=document.createElement('script');a.src='/cdn-cgi/challenge-platform/scripts/jsd/main.js';document.getElementsByTagName('head')[0].appendChild(a);&quot;;b.getElementsByTagName('head')[0].appendChild(d)}}if(document.body){var a=document.createElement('iframe');a.height=1;a.width=1;a.style.position='absolute';a.style.top=0;a.style.left=0;a.style.border='none';a.style.visibility='hidden';document.body.appendChild(a);if('loading'!==document.readyState)c();else if(window.addEventListener)document.addEventListener('DOMContentLoaded',c);else{var e=document.onreadystatechange||function(){};document.onreadystatechange=function(b){e(b);'loading'!==document.readyState&amp;&amp;(document.onreadystatechange=e,c())}}}})();&lt;/script&gt;&lt;/body&gt;&#10;  &lt;/html&gt;&#10;assert 502 == 200&#10; +  where 502 = &lt;Response [502]&gt;.status_code">E   AssertionError: &lt;!DOCTYPE html&gt;
      &lt;!--[if lt IE 7]&gt; &lt;html class="no-js ie6 oldie" lang="en-US"&gt; &lt;![endif]--&gt;
      &lt;!--[if IE 7]&gt;    &lt;html class="no-js ie7 oldie" lang="en-US"&gt; &lt;![endif]--&gt;
      &lt;!--[if IE 8]&gt;    &lt;html class="no-js ie8 oldie" lang="en-US"&gt; &lt;![endif]--&gt;
      &lt;!--[if gt IE 8]&gt;&lt;!--&gt; &lt;html class="no-js" lang="en-US"&gt; &lt;!--&lt;![endif]--&gt;
      &lt;head&gt;
      
      &lt;title&gt;preview.emergentagent.com | 502: Bad gateway&lt;/title&gt;
      &lt;meta charset="UTF-8" /&gt;
      &lt;meta http-equiv="Content-Type" content="text/html; charset=UTF-8" /&gt;
      &lt;meta http-equiv="X-UA-Compatible" content="IE=Edge" /&gt;
      &lt;meta name="robots" content="noindex, nofollow" /&gt;
      &lt;meta name="viewport" content="width=device-width,initial-scale=1" /&gt;
      &lt;link rel="stylesheet" id="cf_styles-css" href="/cdn-cgi/styles/main.css" /&gt;
      &lt;/head&gt;
      &lt;body&gt;
      &lt;div id="cf-wrapper"&gt;
          &lt;div id="cf-error-details" class="p-0"&gt;
              &lt;header class="mx-auto pt-10 lg:pt-6 lg:px-8 w-240 lg:w-full mb-8"&gt;
                  &lt;h1 class="inline-block sm:block sm:mb-2 font-light text-60 lg:text-4xl text-black-dark leading-tight mr-2"&gt;
                      &lt;span class="inline-block"&gt;Bad gateway&lt;/span&gt;
                      &lt;span class="code-label"&gt;Error code 502&lt;/span&gt;
                  &lt;/h1&gt;
                  &lt;div&gt;
                      Visit &lt;a href="https://www.cloudflare.com/5xx-error-landing?utm_source=errorcode_502&amp;utm_campaign=work-connect-147.cluster-5.preview.emergentcf.cloud" target="_blank" rel="noopener noreferrer"&gt;cloudflare.com&lt;/a&gt; for more information.
                  &lt;/div&gt;
                  &lt;div class="mt-3"&gt;2026-06-15 18:44:20 UTC&lt;/div&gt;
              &lt;/header&gt;
              &lt;div class="my-8 bg-gradient-gray"&gt;
                  &lt;div class="w-240 lg:w-full mx-auto"&gt;
                      &lt;div class="clearfix md:px-8"&gt;
                          &lt;div id="cf-browser-status" class=" relative w-1/3 md:w-full py-15 md:p-0 md:py-8 md:text-left md:border-solid md:border-0 md:border-b md:border-gray-400 overflow-hidden float-left md:float-none text-center"&gt;
        &lt;div class="relative mb-10 md:m-0"&gt;
          
          &lt;span class="cf-icon-browser block md:hidden h-20 bg-center bg-no-repeat"&gt;&lt;/span&gt;
          &lt;span class="cf-icon-ok w-12 h-12 absolute left-1/2 md:left-auto md:right-0 md:top-0 -ml-6 -bottom-4"&gt;&lt;/span&gt;
          
        &lt;/div&gt;
        &lt;span class="md:block w-full truncate"&gt;You&lt;/span&gt;
        &lt;h3 class="md:inline-block mt-3 md:mt-0 text-2xl text-gray-600 font-light leading-1.3"&gt;
        
          Browser
        
        &lt;/h3&gt;
        
        &lt;span class="leading-1.3 text-2xl text-green-success"&gt;Working&lt;/span&gt;
        
      &lt;/div&gt;
                          &lt;div id="cf-cloudflare-status" class=" relative w-1/3 md:w-full py-15 md:p-0 md:py-8 md:text-left md:border-solid md:border-0 md:border-b md:border-gray-400 overflow-hidden float-left md:float-none text-center"&gt;
        &lt;div class="relative mb-10 md:m-0"&gt;
          &lt;a href="https://www.cloudflare.com/5xx-error-landing?utm_source=errorcode_502&amp;#38;utm_campaign=work-connect-147.cluster-5.preview.emergentcf.cloud" target="_blank" rel="noopener noreferrer"&gt;
          &lt;span class="cf-icon-cloud block md:hidden h-20 bg-center bg-no-repeat"&gt;&lt;/span&gt;
          &lt;span class="cf-icon-ok w-12 h-12 absolute left-1/2 md:left-auto md:right-0 md:top-0 -ml-6 -bottom-4"&gt;&lt;/span&gt;
          &lt;/a&gt;
        &lt;/div&gt;
        &lt;span class="md:block w-full truncate"&gt;Chicago&lt;/span&gt;
        &lt;h3 class="md:inline-block mt-3 md:mt-0 text-2xl text-gray-600 font-light leading-1.3"&gt;
        &lt;a href="https://www.cloudflare.com/5xx-error-landing?utm_source=errorcode_502&amp;utm_campaign=work-connect-147.cluster-5.preview.emergentcf.cloud" target="_blank" rel="noopener noreferrer"&gt;
          Cloudflare
        &lt;/a&gt;
        &lt;/h3&gt;
        
        &lt;span class="leading-1.3 text-2xl text-green-success"&gt;Working&lt;/span&gt;
        
      &lt;/div&gt;
                          &lt;div id="cf-host-status" class="cf-error-source relative w-1/3 md:w-full py-15 md:p-0 md:py-8 md:text-left md:border-solid md:border-0 md:border-b md:border-gray-400 overflow-hidden float-left md:float-none text-center"&gt;
        &lt;div class="relative mb-10 md:m-0"&gt;
          
          &lt;span class="cf-icon-server block md:hidden h-20 bg-center bg-no-repeat"&gt;&lt;/span&gt;
          &lt;span class="cf-icon-error w-12 h-12 absolute left-1/2 md:left-auto md:right-0 md:top-0 -ml-6 -bottom-4"&gt;&lt;/span&gt;
          
        &lt;/div&gt;
        &lt;span class="md:block w-full truncate"&gt;work-connect-147.cluster-5.preview.emergentcf.cloud&lt;/span&gt;
        &lt;h3 class="md:inline-block mt-3 md:mt-0 text-2xl text-gray-600 font-light leading-1.3"&gt;
        
          Host
        
        &lt;/h3&gt;
        
        &lt;span class="leading-1.3 text-2xl text-red-error"&gt;Error&lt;/span&gt;
        
      &lt;/div&gt;
                      &lt;/div&gt;
                  &lt;/div&gt;
              &lt;/div&gt;
      
              &lt;div class="w-240 lg:w-full mx-auto mb-8 lg:px-8"&gt;
                  &lt;div class="clearfix"&gt;
                      &lt;div class="w-1/2 md:w-full float-left pr-6 md:pb-10 md:pr-0 leading-relaxed"&gt;
                          &lt;h2 class="text-3xl font-normal leading-1.3 mb-4"&gt;What happened?&lt;/h2&gt;
                          &lt;p&gt;The web server reported a bad gateway error.&lt;/p&gt;
                      &lt;/div&gt;
                      &lt;div class="w-1/2 md:w-full float-left leading-relaxed"&gt;
                          &lt;h2 class="text-3xl font-normal leading-1.3 mb-4"&gt;What can I do?&lt;/h2&gt;
                          &lt;p class="mb-6"&gt;Please try again in a few minutes.&lt;/p&gt;
                      &lt;/div&gt;
                  &lt;/div&gt;
              &lt;/div&gt;
      
              &lt;div class="cf-error-footer cf-wrapper w-240 lg:w-full py-10 sm:py-4 sm:px-8 mx-auto text-center sm:text-left border-solid border-0 border-t border-gray-300"&gt;
          &lt;p class="text-13"&gt;
            &lt;span class="cf-footer-item sm:block sm:mb-1"&gt;Cloudflare Ray ID: &lt;strong class="font-semibold"&gt;a0c3b844acfd2964&lt;/strong&gt;&lt;/span&gt;
            &lt;span class="cf-footer-separator sm:hidden"&gt;&amp;bull;&lt;/span&gt;
            &lt;span id="cf-footer-item-ip" class="cf-footer-item hidden sm:block sm:mb-1"&gt;
              Your IP:
              &lt;button type="button" id="cf-footer-ip-reveal" class="cf-footer-ip-reveal-btn"&gt;Click to reveal&lt;/button&gt;
              &lt;span class="hidden" id="cf-footer-ip"&gt;34.16.56.64&lt;/span&gt;
              &lt;span class="cf-footer-separator sm:hidden"&gt;&amp;bull;&lt;/span&gt;
            &lt;/span&gt;
            &lt;span class="cf-footer-item sm:block sm:mb-1"&gt;&lt;span&gt;Performance &amp;amp; security by&lt;/span&gt; &lt;a rel="noopener noreferrer" href="https://www.cloudflare.com/5xx-error-landing?utm_source=errorcode_502&amp;#38;utm_campaign=work-connect-147.cluster-5.preview.emergentcf.cloud" id="brand_link" target="_blank"&gt;Cloudflare&lt;/a&gt;&lt;/span&gt;
            
          &lt;/p&gt;
          &lt;script&gt;(function(){function d(){var b=a.getElementById("cf-footer-item-ip"),c=a.getElementById("cf-footer-ip-reveal");b&amp;&amp;"classList"in b&amp;&amp;(b.classList.remove("hidden"),c.addEventListener("click",function(){c.classList.add("hidden");a.getElementById("cf-footer-ip").classList.remove("hidden")}))}var a=document;document.addEventListener&amp;&amp;a.addEventListener("DOMContentLoaded",d)})();&lt;/script&gt;
        &lt;/div&gt;&lt;!-- /.error-footer --&gt;
      
          &lt;/div&gt;
      &lt;/div&gt;
      &lt;script&gt;(function(){function c(){var b=a.contentDocument||a.contentWindow.document;if(b){var d=b.createElement('script');d.innerHTML="window.__CF$cv$params={r:'a0c3b8448adc2964',t:'MTc4MTU0OTAwMA=='};var a=document.createElement('script');a.src='/cdn-cgi/challenge-platform/scripts/jsd/main.js';document.getElementsByTagName('head')[0].appendChild(a);";b.getElementsByTagName('head')[0].appendChild(d)}}if(document.body){var a=document.createElement('iframe');a.height=1;a.width=1;a.style.position='absolute';a.style.top=0;a.style.left=0;a.style.border='none';a.style.visibility='hidden';document.body.appendChild(a);if('loading'!==document.readyState)c();else if(window.addEventListener)document.addEventListener('DOMContentLoaded',c);else{var e=document.onreadystatechange||function(){};document.onreadystatechange=function(b){e(b);'loading'!==document.readyState&amp;&amp;(document.onreadystatechange=e,c())}}}})();&lt;/script&gt;&lt;/body&gt;
      &lt;/html&gt;
    assert 502 == 200
     +  where 502 = &lt;Response [502]&gt;.status_code</failure></testcase><testcase classname="backend.tests.backend_test" name="test_blast_increments_count" time="0.150" /><testcase classname="backend.tests.backend_test" name="test_notifications_list" time="0.063" /><testcase classname="backend.tests.backend_test" name="test_profile_update" time="0.055"><failure message="AssertionError: assert [] == ['clean']&#10;  &#10;  Right contains one more item: 'clean'&#10;  Use -v to get more diff">E   AssertionError: assert [] == ['clean']
      
      Right contains one more item: 'clean'
      Use -v to get more diff</failure></testcase><testcase classname="backend.tests.backend_test" name="test_upload_avatar" time="0.359" /><testcase classname="backend.tests.backend_test" name="test_upload_id" time="0.243" /><testcase classname="backend.tests.backend_test" name="test_file_access_owner" time="0.173" /><testcase classname="backend.tests.backend_test" name="test_file_access_admin" time="0.160" /><testcase classname="backend.tests.backend_test" name="test_file_access_other_worker_forbidden" time="0.473" /><testcase classname="backend.tests.backend_test" name="test_admin_list_workers" time="0.456" /><testcase classname="backend.tests.backend_test" name="test_admin_get_worker" time="0.098" /><testcase classname="backend.tests.backend_test" name="test_admin_verify_id" time="0.147" /><testcase classname="backend.tests.backend_test" name="test_admin_stats" time="0.055" /><testcase classname="backend.tests.backend_test" name="test_worker_cannot_access_admin" time="0.111" /><testcase classname="backend.tests.backend_test" name="test_delete_gig" time="0.241" /><testcase classname="backend.tests.test_backups_and_cancel" name="test_gig_create_with_backup_slots" time="0.434" /><testcase classname="backend.tests.test_backups_and_cancel" name="test_approve_as_backup_via_endpoint" time="0.525" /><testcase classname="backend.tests.test_backups_and_cancel" name="test_cancel_shift_auto_promotes_backup" time="3.588" /><testcase classname="backend.tests.test_backups_and_cancel" name="test_cancel_shift_late_flagged" time="0.275" /><testcase classname="backend.tests.test_backups_and_cancel" name="test_manual_promote_endpoint" time="0.409" /><testcase classname="backend.tests.test_backups_and_cancel" name="test_reject_endpoint_still_works" time="0.473" /><testcase classname="backend.tests.test_calendar.TestScheduledAtPersistence" name="test_create_with_scheduled_at_persists" time="0.855" /><testcase classname="backend.tests.test_calendar.TestScheduledAtPersistence" name="test_create_without_scheduled_at_succeeds" time="0.460" /><testcase classname="backend.tests.test_calendar.TestScheduledAtPersistence" name="test_list_gigs_returns_scheduled_at_unchanged" time="0.571" /><testcase classname="backend.tests.test_calendar.TestStatusAllFilter" name="test_status_all_returns_open_and_filled" time="3.029"><failure message="AssertionError: {&quot;detail&quot;:&quot;Complete your profile before requesting gigs. Missing: phone, zip_code, date_of_birth, skills, availability, emergency_contact_name, emergency_contact_phone&quot;}&#10;assert 403 == 200&#10; +  where 403 = &lt;Response [403]&gt;.status_code">E   AssertionError: {"detail":"Complete your profile before requesting gigs. Missing: phone, zip_code, date_of_birth, skills, availability, emergency_contact_name, emergency_contact_phone"}
    assert 403 == 200
     +  where 403 = &lt;Response [403]&gt;.status_code</failure></testcase><testcase classname="backend.tests.test_calendar.TestStatusAllFilter" name="test_status_open_only" time="0.444" /><testcase classname="backend.tests.test_calendar.TestStatusAllFilter" name="test_status_filled_only" time="0.390" /><testcase classname="backend.tests.test_calendar.TestStatusAllFilter" name="test_worker_no_param_returns_only_open" time="0.541"><failure message="AssertionError: non-open gig leaked: gig_81bdbffa290a=coming_soon&#10;assert 'coming_soon' == 'open'&#10;  &#10;  - open&#10;  + coming_soon">E   AssertionError: non-open gig leaked: gig_81bdbffa290a=coming_soon
    assert 'coming_soon' == 'open'
      
      - open
      + coming_soon</failure></testcase><testcase classname="backend.tests.test_calendar.TestStatusAllFilter" name="test_worker_status_all_sees_filled_and_acceptance_attached" time="0.508"><failure message="assert 403 == 200&#10; +  where 403 = &lt;Response [403]&gt;.status_code">E   assert 403 == 200
     +  where 403 = &lt;Response [403]&gt;.status_code</failure></testcase><testcase classname="backend.tests.test_iter10.TestAssignWorker" name="test_assign_fresh_worker_creates_accepted" time="0.942" /><testcase classname="backend.tests.test_iter10.TestAssignWorker" name="test_assign_fills_gig_when_last_slot" time="0.614" /><testcase classname="backend.tests.test_iter10.TestAssignWorker" name="test_assign_converts_pending_request" time="1.437"><failure message="assert 403 == 200&#10; +  where 403 = &lt;Response [403]&gt;.status_code">E   assert 403 == 200
     +  where 403 = &lt;Response [403]&gt;.status_code</failure></testcase><testcase classname="backend.tests.test_iter10.TestAssignWorker" name="test_assign_already_accepted_returns_400" time="0.613" /><testcase classname="backend.tests.test_iter10.TestAssignWorker" name="test_assign_nonexistent_worker_404" time="0.141" /><testcase classname="backend.tests.test_iter10.TestAssignWorker" name="test_assign_admin_target_404" time="0.200" /><testcase classname="backend.tests.test_iter10.TestAssignWorker" name="test_assign_rejected_worker_400" time="0.618" /><testcase classname="backend.tests.test_iter10.TestAssignWorker" name="test_assign_suspended_worker_400" time="0.584" /><testcase classname="backend.tests.test_iter10.TestAssignWorker" name="test_assign_when_all_slots_filled_400" time="0.957" /><testcase classname="backend.tests.test_iter10.TestAssignWorker" name="test_assign_nonexistent_gig_404" time="0.433" /><testcase classname="backend.tests.test_iter10.TestAssignWorker" name="test_assign_as_worker_403" time="0.983" /><testcase classname="backend.tests.test_iter10.TestRemoveWorker" name="test_remove_accepted_decrements_slots" time="0.865" /><testcase classname="backend.tests.test_iter10.TestRemoveWorker" name="test_remove_reopens_filled_gig" time="0.857" /><testcase classname="backend.tests.test_iter10.TestRemoveWorker" name="test_remove_requested_does_not_touch_slots" time="1.157"><failure message="KeyError: 'acceptance_id'">E   KeyError: 'acceptance_id'</failure></testcase><testcase classname="backend.tests.test_iter10.TestRemoveWorker" name="test_remove_sends_notification" time="0.923" /><testcase classname="backend.tests.test_iter10.TestRemoveWorker" name="test_remove_nonexistent_acceptance_404" time="0.143" /><testcase classname="backend.tests.test_iter10.TestRemoveWorker" name="test_remove_wrong_gig_pairing_404" time="0.657" /><testcase classname="backend.tests.test_iter10.TestRemoveWorker" name="test_remove_as_worker_403" time="0.627" /><testcase classname="backend.tests.test_iter10.TestRemoveWorker" name="test_assign_after_remove_works" time="0.803" /><testcase classname="backend.tests.test_iter10.TestIter8RegressionStillPasses" name="test_request_approve_reject_still_works" time="0.819"><failure message="assert 403 == 200&#10; +  where 403 = &lt;Response [403]&gt;.status_code">E   assert 403 == 200
     +  where 403 = &lt;Response [403]&gt;.status_code</failure></testcase><testcase classname="backend.tests.test_iter11.TestWorkerDefaultPay" name="test_set_and_clear_default_pay" time="0.869" /><testcase classname="backend.tests.test_iter11.TestWorkerDefaultPay" name="test_pay_negative_rejected" time="0.438" /><testcase classname="backend.tests.test_iter11.TestWorkerDefaultPay" name="test_pay_unknown_worker_404" time="0.044" /><testcase classname="backend.tests.test_iter11.TestResolvePayPrecedence" name="test_gig_posted_when_no_overrides" time="0.664" /><testcase classname="backend.tests.test_iter11.TestResolvePayPrecedence" name="test_worker_default_overrides_gig_posted" time="0.708" /><testcase classname="backend.tests.test_iter11.TestResolvePayPrecedence" name="test_per_gig_override_wins" time="0.693" /><testcase classname="backend.tests.test_iter11.TestResolvePayPrecedence" name="test_flat_pay_independent_of_hours" time="0.615" /><testcase classname="backend.tests.test_iter11.TestClockOutSnapshot" name="test_clock_out_snapshots_pay_and_earnings" time="0.693" /><testcase classname="backend.tests.test_iter11.TestTimesheetApproval" name="test_approve_unapprove_cycle" time="0.798" /><testcase classname="backend.tests.test_iter11.TestTimesheetApproval" name="test_approve_requires_clock_out" time="0.567" /><testcase classname="backend.tests.test_iter11.TestTimesheetApproval" name="test_approve_with_hours_correction" time="0.725" /><testcase classname="backend.tests.test_iter11.TestTimesheetApproval" name="test_approve_with_manual_earnings" time="0.648" /><testcase classname="backend.tests.test_iter11.TestTimesheetApproval" name="test_override_after_approval_invalidates" time="0.729" /><testcase classname="backend.tests.test_iter11.TestWorkerEarningsGate" name="test_my_earnings_excludes_pending" time="0.746" /><testcase classname="backend.tests.test_iter11.TestWorkerEarningsGate" name="test_my_earnings_forbidden_for_admin" time="0.060" /><testcase classname="backend.tests.test_iter11.TestAdminReports" name="test_reports_filters_and_totals" time="0.794" /><testcase classname="backend.tests.test_iter11.TestAdminReports" name="test_reports_worker_filter" time="0.662" /><testcase classname="backend.tests.test_iter11.TestAdminReports" name="test_reports_csv_download" time="0.709" /><testcase classname="backend.tests.test_iter11.TestAdminReports" name="test_reports_requires_admin" time="0.445" /><testcase classname="backend.tests.test_iter11.TestGoogleSheetsExport" name="test_export_400_when_not_configured" time="0.096" /><testcase classname="backend.tests.test_iter11.TestGoogleSheetsExport" name="test_settings_exposes_gs_fields" time="0.046" /><testcase classname="backend.tests.test_iter11.TestAcceptanceEnrichedFields" name="test_gig_detail_includes_pay_and_effective_fields" time="0.597" /><testcase classname="backend.tests.test_iter11.TestAcceptanceEnrichedFields" name="test_worker_detail_includes_pay_fields" time="0.610" /><testcase classname="backend.tests.test_iter12.TestProfileOptions" name="test_options_shape" time="0.392" /><testcase classname="backend.tests.test_iter12.TestProfileCompletion" name="test_register_returns_incomplete" time="0.408" /><testcase classname="backend.tests.test_iter12.TestProfileCompletion" name="test_fill_all_required_marks_complete" time="0.424" /><testcase classname="backend.tests.test_iter12.TestProfileValidation" name="test_reject_bad_zip" time="0.054" /><testcase classname="backend.tests.test_iter12.TestProfileValidation" name="test_reject_unknown_skill" time="0.058"><failure message="assert 200 == 400&#10; +  where 200 = &lt;Response [200]&gt;.status_code">E   assert 200 == 400
     +  where 200 = &lt;Response [200]&gt;.status_code</failure></testcase><testcase classname="backend.tests.test_iter12.TestProfileValidation" name="test_reject_unknown_availability" time="0.058"><failure message="assert 200 == 400&#10; +  where 200 = &lt;Response [200]&gt;.status_code">E   assert 200 == 400
     +  where 200 = &lt;Response [200]&gt;.status_code</failure></testcase><testcase classname="backend.tests.test_iter12.TestProfileValidation" name="test_reject_unknown_experience" time="0.055" /><testcase classname="backend.tests.test_iter12.TestProfileValidation" name="test_reject_unknown_tshirt" time="0.050" /><testcase classname="backend.tests.test_iter12.TestProfileValidation" name="test_accepts_full_payload" time="0.055" /><testcase classname="backend.tests.test_iter12.TestAcceptProfileGate" name="test_403_when_profile_incomplete_even_if_id_verified" time="1.123" /><testcase classname="backend.tests.test_iter12.TestAcceptProfileGate" name="test_accept_succeeds_when_profile_complete_and_id_verified" time="1.192" /><testcase classname="backend.tests.test_iter12.TestAdminWorkersFilters" name="test_filter_by_skill_deep_cleaning" time="1.182" /><testcase classname="backend.tests.test_iter12.TestAdminWorkersFilters" name="test_filter_by_skill_csv" time="0.059" /><testcase classname="backend.tests.test_iter12.TestAdminWorkersFilters" name="test_filter_by_availability" time="0.051" /><testcase classname="backend.tests.test_iter12.TestAdminWorkersFilters" name="test_filter_zip_exact" time="0.059" /><testcase classname="backend.tests.test_iter12.TestAdminWorkersFilters" name="test_filter_zip_prefix" time="0.070" /><testcase classname="backend.tests.test_iter12.TestAdminWorkersFilters" name="test_filter_vehicle_truck" time="0.043" /><testcase classname="backend.tests.test_iter12.TestAdminWorkersFilters" name="test_filter_vehicle_cdl" time="0.046" /><testcase classname="backend.tests.test_iter12.TestAdminWorkersFilters" name="test_filter_vehicle_any" time="0.126" /><testcase classname="backend.tests.test_iter12.TestAdminWorkersFilters" name="test_filter_profile_complete_true" time="0.391" /><testcase classname="backend.tests.test_iter12.TestAdminWorkersFilters" name="test_filter_profile_complete_false" time="0.453" /><testcase classname="backend.tests.test_iter12.TestAdminWorkersFilters" name="test_search_by_name" time="0.048" /><testcase classname="backend.tests.test_iter12.TestWorkerMatch" name="test_match_cleaning_94110" time="0.050" /><testcase classname="backend.tests.test_iter12.TestWorkerMatch" name="test_match_cleaning_zip_prefix_only" time="0.052" /><testcase classname="backend.tests.test_iter12.TestWorkerMatch" name="test_match_driver_requires_driving" time="0.051" /><testcase classname="backend.tests.test_iter12.TestWorkerMatch" name="test_match_excludes_incomplete_profile" time="0.049" /><testcase classname="backend.tests.test_iter13.TestExperienceLevelEmptyBugFix" name="test_empty_experience_level_string_is_accepted" time="0.375" /><testcase classname="backend.tests.test_iter13.TestExperienceLevelEmptyBugFix" name="test_valid_experience_level_still_works" time="0.685" /><testcase classname="backend.tests.test_iter13.TestExperienceLevelEmptyBugFix" name="test_invalid_experience_level_still_rejected" time="0.368" /><testcase classname="backend.tests.test_iter13.TestWorkersReport" name="test_basic_shape_no_pii" time="0.487" /><testcase classname="backend.tests.test_iter13.TestWorkersReport" name="test_include_pii_adds_columns" time="0.133" /><testcase classname="backend.tests.test_iter13.TestWorkersReport" name="test_filter_profile_status_complete" time="0.064" /><testcase classname="backend.tests.test_iter13.TestWorkersReport" name="test_filter_profile_status_incomplete" time="0.242" /><testcase classname="backend.tests.test_iter13.TestWorkersReport" name="test_filter_zip_prefix" time="0.050" /><testcase classname="backend.tests.test_iter13.TestWorkersReport" name="test_filter_skills" time="0.049" /><testcase classname="backend.tests.test_iter13.TestGigsReport" name="test_basic_shape" time="0.061" /><testcase classname="backend.tests.test_iter13.TestGigsReport" name="test_filter_by_status" time="0.059" /><testcase classname="backend.tests.test_iter13.TestGigsReport" name="test_filter_by_category" time="0.066" /><testcase classname="backend.tests.test_iter13.TestGigsReport" name="test_filter_date_range" time="0.047" /><testcase classname="backend.tests.test_iter13.TestActivityReport" name="test_basic_shape" time="0.056" /><testcase classname="backend.tests.test_iter13.TestActivityReport" name="test_sorted_desc_by_gigs_completed" time="0.057" /><testcase classname="backend.tests.test_iter13.TestEarningsReport" name="test_basic_shape" time="0.049" /><testcase classname="backend.tests.test_iter13.TestEarningsReport" name="test_only_approved" time="0.046" /><testcase classname="backend.tests.test_iter13.TestCSVDownloads" name="test_csv_header_and_filename[workers]" time="0.078" /><testcase classname="backend.tests.test_iter13.TestCSVDownloads" name="test_csv_header_and_filename[gigs]" time="0.053" /><testcase classname="backend.tests.test_iter13.TestCSVDownloads" name="test_csv_header_and_filename[activity]" time="0.060" /><testcase classname="backend.tests.test_iter13.TestCSVDownloads" name="test_csv_header_and_filename[earnings]" time="0.050" /><testcase classname="backend.tests.test_iter13.TestGoogleSheetsExport" name="test_returns_400_not_500_when_unconfigured" time="0.045" /><testcase classname="backend.tests.test_iter13.TestGoogleSheetsExport" name="test_returns_400_for_timesheets_default" time="0.059" /><testcase classname="backend.tests.test_iter13.TestGoogleSheetsExport" name="test_unknown_report_type_returns_400" time="0.043" /><testcase classname="backend.tests.test_iter13.TestTimesheetsRegression" name="test_timesheets_json_unchanged" time="0.047" /><testcase classname="backend.tests.test_iter13.TestTimesheetsRegression" name="test_timesheets_csv_unchanged" time="0.047" /><testcase classname="backend.tests.test_iter13.TestTimesheetsRegression" name="test_generic_route_rejects_timesheets" time="0.050" /><testcase classname="backend.tests.test_iter13.TestTimesheetsRegression" name="test_unknown_report_type_returns_404" time="0.046" /><testcase classname="backend.tests.test_iter15.TestAdminEditHappyPath" name="test_full_update" time="1.268" /><testcase classname="backend.tests.test_iter15.TestAdminEditValidation" name="test_bad_skill_400" time="0.052"><failure message="assert 200 == 400&#10; +  where 200 = &lt;Response [200]&gt;.status_code">E   assert 200 == 400
     +  where 200 = &lt;Response [200]&gt;.status_code</failure></testcase><testcase classname="backend.tests.test_iter15.TestAdminEditValidation" name="test_bad_availability_400" time="0.056"><failure message="assert 200 == 400&#10; +  where 200 = &lt;Response [200]&gt;.status_code">E   assert 200 == 400
     +  where 200 = &lt;Response [200]&gt;.status_code</failure></testcase><testcase classname="backend.tests.test_iter15.TestAdminEditValidation" name="test_bad_experience_level_400" time="0.048" /><testcase classname="backend.tests.test_iter15.TestAdminEditValidation" name="test_empty_experience_level_allowed" time="0.049" /><testcase classname="backend.tests.test_iter15.TestAdminEditValidation" name="test_bad_tshirt_size_400" time="0.046" /><testcase classname="backend.tests.test_iter15.TestAdminEditValidation" name="test_bad_zip_400" time="0.099" /><testcase classname="backend.tests.test_iter15.TestAdminEditValidation" name="test_bad_worker_status_400" time="0.051" /><testcase classname="backend.tests.test_iter15.TestAdminEditEmail" name="test_invalid_format_400" time="0.047" /><testcase classname="backend.tests.test_iter15.TestAdminEditEmail" name="test_duplicate_email_400" time="0.047" /><testcase classname="backend.tests.test_iter15.TestAdminEditEmail" name="test_same_email_noop_ok" time="0.050" /><testcase classname="backend.tests.test_iter15.TestAdminEditEmail" name="test_lowercase_stored" time="0.047" /><testcase classname="backend.tests.test_iter15.TestAdminEditSessionKill" name="test_rejected_kills_sessions" time="0.488" /><testcase classname="backend.tests.test_iter15.TestAdminEditBadTarget" name="test_nonexistent_worker_404" time="0.047" /><testcase classname="backend.tests.test_iter15.TestAdminEditBadTarget" name="test_target_admin_400" time="0.097" /><testcase classname="backend.tests.test_iter15.TestRegression" name="test_worker_self_serve_profile_still_works" time="0.386" /><testcase classname="backend.tests.test_iter15.TestRegression" name="test_existing_admin_endpoints" time="0.539" /><testcase classname="backend.tests.test_iter15.TestRegression" name="test_admin_reports_workers_json" time="0.123" /><testcase classname="backend.tests.test_iter15.TestRegression" name="test_admin_reports_workers_csv" time="0.082" /><testcase classname="backend.tests.test_iter15.TestRegression" name="test_admin_workers_filter" time="0.547" /><testcase classname="backend.tests.test_iter16.TestAdminRating" name="test_set_rating_ok" time="1.032" /><testcase classname="backend.tests.test_iter16.TestAdminRating" name="test_stars_zero_400" time="0.073" /><testcase classname="backend.tests.test_iter16.TestAdminRating" name="test_stars_six_400" time="0.053" /><testcase classname="backend.tests.test_iter16.TestAdminRating" name="test_clear_removes_rating" time="0.167" /><testcase classname="backend.tests.test_iter16.TestAdminRating" name="test_acceptance_not_found_404" time="0.049" /><testcase classname="backend.tests.test_iter16.TestRatingLink" name="test_generate_link" time="0.047" /><testcase classname="backend.tests.test_iter16.TestRatingLink" name="test_same_token_when_not_regenerated" time="0.097" /><testcase classname="backend.tests.test_iter16.TestRatingLink" name="test_regenerate_changes_token" time="0.103" /><testcase classname="backend.tests.test_iter16.TestPublicRating" name="test_lookup_invalid_token_404" time="0.099" /><testcase classname="backend.tests.test_iter16.TestPublicRating" name="test_full_flow" time="0.472" /><testcase classname="backend.tests.test_iter16.TestPublicRating" name="test_submit_invalid_stars_400" time="0.263" /><testcase classname="backend.tests.test_iter16.TestWorkerRatingStats" name="test_workers_list_includes_rating_fields" time="0.654" /><testcase classname="backend.tests.test_iter16.TestWorkerRatingStats" name="test_workers_min_rating_filter" time="1.099" /><testcase classname="backend.tests.test_iter16.TestWorkerRatingStats" name="test_workers_min_rating_excludes_unrated" time="1.105" /><testcase classname="backend.tests.test_iter16.TestWorkerRatingStats" name="test_min_rating_validation" time="0.125" /><testcase classname="backend.tests.test_iter16.TestWorkerDetailRating" name="test_detail_includes_stats" time="0.062" /><testcase classname="backend.tests.test_iter16.TestActivityReport" name="test_activity_has_avg_rating" time="0.063" /><testcase classname="backend.tests.test_iter16.TestReportsRegression" name="test_timesheets" time="0.059" /><testcase classname="backend.tests.test_iter16.TestReportsRegression" name="test_workers" time="0.167" /><testcase classname="backend.tests.test_iter16.TestReportsRegression" name="test_earnings" time="0.072" /><testcase classname="backend.tests.test_iter16.TestReportsRegression" name="test_gigs" time="0.108" /><testcase classname="backend.tests.test_iter17.TestAdminRequestsSearch" name="test_list_no_search_returns_all" time="0.501" /><testcase classname="backend.tests.test_iter17.TestAdminRequestsSearch" name="test_search_param_filters" time="0.069" /><testcase classname="backend.tests.test_iter17.TestAdminRequestsSearch" name="test_search_case_insensitive_matches_known" time="0.153" /><testcase classname="backend.tests.test_iter17.TestAdminStickyNote" name="test_set_and_persist_admin_note" time="0.931" /><testcase classname="backend.tests.test_iter17.TestAdminStickyNote" name="test_admin_note_not_leaked_to_worker_self" time="0.076" /><testcase classname="backend.tests.test_iter17.TestPerGigAdminNote" name="test_set_admin_gig_note" time="0.148"><error message="failed on setup with &quot;AssertionError: {&quot;detail&quot;:&quot;Not Found&quot;}&#10;assert 404 in (200, 201)&#10; +  where 404 = &lt;Response [404]&gt;.status_code&quot;">E   AssertionError: {"detail":"Not Found"}
    assert 404 in (200, 201)
     +  where 404 = &lt;Response [404]&gt;.status_code</error></testcase><testcase classname="backend.tests.test_iter17.TestPerGigAdminNote" name="test_clear_admin_gig_note" time="0.000"><error message="failed on setup with &quot;AssertionError: {&quot;detail&quot;:&quot;Not Found&quot;}&#10;assert 404 in (200, 201)&#10; +  where 404 = &lt;Response [404]&gt;.status_code&quot;">E   AssertionError: {"detail":"Not Found"}
    assert 404 in (200, 201)
     +  where 404 = &lt;Response [404]&gt;.status_code</error></testcase><testcase classname="backend.tests.test_iter17.TestPerGigAdminNote" name="test_404_on_unknown_acceptance" time="0.000"><error message="failed on setup with &quot;AssertionError: {&quot;detail&quot;:&quot;Not Found&quot;}&#10;assert 404 in (200, 201)&#10; +  where 404 = &lt;Response [404]&gt;.status_code&quot;">E   AssertionError: {"detail":"Not Found"}
    assert 404 in (200, 201)
     +  where 404 = &lt;Response [404]&gt;.status_code</error></testcase><testcase classname="backend.tests.test_iter17.TestAdminWorkerMessage" name="test_send_message_and_worker_inbox" time="0.150" /><testcase classname="backend.tests.test_iter17.TestAdminWorkerMessage" name="test_empty_body_400" time="0.072" /><testcase classname="backend.tests.test_iter17.TestAdminWorkerMessage" name="test_unknown_worker_404" time="0.076" /><testcase classname="backend.tests.test_iter17.TestWorkerMatchCategoryCount" name="test_match_cleaning_includes_field" time="0.077" /><testcase classname="backend.tests.test_iter17.TestWorkerMatchCategoryCount" name="test_match_labor_regression" time="0.080" /><testcase classname="backend.tests.test_iter17.TestWorkerMatchCategoryCount" name="test_match_driver_regression" time="0.106" /><testcase classname="backend.tests.test_iter17.TestWorkerMatchCategoryCount" name="test_reason_string_contains_cat_done" time="0.084" /><testcase classname="backend.tests.test_iter17.TestAdminWorkersFiltersRegression" name="test_filter_by_zip" time="0.094" /><testcase classname="backend.tests.test_iter17.TestAdminWorkersFiltersRegression" name="test_filter_by_min_rating" time="0.537" /><testcase classname="backend.tests.test_iter17.TestAdminWorkersFiltersRegression" name="test_filter_by_skill" time="0.075" /><testcase classname="backend.tests.test_iter17.TestAdminWorkersFiltersRegression" name="test_filter_by_availability" time="0.075" /><testcase classname="backend.tests.test_iter18.TestPublicGigLookup" name="test_unauth_can_lookup" time="2.059" /><testcase classname="backend.tests.test_iter18.TestPublicGigLookup" name="test_address_stripped" time="0.101" /><testcase classname="backend.tests.test_iter18.TestPublicGigLookup" name="test_unknown_gig_404" time="0.135" /><testcase classname="backend.tests.test_iter18.TestPublicGigLookup" name="test_cancelled_gig_404" time="0.215" /><testcase classname="backend.tests.test_iter18.TestGigRole" name="test_set_role_manager" time="0.095" /><testcase classname="backend.tests.test_iter18.TestGigRole" name="test_bad_role_400" time="0.049" /><testcase classname="backend.tests.test_iter18.TestGigRole" name="test_unknown_acceptance_404" time="0.048" /><testcase classname="backend.tests.test_iter18.TestWorkerCrew" name="test_approved_worker_sees_crew" time="0.227" /><testcase classname="backend.tests.test_iter18.TestWorkerCrew" name="test_pending_worker_no_crew" time="0.194" /><testcase classname="backend.tests.test_iter18.TestAdminUserMgmt" name="test_list_admins_includes_self_flag" time="0.046" /><testcase classname="backend.tests.test_iter18.TestAdminUserMgmt" name="test_create_admin" time="0.352" /><testcase classname="backend.tests.test_iter18.TestAdminUserMgmt" name="test_duplicate_email_400" time="0.050" /><testcase classname="backend.tests.test_iter18.TestAdminUserMgmt" name="test_short_password_400" time="0.043" /><testcase classname="backend.tests.test_iter18.TestAdminUserMgmt" name="test_toggle_read_only" time="0.133" /><testcase classname="backend.tests.test_iter18.TestAdminUserMgmt" name="test_self_cannot_be_read_only" time="0.095" /><testcase classname="backend.tests.test_iter18.TestAdminUserMgmt" name="test_self_cannot_be_demoted" time="0.096" /><testcase classname="backend.tests.test_iter18.TestAdminUserMgmt" name="test_cannot_delete_self" time="0.127" /><testcase classname="backend.tests.test_iter18.TestAdminUserMgmt" name="test_promote_worker" time="0.093" /><testcase classname="backend.tests.test_iter18.TestAdminUserMgmt" name="test_delete_admin" time="0.143" /><testcase classname="backend.tests.test_iter18.TestReadOnlyAdminSecurity" name="test_ro_can_get_admin_gigs" time="0.404" /><testcase classname="backend.tests.test_iter18.TestReadOnlyAdminSecurity" name="test_ro_can_get_admins_list" time="0.046" /><testcase classname="backend.tests.test_iter18.TestReadOnlyAdminSecurity" name="test_ro_post_gig_blocked" time="0.044" /><testcase classname="backend.tests.test_iter18.TestReadOnlyAdminSecurity" name="test_ro_delete_admin_blocked" time="0.044" /><testcase classname="backend.tests.test_iter18.TestReadOnlyAdminSecurity" name="test_ro_put_admin_blocked" time="0.045" /><testcase classname="backend.tests.test_iter21.TestSetTags" name="test_set_single_tag" time="0.526" /><testcase classname="backend.tests.test_iter21.TestSetTags" name="test_set_multiple_tags" time="0.100" /><testcase classname="backend.tests.test_iter21.TestSetTags" name="test_dedup_tags" time="0.102" /><testcase classname="backend.tests.test_iter21.TestSetTags" name="test_clear_tags" time="0.096" /><testcase classname="backend.tests.test_iter21.TestSetTags" name="test_invalid_tag_rejected" time="0.048" /><testcase classname="backend.tests.test_iter21.TestSetTags" name="test_set_tags_404" time="0.049" /><testcase classname="backend.tests.test_iter21.TestRushEndpointKeepsOtherTags" name="test_rush_endpoint_adds_rush_keeps_other_tags" time="0.150" /><testcase classname="backend.tests.test_iter21.TestRushEndpointKeepsOtherTags" name="test_rush_off_keeps_other_tags_pinned" time="0.086" /><testcase classname="backend.tests.test_iter21.TestRushEndpointKeepsOtherTags" name="test_rush_off_with_no_other_tags_unpins" time="0.146" /><testcase classname="backend.tests.test_iter21.TestBlastTagMerge" name="test_blast_adds_rush_tag" time="60.166"><failure message="AssertionError: &lt;!DOCTYPE html&gt;&#10;  &lt;!--[if lt IE 7]&gt; &lt;html class=&quot;no-js ie6 oldie&quot; lang=&quot;en-US&quot;&gt; &lt;![endif]--&gt;&#10;  &lt;!--[if IE 7]&gt;    &lt;html class=&quot;no-js ie7 oldie&quot; lang=&quot;en-US&quot;&gt; &lt;![endif]--&gt;&#10;  &lt;!--[if IE 8]&gt;    &lt;html class=&quot;no-js ie8 oldie&quot; lang=&quot;en-US&quot;&gt; &lt;![endif]--&gt;&#10;  &lt;!--[if gt IE 8]&gt;&lt;!--&gt; &lt;html class=&quot;no-js&quot; lang=&quot;en-US&quot;&gt; &lt;!--&lt;![endif]--&gt;&#10;  &lt;head&gt;&#10;  &#10;  &lt;title&gt;preview.emergentagent.com | 502: Bad gateway&lt;/title&gt;&#10;  &lt;meta charset=&quot;UTF-8&quot; /&gt;&#10;  &lt;meta http-equiv=&quot;Content-Type&quot; content=&quot;text/html; charset=UTF-8&quot; /&gt;&#10;  &lt;meta http-equiv=&quot;X-UA-Compatible&quot; content=&quot;IE=Edge&quot; /&gt;&#10;  &lt;meta name=&quot;robots&quot; content=&quot;noindex, nofollow&quot; /&gt;&#10;  &lt;meta name=&quot;viewport&quot; content=&quot;width=device-width,initial-scale=1&quot; /&gt;&#10;  &lt;link rel=&quot;stylesheet&quot; id=&quot;cf_styles-css&quot; href=&quot;/cdn-cgi/styles/main.css&quot; /&gt;&#10;  &lt;/head&gt;&#10;  &lt;body&gt;&#10;  &lt;div id=&quot;cf-wrapper&quot;&gt;&#10;      &lt;div id=&quot;cf-error-details&quot; class=&quot;p-0&quot;&gt;&#10;          &lt;header class=&quot;mx-auto pt-10 lg:pt-6 lg:px-8 w-240 lg:w-full mb-8&quot;&gt;&#10;              &lt;h1 class=&quot;inline-block sm:block sm:mb-2 font-light text-60 lg:text-4xl text-black-dark leading-tight mr-2&quot;&gt;&#10;                  &lt;span class=&quot;inline-block&quot;&gt;Bad gateway&lt;/span&gt;&#10;                  &lt;span class=&quot;code-label&quot;&gt;Error code 502&lt;/span&gt;&#10;              &lt;/h1&gt;&#10;              &lt;div&gt;&#10;                  Visit &lt;a href=&quot;https://www.cloudflare.com/5xx-error-landing?utm_source=errorcode_502&amp;utm_campaign=work-connect-147.cluster-5.preview.emergentcf.cloud&quot; target=&quot;_blank&quot; rel=&quot;noopener noreferrer&quot;&gt;cloudflare.com&lt;/a&gt; for more information.&#10;              &lt;/div&gt;&#10;              &lt;div class=&quot;mt-3&quot;&gt;2026-06-15 18:46:33 UTC&lt;/div&gt;&#10;          &lt;/header&gt;&#10;          &lt;div class=&quot;my-8 bg-gradient-gray&quot;&gt;&#10;              &lt;div class=&quot;w-240 lg:w-full mx-auto&quot;&gt;&#10;                  &lt;div class=&quot;clearfix md:px-8&quot;&gt;&#10;                      &lt;div id=&quot;cf-browser-status&quot; class=&quot; relative w-1/3 md:w-full py-15 md:p-0 md:py-8 md:text-left md:border-solid md:border-0 md:border-b md:border-gray-400 overflow-hidden float-left md:float-none text-center&quot;&gt;&#10;    &lt;div class=&quot;relative mb-10 md:m-0&quot;&gt;&#10;      &#10;      &lt;span class=&quot;cf-icon-browser block md:hidden h-20 bg-center bg-no-repeat&quot;&gt;&lt;/span&gt;&#10;      &lt;span class=&quot;cf-icon-ok w-12 h-12 absolute left-1/2 md:left-auto md:right-0 md:top-0 -ml-6 -bottom-4&quot;&gt;&lt;/span&gt;&#10;      &#10;    &lt;/div&gt;&#10;    &lt;span class=&quot;md:block w-full truncate&quot;&gt;You&lt;/span&gt;&#10;    &lt;h3 class=&quot;md:inline-block mt-3 md:mt-0 text-2xl text-gray-600 font-light leading-1.3&quot;&gt;&#10;    &#10;      Browser&#10;    &#10;    &lt;/h3&gt;&#10;    &#10;    &lt;span class=&quot;leading-1.3 text-2xl text-green-success&quot;&gt;Working&lt;/span&gt;&#10;    &#10;  &lt;/div&gt;&#10;                      &lt;div id=&quot;cf-cloudflare-status&quot; class=&quot; relative w-1/3 md:w-full py-15 md:p-0 md:py-8 md:text-left md:border-solid md:border-0 md:border-b md:border-gray-400 overflow-hidden float-left md:float-none text-center&quot;&gt;&#10;    &lt;div class=&quot;relative mb-10 md:m-0&quot;&gt;&#10;      &lt;a href=&quot;https://www.cloudflare.com/5xx-error-landing?utm_source=errorcode_502&amp;#38;utm_campaign=work-connect-147.cluster-5.preview.emergentcf.cloud&quot; target=&quot;_blank&quot; rel=&quot;noopener noreferrer&quot;&gt;&#10;      &lt;span class=&quot;cf-icon-cloud block md:hidden h-20 bg-center bg-no-repeat&quot;&gt;&lt;/span&gt;&#10;      &lt;span class=&quot;cf-icon-ok w-12 h-12 absolute left-1/2 md:left-auto md:right-0 md:top-0 -ml-6 -bottom-4&quot;&gt;&lt;/span&gt;&#10;      &lt;/a&gt;&#10;    &lt;/div&gt;&#10;    &lt;span class=&quot;md:block w-full truncate&quot;&gt;Chicago&lt;/span&gt;&#10;    &lt;h3 class=&quot;md:inline-block mt-3 md:mt-0 text-2xl text-gray-600 font-light leading-1.3&quot;&gt;&#10;    &lt;a href=&quot;https://www.cloudflare.com/5xx-error-landing?utm_source=errorcode_502&amp;utm_campaign=work-connect-147.cluster-5.preview.emergentcf.cloud&quot; target=&quot;_blank&quot; rel=&quot;noopener noreferrer&quot;&gt;&#10;      Cloudflare&#10;    &lt;/a&gt;&#10;    &lt;/h3&gt;&#10;    &#10;    &lt;span class=&quot;leading-1.3 text-2xl text-green-success&quot;&gt;Working&lt;/span&gt;&#10;    &#10;  &lt;/div&gt;&#10;                      &lt;div id=&quot;cf-host-status&quot; class=&quot;cf-error-source relative w-1/3 md:w-full py-15 md:p-0 md:py-8 md:text-left md:border-solid md:border-0 md:border-b md:border-gray-400 overflow-hidden float-left md:float-none text-center&quot;&gt;&#10;    &lt;div class=&quot;relative mb-10 md:m-0&quot;&gt;&#10;      &#10;      &lt;span class=&quot;cf-icon-server block md:hidden h-20 bg-center bg-no-repeat&quot;&gt;&lt;/span&gt;&#10;      &lt;span class=&quot;cf-icon-error w-12 h-12 absolute left-1/2 md:left-auto md:right-0 md:top-0 -ml-6 -bottom-4&quot;&gt;&lt;/span&gt;&#10;      &#10;    &lt;/div&gt;&#10;    &lt;span class=&quot;md:block w-full truncate&quot;&gt;work-connect-147.cluster-5.preview.emergentcf.cloud&lt;/span&gt;&#10;    &lt;h3 class=&quot;md:inline-block mt-3 md:mt-0 text-2xl text-gray-600 font-light leading-1.3&quot;&gt;&#10;    &#10;      Host&#10;    &#10;    &lt;/h3&gt;&#10;    &#10;    &lt;span class=&quot;leading-1.3 text-2xl text-red-error&quot;&gt;Error&lt;/span&gt;&#10;    &#10;  &lt;/div&gt;&#10;                  &lt;/div&gt;&#10;              &lt;/div&gt;&#10;          &lt;/div&gt;&#10;  &#10;          &lt;div class=&quot;w-240 lg:w-full mx-auto mb-8 lg:px-8&quot;&gt;&#10;              &lt;div class=&quot;clearfix&quot;&gt;&#10;                  &lt;div class=&quot;w-1/2 md:w-full float-left pr-6 md:pb-10 md:pr-0 leading-relaxed&quot;&gt;&#10;                      &lt;h2 class=&quot;text-3xl font-normal leading-1.3 mb-4&quot;&gt;What happened?&lt;/h2&gt;&#10;                      &lt;p&gt;The web server reported a bad gateway error.&lt;/p&gt;&#10;                  &lt;/div&gt;&#10;                  &lt;div class=&quot;w-1/2 md:w-full float-left leading-relaxed&quot;&gt;&#10;                      &lt;h2 class=&quot;text-3xl font-normal leading-1.3 mb-4&quot;&gt;What can I do?&lt;/h2&gt;&#10;                      &lt;p class=&quot;mb-6&quot;&gt;Please try again in a few minutes.&lt;/p&gt;&#10;                  &lt;/div&gt;&#10;              &lt;/div&gt;&#10;          &lt;/div&gt;&#10;  &#10;          &lt;div class=&quot;cf-error-footer cf-wrapper w-240 lg:w-full py-10 sm:py-4 sm:px-8 mx-auto text-center sm:text-left border-solid border-0 border-t border-gray-300&quot;&gt;&#10;      &lt;p class=&quot;text-13&quot;&gt;&#10;        &lt;span class=&quot;cf-footer-item sm:block sm:mb-1&quot;&gt;Cloudflare Ray ID: &lt;strong class=&quot;font-semibold&quot;&gt;a0c3bb8158c426c8&lt;/strong&gt;&lt;/span&gt;&#10;        &lt;span class=&quot;cf-footer-separator sm:hidden&quot;&gt;&amp;bull;&lt;/span&gt;&#10;        &lt;span id=&quot;cf-footer-item-ip&quot; class=&quot;cf-footer-item hidden sm:block sm:mb-1&quot;&gt;&#10;          Your IP:&#10;          &lt;button type=&quot;button&quot; id=&quot;cf-footer-ip-reveal&quot; class=&quot;cf-footer-ip-reveal-btn&quot;&gt;Click to reveal&lt;/button&gt;&#10;          &lt;span class=&quot;hidden&quot; id=&quot;cf-footer-ip&quot;&gt;34.16.56.64&lt;/span&gt;&#10;          &lt;span class=&quot;cf-footer-separator sm:hidden&quot;&gt;&amp;bull;&lt;/span&gt;&#10;        &lt;/span&gt;&#10;        &lt;span class=&quot;cf-footer-item sm:block sm:mb-1&quot;&gt;&lt;span&gt;Performance &amp;amp; security by&lt;/span&gt; &lt;a rel=&quot;noopener noreferrer&quot; href=&quot;https://www.cloudflare.com/5xx-error-landing?utm_source=errorcode_502&amp;#38;utm_campaign=work-connect-147.cluster-5.preview.emergentcf.cloud&quot; id=&quot;brand_link&quot; target=&quot;_blank&quot;&gt;Cloudflare&lt;/a&gt;&lt;/span&gt;&#10;        &#10;      &lt;/p&gt;&#10;      &lt;script&gt;(function(){function d(){var b=a.getElementById(&quot;cf-footer-item-ip&quot;),c=a.getElementById(&quot;cf-footer-ip-reveal&quot;);b&amp;&amp;&quot;classList&quot;in b&amp;&amp;(b.classList.remove(&quot;hidden&quot;),c.addEventListener(&quot;click&quot;,function(){c.classList.add(&quot;hidden&quot;);a.getElementById(&quot;cf-footer-ip&quot;).classList.remove(&quot;hidden&quot;)}))}var a=document;document.addEventListener&amp;&amp;a.addEventListener(&quot;DOMContentLoaded&quot;,d)})();&lt;/script&gt;&#10;    &lt;/div&gt;&lt;!-- /.error-footer --&gt;&#10;  &#10;      &lt;/div&gt;&#10;  &lt;/div&gt;&#10;  &lt;script&gt;(function(){function c(){var b=a.contentDocument||a.contentWindow.document;if(b){var d=b.createElement('script');d.innerHTML=&quot;window.__CF$cv$params={r:'a0c3bb811ce126c8',t:'MTc4MTU0OTEzMg=='};var a=document.createElement('script');a.src='/cdn-cgi/challenge-platform/scripts/jsd/main.js';document.getElementsByTagName('head')[0].appendChild(a);&quot;;b.getElementsByTagName('head')[0].appendChild(d)}}if(document.body){var a=document.createElement('iframe');a.height=1;a.width=1;a.style.position='absolute';a.style.top=0;a.style.left=0;a.style.border='none';a.style.visibility='hidden';document.body.appendChild(a);if('loading'!==document.readyState)c();else if(window.addEventListener)document.addEventListener('DOMContentLoaded',c);else{var e=document.onreadystatechange||function(){};document.onreadystatechange=function(b){e(b);'loading'!==document.readyState&amp;&amp;(document.onreadystatechange=e,c())}}}})();&lt;/script&gt;&lt;/body&gt;&#10;  &lt;/html&gt;&#10;assert 502 == 200&#10; +  where 502 = &lt;Response [502]&gt;.status_code">E   AssertionError: &lt;!DOCTYPE html&gt;
      &lt;!--[if lt IE 7]&gt; &lt;html class="no-js ie6 oldie" lang="en-US"&gt; &lt;![endif]--&gt;
      &lt;!--[if IE 7]&gt;    &lt;html class="no-js ie7 oldie" lang="en-US"&gt; &lt;![endif]--&gt;
      &lt;!--[if IE 8]&gt;    &lt;html class="no-js ie8 oldie" lang="en-US"&gt; &lt;![endif]--&gt;
      &lt;!--[if gt IE 8]&gt;&lt;!--&gt; &lt;html class="no-js" lang="en-US"&gt; &lt;!--&lt;![endif]--&gt;
      &lt;head&gt;
      
      &lt;title&gt;preview.emergentagent.com | 502: Bad gateway&lt;/title&gt;
      &lt;meta charset="UTF-8" /&gt;
      &lt;meta http-equiv="Content-Type" content="text/html; charset=UTF-8" /&gt;
      &lt;meta http-equiv="X-UA-Compatible" content="IE=Edge" /&gt;
      &lt;meta name="robots" content="noindex, nofollow" /&gt;
      &lt;meta name="viewport" content="width=device-width,initial-scale=1" /&gt;
      &lt;link rel="stylesheet" id="cf_styles-css" href="/cdn-cgi/styles/main.css" /&gt;
      &lt;/head&gt;
      &lt;body&gt;
      &lt;div id="cf-wrapper"&gt;
          &lt;div id="cf-error-details" class="p-0"&gt;
              &lt;header class="mx-auto pt-10 lg:pt-6 lg:px-8 w-240 lg:w-full mb-8"&gt;
                  &lt;h1 class="inline-block sm:block sm:mb-2 font-light text-60 lg:text-4xl text-black-dark leading-tight mr-2"&gt;
                      &lt;span class="inline-block"&gt;Bad gateway&lt;/span&gt;
                      &lt;span class="code-label"&gt;Error code 502&lt;/span&gt;
                  &lt;/h1&gt;
                  &lt;div&gt;
                      Visit &lt;a href="https://www.cloudflare.com/5xx-error-landing?utm_source=errorcode_502&amp;utm_campaign=work-connect-147.cluster-5.preview.emergentcf.cloud" target="_blank" rel="noopener noreferrer"&gt;cloudflare.com&lt;/a&gt; for more information.
                  &lt;/div&gt;
                  &lt;div class="mt-3"&gt;2026-06-15 18:46:33 UTC&lt;/div&gt;
              &lt;/header&gt;
              &lt;div class="my-8 bg-gradient-gray"&gt;
                  &lt;div class="w-240 lg:w-full mx-auto"&gt;
                      &lt;div class="clearfix md:px-8"&gt;
                          &lt;div id="cf-browser-status" class=" relative w-1/3 md:w-full py-15 md:p-0 md:py-8 md:text-left md:border-solid md:border-0 md:border-b md:border-gray-400 overflow-hidden float-left md:float-none text-center"&gt;
        &lt;div class="relative mb-10 md:m-0"&gt;
          
          &lt;span class="cf-icon-browser block md:hidden h-20 bg-center bg-no-repeat"&gt;&lt;/span&gt;
          &lt;span class="cf-icon-ok w-12 h-12 absolute left-1/2 md:left-auto md:right-0 md:top-0 -ml-6 -bottom-4"&gt;&lt;/span&gt;
          
        &lt;/div&gt;
        &lt;span class="md:block w-full truncate"&gt;You&lt;/span&gt;
        &lt;h3 class="md:inline-block mt-3 md:mt-0 text-2xl text-gray-600 font-light leading-1.3"&gt;
        
          Browser
        
        &lt;/h3&gt;
        
        &lt;span class="leading-1.3 text-2xl text-green-success"&gt;Working&lt;/span&gt;
        
      &lt;/div&gt;
                          &lt;div id="cf-cloudflare-status" class=" relative w-1/3 md:w-full py-15 md:p-0 md:py-8 md:text-left md:border-solid md:border-0 md:border-b md:border-gray-400 overflow-hidden float-left md:float-none text-center"&gt;
        &lt;div class="relative mb-10 md:m-0"&gt;
          &lt;a href="https://www.cloudflare.com/5xx-error-landing?utm_source=errorcode_502&amp;#38;utm_campaign=work-connect-147.cluster-5.preview.emergentcf.cloud" target="_blank" rel="noopener noreferrer"&gt;
          &lt;span class="cf-icon-cloud block md:hidden h-20 bg-center bg-no-repeat"&gt;&lt;/span&gt;
          &lt;span class="cf-icon-ok w-12 h-12 absolute left-1/2 md:left-auto md:right-0 md:top-0 -ml-6 -bottom-4"&gt;&lt;/span&gt;
          &lt;/a&gt;
        &lt;/div&gt;
        &lt;span class="md:block w-full truncate"&gt;Chicago&lt;/span&gt;
        &lt;h3 class="md:inline-block mt-3 md:mt-0 text-2xl text-gray-600 font-light leading-1.3"&gt;
        &lt;a href="https://www.cloudflare.com/5xx-error-landing?utm_source=errorcode_502&amp;utm_campaign=work-connect-147.cluster-5.preview.emergentcf.cloud" target="_blank" rel="noopener noreferrer"&gt;
          Cloudflare
        &lt;/a&gt;
        &lt;/h3&gt;
        
        &lt;span class="leading-1.3 text-2xl text-green-success"&gt;Working&lt;/span&gt;
        
      &lt;/div&gt;
                          &lt;div id="cf-host-status" class="cf-error-source relative w-1/3 md:w-full py-15 md:p-0 md:py-8 md:text-left md:border-solid md:border-0 md:border-b md:border-gray-400 overflow-hidden float-left md:float-none text-center"&gt;
        &lt;div class="relative mb-10 md:m-0"&gt;
          
          &lt;span class="cf-icon-server block md:hidden h-20 bg-center bg-no-repeat"&gt;&lt;/span&gt;
          &lt;span class="cf-icon-error w-12 h-12 absolute left-1/2 md:left-auto md:right-0 md:top-0 -ml-6 -bottom-4"&gt;&lt;/span&gt;
          
        &lt;/div&gt;
        &lt;span class="md:block w-full truncate"&gt;work-connect-147.cluster-5.preview.emergentcf.cloud&lt;/span&gt;
        &lt;h3 class="md:inline-block mt-3 md:mt-0 text-2xl text-gray-600 font-light leading-1.3"&gt;
        
          Host
        
        &lt;/h3&gt;
        
        &lt;span class="leading-1.3 text-2xl text-red-error"&gt;Error&lt;/span&gt;
        
      &lt;/div&gt;
                      &lt;/div&gt;
                  &lt;/div&gt;
              &lt;/div&gt;
      
              &lt;div class="w-240 lg:w-full mx-auto mb-8 lg:px-8"&gt;
                  &lt;div class="clearfix"&gt;
                      &lt;div class="w-1/2 md:w-full float-left pr-6 md:pb-10 md:pr-0 leading-relaxed"&gt;
                          &lt;h2 class="text-3xl font-normal leading-1.3 mb-4"&gt;What happened?&lt;/h2&gt;
                          &lt;p&gt;The web server reported a bad gateway error.&lt;/p&gt;
                      &lt;/div&gt;
                      &lt;div class="w-1/2 md:w-full float-left leading-relaxed"&gt;
                          &lt;h2 class="text-3xl font-normal leading-1.3 mb-4"&gt;What can I do?&lt;/h2&gt;
                          &lt;p class="mb-6"&gt;Please try again in a few minutes.&lt;/p&gt;
                      &lt;/div&gt;
                  &lt;/div&gt;
              &lt;/div&gt;
      
              &lt;div class="cf-error-footer cf-wrapper w-240 lg:w-full py-10 sm:py-4 sm:px-8 mx-auto text-center sm:text-left border-solid border-0 border-t border-gray-300"&gt;
          &lt;p class="text-13"&gt;
            &lt;span class="cf-footer-item sm:block sm:mb-1"&gt;Cloudflare Ray ID: &lt;strong class="font-semibold"&gt;a0c3bb8158c426c8&lt;/strong&gt;&lt;/span&gt;
            &lt;span class="cf-footer-separator sm:hidden"&gt;&amp;bull;&lt;/span&gt;
            &lt;span id="cf-footer-item-ip" class="cf-footer-item hidden sm:block sm:mb-1"&gt;
              Your IP:
              &lt;button type="button" id="cf-footer-ip-reveal" class="cf-footer-ip-reveal-btn"&gt;Click to reveal&lt;/button&gt;
              &lt;span class="hidden" id="cf-footer-ip"&gt;34.16.56.64&lt;/span&gt;
              &lt;span class="cf-footer-separator sm:hidden"&gt;&amp;bull;&lt;/span&gt;
            &lt;/span&gt;
            &lt;span class="cf-footer-item sm:block sm:mb-1"&gt;&lt;span&gt;Performance &amp;amp; security by&lt;/span&gt; &lt;a rel="noopener noreferrer" href="https://www.cloudflare.com/5xx-error-landing?utm_source=errorcode_502&amp;#38;utm_campaign=work-connect-147.cluster-5.preview.emergentcf.cloud" id="brand_link" target="_blank"&gt;Cloudflare&lt;/a&gt;&lt;/span&gt;
            
          &lt;/p&gt;
          &lt;script&gt;(function(){function d(){var b=a.getElementById("cf-footer-item-ip"),c=a.getElementById("cf-footer-ip-reveal");b&amp;&amp;"classList"in b&amp;&amp;(b.classList.remove("hidden"),c.addEventListener("click",function(){c.classList.add("hidden");a.getElementById("cf-footer-ip").classList.remove("hidden")}))}var a=document;document.addEventListener&amp;&amp;a.addEventListener("DOMContentLoaded",d)})();&lt;/script&gt;
        &lt;/div&gt;&lt;!-- /.error-footer --&gt;
      
          &lt;/div&gt;
      &lt;/div&gt;
      &lt;script&gt;(function(){function c(){var b=a.contentDocument||a.contentWindow.document;if(b){var d=b.createElement('script');d.innerHTML="window.__CF$cv$params={r:'a0c3bb811ce126c8',t:'MTc4MTU0OTEzMg=='};var a=document.createElement('script');a.src='/cdn-cgi/challenge-platform/scripts/jsd/main.js';document.getElementsByTagName('head')[0].appendChild(a);";b.getElementsByTagName('head')[0].appendChild(d)}}if(document.body){var a=document.createElement('iframe');a.height=1;a.width=1;a.style.position='absolute';a.style.top=0;a.style.left=0;a.style.border='none';a.style.visibility='hidden';document.body.appendChild(a);if('loading'!==document.readyState)c();else if(window.addEventListener)document.addEventListener('DOMContentLoaded',c);else{var e=document.onreadystatechange||function(){};document.onreadystatechange=function(b){e(b);'loading'!==document.readyState&amp;&amp;(document.onreadystatechange=e,c())}}}})();&lt;/script&gt;&lt;/body&gt;
      &lt;/html&gt;
    assert 502 == 200
     +  where 502 = &lt;Response [502]&gt;.status_code</failure></testcase><testcase classname="backend.tests.test_iter21.TestBlastTagMerge" name="test_blast_idempotent_no_duplicate_rush" time="120.381"><failure message="AssertionError: assert 0 == 1&#10; +  where 0 = &lt;built-in method count of list object at 0xff2eff57e140&gt;('rush')&#10; +    where &lt;built-in method count of list object at 0xff2eff57e140&gt; = ['same_day'].count">E   AssertionError: assert 0 == 1
     +  where 0 = &lt;built-in method count of list object at 0xff2eff57e140&gt;('rush')
     +    where &lt;built-in method count of list object at 0xff2eff57e140&gt; = ['same_day'].count</failure></testcase><testcase classname="backend.tests.test_iter21.TestPublicFeed" name="test_public_feed_exposes_tags_and_hides_pii" time="0.263" /><testcase classname="backend.tests.test_iter21.TestPublicFeed" name="test_public_feed_sort_pinned_first" time="0.303"><failure message="assert (None is not None)">E   assert (None is not None)</failure></testcase><testcase classname="backend.tests.test_iter21.TestGigFeedsReturnTags" name="test_admin_gigs_list_has_tags" time="0.077" /><testcase classname="backend.tests.test_iter21.TestGigFeedsReturnTags" name="test_admin_gig_detail_has_tags" time="0.053" /><testcase classname="backend.tests.test_iter21.TestGigFeedsReturnTags" name="test_worker_gigs_list_has_tags" time="0.846" /><testcase classname="backend.tests.test_iter21.TestAuthorization" name="test_worker_cannot_set_tags" time="0.052" /><testcase classname="backend.tests.test_iter21.TestAuthorization" name="test_ro_admin_cannot_set_tags" time="0.375" /><testcase classname="backend.tests.test_iter21.TestAuthorization" name="test_anon_cannot_set_tags" time="0.102" /><testcase classname="backend.tests.test_iter23_e2e_setup" name="test_admin_login_works" time="0.386" /><testcase classname="backend.tests.test_iter23_e2e_setup" name="test_admin_gigs_list" time="0.417" /><testcase classname="backend.tests.test_iter23_e2e_setup" name="test_admin_global_requests_queue" time="0.056" /><testcase classname="backend.tests.test_iter23_e2e_setup" name="test_create_gig_with_backup_slots" time="0.117" /><testcase classname="backend.tests.test_iter23_e2e_setup" name="test_approve_as_backup_endpoint_exists" time="0.323" /><testcase classname="backend.tests.test_iter23_e2e_setup" name="test_promote_backup_endpoint" time="0.282" /><testcase classname="backend.tests.test_iter25_breaks" name="test_gig_create_with_break_minutes" time="0.426" /><testcase classname="backend.tests.test_iter25_breaks" name="test_gig_create_default_break_is_zero" time="0.096" /><testcase classname="backend.tests.test_iter25_breaks" name="test_gig_update_break_minutes" time="0.142" /><testcase classname="backend.tests.test_iter25_breaks" name="test_clock_out_applies_gig_break" time="1.106" /><testcase classname="backend.tests.test_iter25_breaks" name="test_per_worker_break_override" time="1.136" /><testcase classname="backend.tests.test_iter25_breaks" name="test_zero_break_no_deduction" time="1.081" /><testcase classname="backend.tests.test_iter25_breaks" name="test_flat_rate_ignores_break" time="1.307" /><testcase classname="backend.tests.test_iter25_breaks" name="test_worker_me_earnings_exposes_break" time="1.268" /><testcase classname="backend.tests.test_iter25_breaks" name="test_admin_timesheet_report_includes_break" time="1.262" /><testcase classname="backend.tests.test_iter28_refactor_regression.TestAuth" name="test_admin_login_shape" time="0.339" /><testcase classname="backend.tests.test_iter28_refactor_regression.TestAuth" name="test_admin_me" time="0.106" /><testcase classname="backend.tests.test_iter28_refactor_regression.TestAuth" name="test_worker_register_shape" time="0.379" /><testcase classname="backend.tests.test_iter28_refactor_regression.TestGigs" name="test_list_gigs_admin" time="0.087" /><testcase classname="backend.tests.test_iter28_refactor_regression.TestGigs" name="test_gig_detail_admin" time="0.049" /><testcase classname="backend.tests.test_iter28_refactor_regression.TestGigs" name="test_list_gigs_worker" time="0.076" /><testcase classname="backend.tests.test_iter28_refactor_regression.TestProjects" name="test_list_projects" time="0.061" /><testcase classname="backend.tests.test_iter28_refactor_regression.TestProjects" name="test_project_detail" time="0.000"><skipped type="pytest.skip" message="no projects">/app/backend/tests/test_iter28_refactor_regression.py:128: no projects</skipped></testcase><testcase classname="backend.tests.test_iter28_refactor_regression.TestAdmin" name="test_admin_stats" time="0.058" /><testcase classname="backend.tests.test_iter28_refactor_regression.TestAdmin" name="test_admin_requests" time="0.049" /><testcase classname="backend.tests.test_iter28_refactor_regression.TestAdmin" name="test_admin_settings" time="0.047" /><testcase classname="backend.tests.test_iter28_refactor_regression.TestProfile" name="test_profile_options" time="0.051" /><testcase classname="backend.tests.test_iter28_refactor_regression.TestMessages" name="test_threads_list" time="0.195" /><testcase classname="backend.tests.test_iter28_refactor_regression.TestMessages" name="test_unread_count" time="0.113" /><testcase classname="backend.tests.test_iter28_refactor_regression.TestMessages" name="test_worker_can_dm_admin" time="0.111" /><testcase classname="backend.tests.test_iter28_refactor_regression.TestMessages" name="test_worker_cannot_dm_stranger_worker" time="0.446" /><testcase classname="backend.tests.test_iter28_refactor_regression.TestFiles" name="test_files_unauth" time="0.108" /><testcase classname="backend.tests.test_iter29_gigs_router" name="test_list_gigs_includes_refactor_fields" time="0.527" /><testcase classname="backend.tests.test_iter29_gigs_router" name="test_get_gig_detail_has_request_arrays" time="0.048" /><testcase classname="backend.tests.test_iter29_gigs_router" name="test_accept_blocked_for_unverified_worker" time="0.789" /><testcase classname="backend.tests.test_iter29_gigs_router" name="test_request_approve_clock_cycle" time="0.666" /><testcase classname="backend.tests.test_iter29_gigs_router" name="test_blast_marks_rush" time="0.120" /><testcase classname="backend.tests.test_iter29_gigs_router" name="test_rush_toggle" time="0.099" /><testcase classname="backend.tests.test_iter29_gigs_router" name="test_set_tags_replaces_array" time="0.156" /><testcase classname="backend.tests.test_iter29_gigs_router" name="test_cancel_shift_flow" time="0.250" /><testcase classname="backend.tests.test_iter29_gigs_router" name="test_delete_gig_cascades_acceptances" time="0.104" /><testcase classname="backend.tests.test_iter29_gigs_router" name="test_push_public_key_unauth" time="0.097" /><testcase classname="backend.tests.test_iter29_gigs_router" name="test_push_status_requires_auth" time="0.092" /><testcase classname="backend.tests.test_iter29_gigs_router" name="test_auth_me" time="0.048" /><testcase classname="backend.tests.test_iter29_gigs_router" name="test_forgot_password_always_200" time="0.103" /><testcase classname="backend.tests.test_iter29_gigs_router" name="test_profile_options_requires_auth" time="0.101" /><testcase classname="backend.t
[...]
     +  where 403 = &lt;Response [403]&gt;.status_code</failure></testcase><testcase classname="backend.tests.test_iter5.TestDeleteWorker" name="test_delete_admin_returns_400" time="0.045" /><testcase classname="backend.tests.test_iter5.TestDeleteWorker" name="test_delete_missing_returns_404" time="0.049" /><testcase classname="backend.tests.test_iter5.TestChangePassword" name="test_change_password_success_session_preserved" time="2.173" /><testcase classname="backend.tests.test_iter5.TestChangePassword" name="test_change_password_wrong_current_401" time="1.596" /><testcase classname="backend.tests.test_iter5.TestChangePassword" name="test_change_password_short_new_422" time="1.309" /><testcase classname="backend.tests.test_iter5.TestClockInOut" name="test_full_clock_flow" time="1.241"><failure message="assert 403 == 200&#10; +  where 403 = &lt;Response [403]&gt;.status_code">E   assert 403 == 200
     +  where 403 = &lt;Response [403]&gt;.status_code</failure></testcase><testcase classname="backend.tests.test_iter5.TestClockInOut" name="test_clock_in_without_acceptance_400" time="1.225" /><testcase classname="backend.tests.test_iter5.TestClockInOut" name="test_clock_out_without_clock_in_400" time="1.457" /><testcase classname="backend.tests.test_iter5.TestClockInOut" name="test_admin_cannot_clock_in_or_out" time="0.159" /><testcase classname="backend.tests.test_iter5.TestAdminWorkerDetailEnrichment" name="test_accepted_gigs_enriched" time="1.416"><failure message="KeyError: 'acceptance_id'">E   KeyError: 'acceptance_id'</failure></testcase><testcase classname="backend.tests.test_iter6.TestAddressLinePrivacy" name="test_create_persists_address_line" time="0.521" /><testcase classname="backend.tests.test_iter6.TestAddressLinePrivacy" name="test_worker_list_hides_address_line" time="0.496" /><testcase classname="backend.tests.test_iter6.TestAddressLinePrivacy" name="test_worker_detail_hides_then_reveals" time="0.877"><failure message="AssertionError: {&quot;detail&quot;:&quot;Complete your profile before requesting gigs. Missing: phone, zip_code, date_of_birth, skills, availability, emergency_contact_name, emergency_contact_phone&quot;}&#10;assert 403 == 200&#10; +  where 403 = &lt;Response [403]&gt;.status_code">E   AssertionError: {"detail":"Complete your profile before requesting gigs. Missing: phone, zip_code, date_of_birth, skills, availability, emergency_contact_name, emergency_contact_phone"}
    assert 403 == 200
     +  where 403 = &lt;Response [403]&gt;.status_code</failure></testcase><testcase classname="backend.tests.test_iter6.TestVerificationGate" name="test_no_id_uploaded_blocks_accept" time="0.522" /><testcase classname="backend.tests.test_iter6.TestVerificationGate" name="test_uploaded_but_unverified_blocks_accept" time="0.692" /><testcase classname="backend.tests.test_iter6.TestVerificationGate" name="test_verified_can_accept_and_sees_address" time="0.725"><failure message="AssertionError: {&quot;detail&quot;:&quot;Complete your profile before requesting gigs. Missing: phone, zip_code, date_of_birth, skills, availability, emergency_contact_name, emergency_contact_phone&quot;}&#10;assert 403 == 200&#10; +  where 403 = &lt;Response [403]&gt;.status_code">E   AssertionError: {"detail":"Complete your profile before requesting gigs. Missing: phone, zip_code, date_of_birth, skills, availability, emergency_contact_name, emergency_contact_phone"}
    assert 403 == 200
     +  where 403 = &lt;Response [403]&gt;.status_code</failure></testcase><testcase classname="backend.tests.test_iter6.TestEditGig" name="test_admin_partial_update" time="0.133" /><testcase classname="backend.tests.test_iter6.TestEditGig" name="test_admin_clears_address_line_with_null" time="0.190" /><testcase classname="backend.tests.test_iter6.TestEditGig" name="test_cannot_reduce_slots_below_filled" time="0.793"><failure message="assert 403 == 200&#10; +  where 403 = &lt;Response [403]&gt;.status_code">E   assert 403 == 200
     +  where 403 = &lt;Response [403]&gt;.status_code</failure></testcase><testcase classname="backend.tests.test_iter6.TestEditGig" name="test_increasing_slots_on_filled_flips_to_open" time="0.738"><failure message="assert 403 == 200&#10; +  where 403 = &lt;Response [403]&gt;.status_code">E   assert 403 == 200
     +  where 403 = &lt;Response [403]&gt;.status_code</failure></testcase><testcase classname="backend.tests.test_iter6.TestEditGig" name="test_reducing_slots_to_filled_count_sets_filled" time="0.801"><failure message="KeyError: 'acceptance_id'">E   KeyError: 'acceptance_id'</failure></testcase><testcase classname="backend.tests.test_iter6.TestEditGig" name="test_worker_put_forbidden" time="0.499" /><testcase classname="backend.tests.test_iter6.TestDuplicateGig" name="test_admin_duplicate_resets_state" time="1.283" /><testcase classname="backend.tests.test_iter6.TestDuplicateGig" name="test_duplicate_does_not_double_copy_suffix" time="0.187" /><testcase classname="backend.tests.test_iter6.TestDuplicateGig" name="test_worker_duplicate_forbidden" time="0.466" /><testcase classname="backend.tests.test_iter6.TestDuplicateGig" name="test_duplicate_nonexistent_returns_404" time="0.054" /><testcase classname="backend.tests.test_iter7.TestWorkerApprovalGate" name="test_register_defaults_to_pending" time="0.375" /><testcase classname="backend.tests.test_iter7.TestWorkerApprovalGate" name="test_pending_cannot_accept_gig" time="2.262"><failure message="assert 403 == 200&#10; +  where 403 = &lt;Response [403]&gt;.status_code">E   assert 403 == 200
     +  where 403 = &lt;Response [403]&gt;.status_code</failure></testcase><testcase classname="backend.tests.test_iter7.TestWorkerApprovalGate" name="test_approve_sets_approved" time="0.489" /><testcase classname="backend.tests.test_iter7.TestWorkerApprovalGate" name="test_reject_kills_sessions" time="0.478" /><testcase classname="backend.tests.test_iter7.TestWorkerApprovalGate" name="test_rejected_worker_accept_blocked" time="2.224" /><testcase classname="backend.tests.test_iter7.TestWorkerApprovalGate" name="test_suspend_kills_sessions" time="0.574" /><testcase classname="backend.tests.test_iter7.TestWorkerApprovalGate" name="test_suspended_worker_accept_blocked" time="3.793" /><testcase classname="backend.tests.test_iter7.TestWorkerApprovalGate" name="test_reinstate_lifts_suspension" time="0.435" /><testcase classname="backend.tests.test_iter7.TestWorkerApprovalGate" name="test_status_endpoints_reject_admin" time="0.261" /><testcase classname="backend.tests.test_iter7.TestWorkerApprovalGate" name="test_status_endpoints_404" time="0.202" /><testcase classname="backend.tests.test_iter7.TestWorkerApprovalGate" name="test_status_endpoints_forbid_non_admin" time="1.139" /><testcase classname="backend.tests.test_iter7.TestWorkerApprovalGate" name="test_legacy_no_worker_status_treated_approved" time="1.194"><failure message="AssertionError: {&quot;detail&quot;:&quot;Complete your profile before requesting gigs. Missing: phone, zip_code, date_of_birth, skills, availability, emergency_contact_name, emergency_contact_phone&quot;}&#10;assert 403 == 200&#10; +  where 403 = &lt;Response [403]&gt;.status_code">E   AssertionError: {"detail":"Complete your profile before requesting gigs. Missing: phone, zip_code, date_of_birth, skills, availability, emergency_contact_name, emergency_contact_phone"}
    assert 403 == 200
     +  where 403 = &lt;Response [403]&gt;.status_code</failure></testcase><testcase classname="backend.tests.test_iter7.TestWorkerListFilter" name="test_status_filter_pending" time="1.158" /><testcase classname="backend.tests.test_iter7.TestWorkerListFilter" name="test_status_filter_approved_includes_legacy" time="0.843" /><testcase classname="backend.tests.test_iter7.TestWorkerListFilter" name="test_status_filter_rejected" time="0.500" /><testcase classname="backend.tests.test_iter7.TestWorkerListFilter" name="test_status_filter_suspended" time="0.478" /><testcase classname="backend.tests.test_iter7.TestWorkerListFilter" name="test_admin_stats_pending_approval" time="0.430" /><testcase classname="backend.tests.test_iter7.TestRecurringGigs" name="test_weekly_repeat_4" time="0.760" /><testcase classname="backend.tests.test_iter7.TestRecurringGigs" name="test_daily_repeat_3" time="0.479" /><testcase classname="backend.tests.test_iter7.TestRecurringGigs" name="test_biweekly_repeat_2" time="0.461" /><testcase classname="backend.tests.test_iter7.TestRecurringGigs" name="test_monthly_repeat_3" time="0.517" /><testcase classname="backend.tests.test_iter7.TestRecurringGigs" name="test_recurrence_none" time="0.094" /><testcase classname="backend.tests.test_iter7.TestRecurringGigs" name="test_repeat_count_clamped_max_52" time="5.205" /><testcase classname="backend.tests.test_iter7.TestRecurringGigs" name="test_recurrence_without_scheduled_at_falls_back" time="0.398" /><testcase classname="backend.tests.test_iter8.TestRegisterDefaultsApproved" name="test_new_worker_is_auto_approved" time="0.546" /><testcase classname="backend.tests.test_iter8.TestAcceptCreatesRequest" name="test_accept_creates_requested_no_slot_decrement" time="1.571"><failure message="AssertionError: {&quot;detail&quot;:&quot;Complete your profile before requesting gigs. Missing: phone, zip_code, date_of_birth, skills, availability, emergency_contact_name, emergency_contact_phone&quot;}&#10;assert 403 == 200&#10; +  where 403 = &lt;Response [403]&gt;.status_code">E   AssertionError: {"detail":"Complete your profile before requesting gigs. Missing: phone, zip_code, date_of_birth, skills, availability, emergency_contact_name, emergency_contact_phone"}
    assert 403 == 200
     +  where 403 = &lt;Response [403]&gt;.status_code</failure></testcase><testcase classname="backend.tests.test_iter8.TestAcceptCreatesRequest" name="test_worker_get_gig_hides_address_while_requested" time="1.101"><failure message="KeyError: 'acceptance_id'">E   KeyError: 'acceptance_id'</failure></testcase><testcase classname="backend.tests.test_iter8.TestAcceptCreatesRequest" name="test_clockin_blocked_while_requested" time="1.701" /><testcase classname="backend.tests.test_iter8.TestApproveRequest" name="test_approve_flow_full" time="1.278"><failure message="KeyError: 'acceptance_id'">E   KeyError: 'acceptance_id'</failure></testcase><testcase classname="backend.tests.test_iter8.TestApproveRequest" name="test_approve_404_if_not_found" time="0.141" /><testcase classname="backend.tests.test_iter8.TestApproveRequest" name="test_approve_400_if_already_accepted" time="1.377"><failure message="KeyError: 'acceptance_id'">E   KeyError: 'acceptance_id'</failure></testcase><testcase classname="backend.tests.test_iter8.TestApproveRequest" name="test_approve_400_when_all_slots_filled" time="2.399"><failure message="KeyError: 'acceptance_id'">E   KeyError: 'acceptance_id'</failure></testcase><testcase classname="backend.tests.test_iter8.TestRejectRequest" name="test_reject_deletes_acceptance" time="1.305"><failure message="KeyError: 'acceptance_id'">E   KeyError: 'acceptance_id'</failure></testcase><testcase classname="backend.tests.test_iter8.TestRejectRequest" name="test_reject_404_unknown" time="0.178" /><testcase classname="backend.tests.test_iter8.TestRejectRequest" name="test_reject_400_if_already_accepted" time="1.240"><failure message="KeyError: 'acceptance_id'">E   KeyError: 'acceptance_id'</failure></testcase><testcase classname="backend.tests.test_iter8.TestAdminGigViewSplits" name="test_admin_sees_pending_and_acceptances" time="2.454"><failure message="KeyError: 'acceptance_id'">E   KeyError: 'acceptance_id'</failure></testcase><testcase classname="backend.tests.test_iter8.TestAdminStatsPendingRequests" name="test_pending_requests_counted" time="1.445"><failure message="assert 7 &gt;= (7 + 1)">E   assert 7 &gt;= (7 + 1)</failure></testcase><testcase classname="backend.tests.test_iter8.TestWithdraw" name="test_withdraw_requested_no_slot_change" time="1.229"><failure message="assert 404 == 200&#10; +  where 404 = &lt;Response [404]&gt;.status_code">E   assert 404 == 200
     +  where 404 = &lt;Response [404]&gt;.status_code</failure></testcase><testcase classname="backend.tests.test_iter8.TestWithdraw" name="test_withdraw_accepted_decrements_and_reopens" time="1.313"><failure message="KeyError: 'acceptance_id'">E   KeyError: 'acceptance_id'</failure></testcase><testcase classname="backend.tests.test_iter8.TestBannedWorkersCannotRequest" name="test_rejected_worker_cannot_request" time="1.913" /><testcase classname="backend.tests.test_iter8.TestBannedWorkersCannotRequest" name="test_suspended_worker_cannot_request" time="2.554" /><testcase classname="backend.tests.test_iter9.TestAuthorization" name="test_unauthenticated_returns_401" time="0.127" /><testcase classname="backend.tests.test_iter9.TestAuthorization" name="test_worker_caller_returns_403" time="0.956" /><testcase classname="backend.tests.test_iter9.TestEnrichmentAndOrdering" name="test_pending_request_shows_up_enriched" time="2.187"><failure message="AssertionError: {&quot;detail&quot;:&quot;Complete your profile before requesting gigs. Missing: phone, zip_code, date_of_birth, skills, availability, emergency_contact_name, emergency_contact_phone&quot;}&#10;assert 403 == 200&#10; +  where 403 = &lt;Response [403]&gt;.status_code">E   AssertionError: {"detail":"Complete your profile before requesting gigs. Missing: phone, zip_code, date_of_birth, skills, availability, emergency_contact_name, emergency_contact_phone"}
    assert 403 == 200
     +  where 403 = &lt;Response [403]&gt;.status_code</failure></testcase><testcase classname="backend.tests.test_iter9.TestEnrichmentAndOrdering" name="test_sorted_oldest_first" time="1.010"><failure message="KeyError: 'acceptance_id'">E   KeyError: 'acceptance_id'</failure></testcase><testcase classname="backend.tests.test_iter9.TestRemovedAfterAction" name="test_approve_removes_from_queue_and_stats" time="0.971"><failure message="KeyError: 'acceptance_id'">E   KeyError: 'acceptance_id'</failure></testcase><testcase classname="backend.tests.test_iter9.TestRemovedAfterAction" name="test_reject_removes_from_queue_and_stats" time="1.081"><failure message="KeyError: 'acceptance_id'">E   KeyError: 'acceptance_id'</failure></testcase><testcase classname="backend.tests.test_iter9.TestStatsParity" name="test_count_matches_queue_length" time="0.093" /><testcase classname="backend.tests.test_iter9.TestRegressionPerGigPending" name="test_per_gig_pending_requests_still_populated" time="1.010"><failure message="KeyError: 'acceptance_id'">E   KeyError: 'acceptance_id'</failure></testcase><testcase classname="backend.tests.test_iter_projects.TestProjectsCRUD" name="test_login_works" time="0.661" /><testcase classname="backend.tests.test_iter_projects.TestProjectsCRUD" name="test_create_validates_title" time="0.101" /><testcase classname="backend.tests.test_iter_projects.TestProjectsCRUD" name="test_get_project_detail" time="0.197" /><testcase classname="backend.tests.test_iter_projects.TestProjectsCRUD" name="test_list_active_includes_project" time="0.054" /><testcase classname="backend.tests.test_iter_projects.TestProjectsCRUD" name="test_search_filter" time="0.277" /><testcase classname="backend.tests.test_iter_projects.TestProjectsCRUD" name="test_update_project" time="0.052" /><testcase classname="backend.tests.test_iter_projects.TestProjectNotes" name="test_add_and_delete_note" time="0.269" /><testcase classname="backend.tests.test_iter_projects.TestProjectNotes" name="test_empty_note_rejected" time="0.049" /><testcase classname="backend.tests.test_iter_projects.TestGigProjectLinking" name="test_gigs_show_up_in_project_detail" time="0.378" /><testcase classname="backend.tests.test_iter_projects.TestGigProjectLinking" name="test_admin_gigs_list_enriched_with_project" time="0.087" /><testcase classname="backend.tests.test_iter_projects.TestGigProjectLinking" name="test_admin_gig_detail_enriched" time="0.100" /><testcase classname="backend.tests.test_iter_projects.TestGigProjectLinking" name="test_unlink_then_relink" time="0.426" /><testcase classname="backend.tests.test_iter_projects.TestGigProjectLinking" name="test_link_to_nonexistent_project_404" time="0.051" /><testcase classname="backend.tests.test_iter_projects.TestArchive" name="test_archive_unlinks_children_and_appears_in_archived_list" time="0.476" /><testcase classname="backend.tests.test_iter_projects.TestWorkerProjectCard" name="test_worker_sees_project_card_with_siblings_and_crew" time="1.595" /><testcase classname="backend.tests.test_iter_projects.TestWorkerProjectCard" name="test_worker_unlinked_gig_no_project" time="0.651" /><testcase classname="backend.tests.test_messenger" name="test_admin_to_admin_dm" time="1.166" /><testcase classname="backend.tests.test_messenger" name="test_send_message_and_unread" time="1.222" /><testcase classname="backend.tests.test_messenger" name="test_empty_message_rejected" time="0.296" /><testcase classname="backend.tests.test_messenger" name="test_dm_with_self_rejected" time="0.103" /><testcase classname="backend.tests.test_messenger" name="test_worker_cannot_dm_va" time="0.184" /><testcase classname="backend.tests.test_messenger" name="test_gig_group_workers_can_access" time="0.360" /><testcase classname="backend.tests.test_messenger" name="test_message_attachments_acl" time="0.860" /><testcase classname="backend.tests.test_messenger" name="test_eligible_users_filters" time="0.470" /><testcase classname="backend.tests.test_messenger" name="test_worker_cannot_dm_stranger_worker" time="0.121" /><testcase classname="backend.tests.test_messenger" name="test_worker_can_dm_coworker" time="0.437" /><testcase classname="backend.tests.test_messenger" name="test_worker_can_dm_past_coworker" time="0.396" /><testcase classname="backend.tests.test_messenger" name="test_worker_can_always_dm_admin" time="0.401" /><testcase classname="backend.tests.test_messenger" name="test_eligible_users_worker_with_coworkers" time="0.238" /><testcase classname="backend.tests.test_va_commission" name="test_mechie_seeded" time="0.472" /><testcase classname="backend.tests.test_va_commission" name="test_owner_flag_set" time="0.440" /><testcase classname="backend.tests.test_va_commission" name="test_va_self_signup_is_pending" time="0.379" /><testcase classname="backend.tests.test_va_commission" name="test_va_lead_submit_after_approval" time="0.646" /><testcase classname="backend.tests.test_va_commission" name="test_duplicate_lead_block" time="0.943" /><testcase classname="backend.tests.test_va_commission" name="test_self_referral_block" time="0.888" /><testcase classname="backend.tests.test_va_commission" name="test_commission_lifecycle" time="1.653" /><testcase classname="backend.tests.test_va_commission" name="test_va_dashboard_and_earnings" time="1.510" /><testcase classname="backend.tests.test_va_commission" name="test_va_status_suspend_blocks_lead_submit" time="1.115" /><testcase classname="backend.tests.test_va_commission" name="test_pm_violations_logged" time="1.027" /><testcase classname="backend.tests.test_va_commission" name="test_commercial_account_revenue" time="1.681" /><testcase classname="backend.tests.test_va_commission" name="test_owner_bulk_approve" time="1.972" /></testsuite></testsuites>