<?xml version="1.0" encoding="utf-8"?><testsuites name="pytest tests"><testsuite name="pytest" errors="0" failures="0" skipped="0" tests="24" time="2.784" timestamp="2026-06-17T10:23:04.195693+00:00" hostname="agent-env-175ae4c2-6149-4664-927a-55e2d003c2dc"><testcase classname="backend.tests.test_va_pending_gate_iter44.TestPendingVa" name="test_pending_locked[GET-/api/va/leads]" time="0.501" /><testcase classname="backend.tests.test_va_pending_gate_iter44.TestPendingVa" name="test_pending_locked[GET-/api/va/earnings]" time="0.043" /><testcase classname="backend.tests.test_va_pending_gate_iter44.TestPendingVa" name="test_pending_locked[GET-/api/va/commercial-accounts]" time="0.044" /><testcase classname="backend.tests.test_va_pending_gate_iter44.TestPendingVa" name="test_pending_locked[GET-/api/messages/threads]" time="0.049" /><testcase classname="backend.tests.test_va_pending_gate_iter44.TestPendingVa" name="test_pending_locked[GET-/api/messages/unread-count]" time="0.044" /><testcase classname="backend.tests.test_va_pending_gate_iter44.TestPendingVa" name="test_pending_allowed[GET-/api/va/dashboard]" time="0.050" /><testcase classname="backend.tests.test_va_pending_gate_iter44.TestPendingVa" name="test_pending_allowed[GET-/api/va/templates]" time="0.051" /><testcase classname="backend.tests.test_va_pending_gate_iter44.TestPendingVa" name="test_pending_allowed[GET-/api/va/leaderboard]" time="0.050" /><testcase classname="backend.tests.test_va_pending_gate_iter44.TestPendingVa" name="test_pending_allowed[GET-/api/va/me]" time="0.044" /><testcase classname="backend.tests.test_va_pending_gate_iter44.TestPendingVa" name="test_pending_get_lead_by_id_403" time="0.044" /><testcase classname="backend.tests.test_va_pending_gate_iter44.TestPendingVa" name="test_pending_post_lead_403" time="0.042" /><testcase classname="backend.tests.test_va_pending_gate_iter44.TestApprovedVaNoRegression" name="test_approved_full_access[GET-/api/va/leads]" time="0.363" /><testcase classname="backend.tests.test_va_pending_gate_iter44.TestApprovedVaNoRegression" name="test_approved_full_access[GET-/api/va/earnings]" time="0.043" /><testcase classname="backend.tests.test_va_pending_gate_iter44.TestApprovedVaNoRegression" name="test_approved_full_access[GET-/api/va/commercial-accounts]" time="0.044" /><testcase classname="backend.tests.test_va_pending_gate_iter44.TestApprovedVaNoRegression" name="test_approved_full_access[GET-/api/messages/threads]" time="0.045" /><testcase classname="backend.tests.test_va_pending_gate_iter44.TestApprovedVaNoRegression" name="test_approved_full_access[GET-/api/messages/unread-count]" time="0.045" /><testcase classname="backend.tests.test_va_pending_gate_iter44.TestApprovedVaNoRegression" name="test_approved_full_access[GET-/api/va/dashboard]" time="0.045" /><testcase classname="backend.tests.test_va_pending_gate_iter44.TestApprovedVaNoRegression" name="test_approved_full_access[GET-/api/va/templates]" time="0.048" /><testcase classname="backend.tests.test_va_pending_gate_iter44.TestApprovedVaNoRegression" name="test_approved_full_access[GET-/api/va/leaderboard]" time="0.045" /><testcase classname="backend.tests.test_va_pending_gate_iter44.TestApprovedVaNoRegression" name="test_approved_full_access[GET-/api/va/me]" time="0.042" /><testcase classname="backend.tests.test_va_pending_gate_iter44.TestAdminMessagingNoRegression" name="test_admin_threads" time="0.626" /><testcase classname="backend.tests.test_va_pending_gate_iter44.TestAdminMessagingNoRegression" name="test_admin_unread_count" time="0.177" /><testcase classname="backend.tests.test_va_pending_gate_iter44.TestAdminMessagingNoRegression" name="test_admin_eligible_users" time="0.062" /><testcase classname="backend.tests.test_va_pending_gate_iter44.TestAdminMessagingNoRegression" name="test_admin_dm_create" time="0.145" /></testsuite></testsuites>