<?xml version="1.0" encoding="utf-8"?><testsuites name="pytest tests"><testsuite name="pytest" errors="0" failures="0" skipped="0" tests="42" time="14.450" timestamp="2026-06-17T21:07:09.587672+00:00" hostname="agent-env-175ae4c2-6149-4664-927a-55e2d003c2dc"><testcase classname="tests.test_iter45_worker_agreement" name="test_get_agreement_rules" time="0.423" /><testcase classname="tests.test_iter45_worker_agreement" name="test_accept_rejects_missing_body" time="0.541" /><testcase classname="tests.test_iter45_worker_agreement" name="test_accept_rejects_wrong_typed_name" time="0.045" /><testcase classname="tests.test_iter45_worker_agreement" name="test_accept_rejects_tampered_rules" time="0.047" /><testcase classname="tests.test_iter45_worker_agreement" name="test_accept_rejects_stale_version" time="0.044" /><testcase classname="tests.test_iter45_worker_agreement" name="test_accept_succeeds_with_valid_agreement_and_writes_audit" time="0.178" /><testcase classname="tests.test_iter45_worker_agreement" name="test_duplicate_accept_blocked" time="0.049" /><testcase classname="tests.test_iter45_worker_agreement" name="test_my_agreements_endpoint_requires_worker_role" time="0.048" /><testcase classname="tests.test_iter46_shift_edit.TestTimesheetEditWithAdminNote" name="test_edit_with_admin_note_persists" time="1.517" /><testcase classname="tests.test_iter46_shift_edit.TestTimesheetEditWithAdminNote" name="test_edit_without_admin_note_still_works" time="0.880" /><testcase classname="tests.test_iter46_shift_edit.TestNoShow" name="test_noshow_requires_reason" time="0.863" /><testcase classname="tests.test_iter46_shift_edit.TestNoShow" name="test_noshow_success_clears_times" time="0.933" /><testcase classname="tests.test_iter46_shift_edit.TestNoShow" name="test_noshow_rejected_for_requested_state" time="0.781" /><testcase classname="tests.test_iter46_shift_edit.TestMarkCompleted" name="test_mark_completed_with_no_clock_in_uses_scheduled" time="0.872" /><testcase classname="tests.test_iter46_shift_edit.TestMarkCompleted" name="test_mark_completed_with_explicit_times" time="0.948" /><testcase classname="tests.test_iter46_shift_edit.TestMarkCompleted" name="test_mark_completed_rejects_requested" time="0.853" /><testcase classname="tests.test_iter46_shift_edit.TestUnauthorized" name="test_worker_cannot_edit_timesheet" time="1.232" /><testcase classname="tests.test_iter46_shift_edit.TestUnauthorized" name="test_worker_cannot_no_show" time="1.281" /><testcase classname="tests.test_va_pending_gate_iter44.TestPendingVa" name="test_pending_locked[GET-/api/va/leads]" time="0.400" /><testcase classname="tests.test_va_pending_gate_iter44.TestPendingVa" name="test_pending_locked[GET-/api/va/earnings]" time="0.054" /><testcase classname="tests.test_va_pending_gate_iter44.TestPendingVa" name="test_pending_locked[GET-/api/va/commercial-accounts]" time="0.054" /><testcase classname="tests.test_va_pending_gate_iter44.TestPendingVa" name="test_pending_locked[GET-/api/messages/threads]" time="0.053" /><testcase classname="tests.test_va_pending_gate_iter44.TestPendingVa" name="test_pending_locked[GET-/api/messages/unread-count]" time="0.050" /><testcase classname="tests.test_va_pending_gate_iter44.TestPendingVa" name="test_pending_allowed[GET-/api/va/dashboard]" time="0.085" /><testcase classname="tests.test_va_pending_gate_iter44.TestPendingVa" name="test_pending_allowed[GET-/api/va/templates]" time="0.064" /><testcase classname="tests.test_va_pending_gate_iter44.TestPendingVa" name="test_pending_allowed[GET-/api/va/leaderboard]" time="0.069" /><testcase classname="tests.test_va_pending_gate_iter44.TestPendingVa" name="test_pending_allowed[GET-/api/va/me]" time="0.075" /><testcase classname="tests.test_va_pending_gate_iter44.TestPendingVa" name="test_pending_get_lead_by_id_403" time="0.060" /><testcase classname="tests.test_va_pending_gate_iter44.TestPendingVa" name="test_pending_post_lead_403" time="0.068" /><testcase classname="tests.test_va_pending_gate_iter44.TestApprovedVaNoRegression" name="test_approved_full_access[GET-/api/va/leads]" time="0.361" /><testcase classname="tests.test_va_pending_gate_iter44.TestApprovedVaNoRegression" name="test_approved_full_access[GET-/api/va/earnings]" time="0.042" /><testcase classname="tests.test_va_pending_gate_iter44.TestApprovedVaNoRegression" name="test_approved_full_access[GET-/api/va/commercial-accounts]" time="0.085" /><testcase classname="tests.test_va_pending_gate_iter44.TestApprovedVaNoRegression" name="test_approved_full_access[GET-/api/messages/threads]" time="0.051" /><testcase classname="tests.test_va_pending_gate_iter44.TestApprovedVaNoRegression" name="test_approved_full_access[GET-/api/messages/unread-count]" time="0.046" /><testcase classname="tests.test_va_pending_gate_iter44.TestApprovedVaNoRegression" name="test_approved_full_access[GET-/api/va/dashboard]" time="0.047" /><testcase classname="tests.test_va_pending_gate_iter44.TestApprovedVaNoRegression" name="test_approved_full_access[GET-/api/va/templates]" time="0.052" /><testcase classname="tests.test_va_pending_gate_iter44.TestApprovedVaNoRegression" name="test_approved_full_access[GET-/api/va/leaderboard]" time="0.048" /><testcase classname="tests.test_va_pending_gate_iter44.TestApprovedVaNoRegression" name="test_approved_full_access[GET-/api/va/me]" time="0.045" /><testcase classname="tests.test_va_pending_gate_iter44.TestAdminMessagingNoRegression" name="test_admin_threads" time="0.651" /><testcase classname="tests.test_va_pending_gate_iter44.TestAdminMessagingNoRegression" name="test_admin_unread_count" time="0.187" /><testcase classname="tests.test_va_pending_gate_iter44.TestAdminMessagingNoRegression" name="test_admin_eligible_users" time="0.059" /><testcase classname="tests.test_va_pending_gate_iter44.TestAdminMessagingNoRegression" name="test_admin_dm_create" time="0.117" /></testsuite></testsuites>