<?xml version="1.0" encoding="utf-8"?><testsuites name="pytest tests"><testsuite name="pytest" errors="0" failures="0" skipped="0" tests="59" time="16.349" timestamp="2026-05-29T23:30:05.573494+00:00" hostname="agent-env-175ae4c2-6149-4664-927a-55e2d003c2dc"><testcase classname="backend.tests.backend_test" name="test_root_health" time="0.295" /><testcase classname="backend.tests.backend_test" name="test_admin_login_sets_cookie" time="0.372" /><testcase classname="backend.tests.backend_test" name="test_auth_me_with_cookie" time="0.049" /><testcase classname="backend.tests.backend_test" name="test_legacy_admin_login_still_works" time="0.379" /><testcase classname="backend.tests.backend_test" name="test_register_admin_role_is_silently_downgraded_to_worker" time="0.414" /><testcase classname="backend.tests.backend_test" name="test_duplicate_register_fails" time="0.507" /><testcase classname="backend.tests.backend_test" name="test_login_wrong_password_returns_401" time="0.327" /><testcase classname="backend.tests.backend_test" name="test_logout" time="0.460" /><testcase classname="backend.tests.backend_test" name="test_create_cleaning_gig" time="0.050" /><testcase classname="backend.tests.backend_test" name="test_create_labor_gig" time="0.049" /><testcase classname="backend.tests.backend_test" name="test_create_driver_gig" time="0.060" /><testcase classname="backend.tests.backend_test" name="test_worker_cannot_create_gig" time="0.046" /><testcase classname="backend.tests.backend_test" name="test_worker_list_gigs_only_open" time="0.082" /><testcase classname="backend.tests.backend_test" name="test_filter_by_category" time="0.047" /><testcase classname="backend.tests.backend_test" name="test_get_gig_worker_has_my_acceptance" time="0.051" /><testcase classname="backend.tests.backend_test" name="test_get_gig_admin_has_acceptances" time="0.048" /><testcase classname="backend.tests.backend_test" name="test_accept_gig" time="0.096" /><testcase classname="backend.tests.backend_test" name="test_accept_duplicate_fails" time="0.052" /><testcase classname="backend.tests.backend_test" name="test_withdraw_gig" time="0.106" /><testcase classname="backend.tests.backend_test" name="test_filled_status_when_slots_full" time="0.185" /><testcase classname="backend.tests.backend_test" name="test_blast_in_app" time="0.103" /><testcase classname="backend.tests.backend_test" name="test_blast_email_sms_graceful" time="0.057" /><testcase classname="backend.tests.backend_test" name="test_blast_increments_count" time="0.049" /><testcase classname="backend.tests.backend_test" name="test_notifications_list" time="0.049" /><testcase classname="backend.tests.backend_test" name="test_profile_update" time="0.053" /><testcase classname="backend.tests.backend_test" name="test_upload_avatar" time="0.299" /><testcase classname="backend.tests.backend_test" name="test_upload_id" time="0.209" /><testcase classname="backend.tests.backend_test" name="test_file_access_owner" time="0.176" /><testcase classname="backend.tests.backend_test" name="test_file_access_admin" time="0.160" /><testcase classname="backend.tests.backend_test" name="test_file_access_other_worker_forbidden" time="0.426" /><testcase classname="backend.tests.backend_test" name="test_admin_list_workers" time="0.050" /><testcase classname="backend.tests.backend_test" name="test_admin_get_worker" time="0.100" /><testcase classname="backend.tests.backend_test" name="test_admin_verify_id" time="0.150" /><testcase classname="backend.tests.backend_test" name="test_admin_stats" time="0.048" /><testcase classname="backend.tests.backend_test" name="test_worker_cannot_access_admin" time="0.105" /><testcase classname="backend.tests.backend_test" name="test_delete_gig" time="0.240" /><testcase classname="backend.tests.test_admin_settings" name="test_settings_requires_auth" time="0.481" /><testcase classname="backend.tests.test_admin_settings" name="test_settings_forbidden_for_worker" time="0.381" /><testcase classname="backend.tests.test_admin_settings" name="test_settings_put_forbidden_for_worker" time="0.050" /><testcase classname="backend.tests.test_admin_settings" name="test_settings_test_forbidden_for_worker" time="0.046" /><testcase classname="backend.tests.test_admin_settings" name="test_get_settings_shape_when_empty" time="0.099" /><testcase classname="backend.tests.test_admin_settings" name="test_put_resend_then_get_shows_last4_and_ready" time="0.095" /><testcase classname="backend.tests.test_admin_settings" name="test_partial_update_omitted_field_unchanged" time="0.098" /><testcase classname="backend.tests.test_admin_settings" name="test_overwrite_resend_key_updates_last4" time="0.099" /><testcase classname="backend.tests.test_admin_settings" name="test_clear_resend_with_empty_string" time="0.117" /><testcase classname="backend.tests.test_admin_settings" name="test_save_all_twilio_makes_sms_ready" time="0.098" /><testcase classname="backend.tests.test_admin_settings" name="test_clear_sid_and_token_resets_sms_ready" time="0.099" /><testcase classname="backend.tests.test_admin_settings" name="test_test_email_400_when_no_key" time="0.095" /><testcase classname="backend.tests.test_admin_settings" name="test_test_email_400_with_fake_key" time="0.273" /><testcase classname="backend.tests.test_admin_settings" name="test_test_sms_400_when_incomplete" time="0.096" /><testcase classname="backend.tests.test_admin_settings" name="test_blast_uses_db_resend_key_and_degrades_gracefully" time="3.323" /><testcase classname="backend.tests.test_calendar.TestScheduledAtPersistence" name="test_create_with_scheduled_at_persists" time="0.840" /><testcase classname="backend.tests.test_calendar.TestScheduledAtPersistence" name="test_create_without_scheduled_at_succeeds" time="0.482" /><testcase classname="backend.tests.test_calendar.TestScheduledAtPersistence" name="test_list_gigs_returns_scheduled_at_unchanged" time="0.559" /><testcase classname="backend.tests.test_calendar.TestStatusAllFilter" name="test_status_all_returns_open_and_filled" time="1.069" /><testcase classname="backend.tests.test_calendar.TestStatusAllFilter" name="test_status_open_only" time="0.405" /><testcase classname="backend.tests.test_calendar.TestStatusAllFilter" name="test_status_filled_only" time="0.375" /><testcase classname="backend.tests.test_calendar.TestStatusAllFilter" name="test_worker_no_param_returns_only_open" time="0.485" /><testcase classname="backend.tests.test_calendar.TestStatusAllFilter" name="test_worker_status_all_sees_filled_and_acceptance_attached" time="0.605" /></testsuite></testsuites>