<?xml version="1.0" encoding="utf-8"?><testsuites name="pytest tests"><testsuite name="pytest" errors="0" failures="0" skipped="0" tests="33" time="10.136" timestamp="2026-06-17T08:50:00.007323+00:00" hostname="agent-env-175ae4c2-6149-4664-927a-55e2d003c2dc"><testcase classname="backend.tests.test_iter39_blast_safety" name="test_kill_switch_endpoint_owner_only" time="0.389" /><testcase classname="backend.tests.test_iter39_blast_safety" name="test_kill_switch_blocks_blast" time="0.740" /><testcase classname="backend.tests.test_iter39_blast_safety" name="test_cooldown_blocks_repeat_blast" time="0.568" /><testcase classname="backend.tests.test_iter39_blast_safety" name="test_blast_audit_endpoint" time="0.580" /><testcase classname="backend.tests.test_iter39_blast_safety" name="test_fanout_dedupes_workers_by_email" time="0.369" /><testcase classname="backend.tests.test_iter39_blast_safety" name="test_fanout_kill_switch_aborts" time="0.002" /><testcase classname="backend.tests.test_iter40_dm_companion" name="test_kill_switch_off_at_start" time="0.399" /><testcase classname="backend.tests.test_iter40_dm_companion" name="test_admin_open_dm_with_worker" time="0.781" /><testcase classname="backend.tests.test_iter40_dm_companion" name="test_admin_send_dm_with_email_sms_channels" time="0.131" /><testcase classname="backend.tests.test_iter40_dm_companion" name="test_worker_send_dm_with_channels_silently_ignored" time="0.171" /><testcase classname="backend.tests.test_iter40_dm_companion" name="test_send_dm_no_channels_works" time="0.087" /><testcase classname="backend.tests.test_iter40_dm_companion" name="test_threads_list_and_unread_count" time="0.400" /><testcase classname="backend.tests.test_iter40_dm_companion" name="test_mark_thread_read" time="0.231" /><testcase classname="backend.tests.test_iter40_dm_companion" name="test_kill_switch_blocks_companion_email" time="0.220" /><testcase classname="backend.tests.test_iter40_dm_companion" name="test_companion_only_on_dm_not_gig_group" time="0.176" /><testcase classname="backend.tests.test_iter40_dm_companion" name="test_empty_message_rejected" time="0.170" /><testcase classname="backend.tests.test_iter41_lead_crud.TestPMListAndTrashFilters" name="test_trash_filter_basic" time="1.302" /><testcase classname="backend.tests.test_iter41_lead_crud.TestPMEditAndActivity" name="test_pm_get_detail_shape" time="0.091" /><testcase classname="backend.tests.test_iter41_lead_crud.TestPMEditAndActivity" name="test_pm_edit_logs_diff_and_normalizes" time="0.211" /><testcase classname="backend.tests.test_iter41_lead_crud.TestPMEditAndActivity" name="test_pm_edit_bad_va_user_id_400" time="0.196" /><testcase classname="backend.tests.test_iter41_lead_crud.TestPMEditAndActivity" name="test_pm_reassign_to_valid_va_also_moves_commission" time="0.806" /><testcase classname="backend.tests.test_iter41_lead_crud.TestPMEditAndActivity" name="test_pm_edit_trashed_lead_400" time="0.168" /><testcase classname="backend.tests.test_iter41_lead_crud.TestPMEditAndActivity" name="test_pm_delete_idempotent_and_rejects_non_paid_commission" time="0.251" /><testcase classname="backend.tests.test_iter41_lead_crud.TestPMEditAndActivity" name="test_pm_restore" time="0.248" /><testcase classname="backend.tests.test_iter41_lead_crud.TestPMEditAndActivity" name="test_stage_change_logged" time="0.171" /><testcase classname="backend.tests.test_iter41_lead_crud.TestVAPermissions" name="test_va_list_hides_trashed" time="0.169" /><testcase classname="backend.tests.test_iter41_lead_crud.TestVAPermissions" name="test_va_cannot_view_others_lead" time="0.085" /><testcase classname="backend.tests.test_iter41_lead_crud.TestVAPermissions" name="test_va_edit_own_new_lead_ok" time="0.088" /><testcase classname="backend.tests.test_iter41_lead_crud.TestVAPermissions" name="test_va_edit_after_stage_move_403" time="0.170" /><testcase classname="backend.tests.test_iter41_lead_crud.TestVAPermissions" name="test_va_edit_with_admin_only_fields_403" time="0.164" /><testcase classname="backend.tests.test_iter41_lead_crud.TestVAPermissions" name="test_va_delete_own_new_lead_ok" time="0.129" /><testcase classname="backend.tests.test_iter41_lead_crud.TestVAPermissions" name="test_va_delete_after_stage_move_403" time="0.126" /><testcase classname="backend.tests.test_iter41_lead_crud.TestVAPermissions" name="test_va_delete_with_commission_403" time="0.268" /></testsuite></testsuites>