<?xml version="1.0" encoding="utf-8"?><testsuites name="pytest tests"><testsuite name="pytest" errors="0" failures="1" skipped="0" tests="14" time="3.859" timestamp="2026-07-10T05:27:54.780626+00:00" hostname="agent-env-175ae4c2-6149-4664-927a-55e2d003c2dc"><testcase classname="backend.tests.test_iter76_va_teams_2level.TestCommissionSettingsL2" name="test_get_has_both_rates" time="0.523" /><testcase classname="backend.tests.test_iter76_va_teams_2level.TestCommissionSettingsL2" name="test_put_persists_both" time="0.139" /><testcase classname="backend.tests.test_iter76_va_teams_2level.TestTwoLevelChainAndMath" name="test_build_chain" time="0.194" /><testcase classname="backend.tests.test_iter76_va_teams_2level.TestTwoLevelChainAndMath" name="test_two_level_math" time="0.189" /><testcase classname="backend.tests.test_iter76_va_teams_2level.TestTwoLevelChainAndMath" name="test_lost_rejects_all_three" time="0.055" /><testcase classname="backend.tests.test_iter76_va_teams_2level.TestSingleLevelStillWorks" name="test_single_level" time="0.210" /><testcase classname="backend.tests.test_iter76_va_teams_2level.TestSoloVA" name="test_solo_full_amount" time="0.101" /><testcase classname="backend.tests.test_iter76_va_teams_2level.TestDepthCap" name="test_depth_cap_400" time="0.423" /><testcase classname="backend.tests.test_iter76_va_teams_2level.TestDepthCap" name="test_cycle_rejected" time="0.280" /><testcase classname="backend.tests.test_iter76_va_teams_2level.TestDualRole" name="test_lead_can_be_member" time="0.086" /><testcase classname="backend.tests.test_iter76_va_teams_2level.TestVaTeamEndpointTop" name="test_top_sees_l1_l2_and_sub_member" time="0.246"><failure message="AssertionError: reports_to on MID team card: None&#10;assert None == 'user_7f11e268d4b9'&#10; +  where None = &lt;built-in method get of dict object at 0xfb99299b2180&gt;('user_id')&#10; +    where &lt;built-in method get of dict object at 0xfb99299b2180&gt; = {}.get">backend/tests/test_iter76_va_teams_2level.py:342: in test_top_sees_l1_l2_and_sub_member
    assert rt.get("user_id") == TOP, f"reports_to on MID team card: {mid_team.get('reports_to')}"
E   AssertionError: reports_to on MID team card: None
E   assert None == 'user_7f11e268d4b9'
E    +  where None = &lt;built-in method get of dict object at 0xfb99299b2180&gt;('user_id')
E    +    where &lt;built-in method get of dict object at 0xfb99299b2180&gt; = {}.get</failure></testcase><testcase classname="backend.tests.test_iter76_va_teams_2level.TestVaTeamEndpointShape" name="test_va_demo_lead" time="0.567" /><testcase classname="backend.tests.test_iter76_va_teams_2level.TestVaTeamEndpointShape" name="test_non_lead_403" time="0.414" /><testcase classname="backend.tests.test_iter76_va_teams_2level.TestAssignableIncludesLeads" name="test_pm_teams_assignable" time="0.243" /></testsuite></testsuites>