<?xml version="1.0" encoding="utf-8"?><testsuites name="pytest tests"><testsuite name="pytest" errors="0" failures="0" skipped="0" tests="35" time="5.432" timestamp="2026-05-29T22:57:15.849148+00:00" hostname="agent-env-175ae4c2-6149-4664-927a-55e2d003c2dc"><testcase classname="backend.tests.backend_test" name="test_root_health" time="0.207" /><testcase classname="backend.tests.backend_test" name="test_admin_login_sets_cookie" time="0.345" /><testcase classname="backend.tests.backend_test" name="test_auth_me_with_cookie" time="0.058" /><testcase classname="backend.tests.backend_test" name="test_register_admin_role" time="0.336" /><testcase classname="backend.tests.backend_test" name="test_duplicate_register_fails" time="0.465" /><testcase classname="backend.tests.backend_test" name="test_login_wrong_password_returns_401" time="0.340" /><testcase classname="backend.tests.backend_test" name="test_logout" time="0.442" /><testcase classname="backend.tests.backend_test" name="test_create_cleaning_gig" time="0.053" /><testcase classname="backend.tests.backend_test" name="test_create_labor_gig" time="0.053" /><testcase classname="backend.tests.backend_test" name="test_create_driver_gig" time="0.050" /><testcase classname="backend.tests.backend_test" name="test_worker_cannot_create_gig" time="0.046" /><testcase classname="backend.tests.backend_test" name="test_worker_list_gigs_only_open" time="0.048" /><testcase classname="backend.tests.backend_test" name="test_filter_by_category" time="0.050" /><testcase classname="backend.tests.backend_test" name="test_get_gig_worker_has_my_acceptance" time="0.048" /><testcase classname="backend.tests.backend_test" name="test_get_gig_admin_has_acceptances" time="0.059" /><testcase classname="backend.tests.backend_test" name="test_accept_gig" time="0.103" /><testcase classname="backend.tests.backend_test" name="test_accept_duplicate_fails" time="0.049" /><testcase classname="backend.tests.backend_test" name="test_withdraw_gig" time="0.099" /><testcase classname="backend.tests.backend_test" name="test_filled_status_when_slots_full" time="0.157" /><testcase classname="backend.tests.backend_test" name="test_blast_in_app" time="0.102" /><testcase classname="backend.tests.backend_test" name="test_blast_email_sms_graceful" time="0.059" /><testcase classname="backend.tests.backend_test" name="test_blast_increments_count" time="0.051" /><testcase classname="backend.tests.backend_test" name="test_notifications_list" time="0.051" /><testcase classname="backend.tests.backend_test" name="test_profile_update" time="0.054" /><testcase classname="backend.tests.backend_test" name="test_upload_avatar" time="0.280" /><testcase classname="backend.tests.backend_test" name="test_upload_id" time="0.194" /><testcase classname="backend.tests.backend_test" name="test_file_access_owner" time="0.192" /><testcase classname="backend.tests.backend_test" name="test_file_access_admin" time="0.157" /><testcase classname="backend.tests.backend_test" name="test_file_access_other_worker_forbidden" time="0.384" /><testcase classname="backend.tests.backend_test" name="test_admin_list_workers" time="0.054" /><testcase classname="backend.tests.backend_test" name="test_admin_get_worker" time="0.104" /><testcase classname="backend.tests.backend_test" name="test_admin_verify_id" time="0.164" /><testcase classname="backend.tests.backend_test" name="test_admin_stats" time="0.056" /><testcase classname="backend.tests.backend_test" name="test_worker_cannot_access_admin" time="0.095" /><testcase classname="backend.tests.backend_test" name="test_delete_gig" time="0.318" /></testsuite></testsuites>