<?xml version="1.0" encoding="utf-8"?><testsuites name="pytest tests"><testsuite name="pytest" errors="0" failures="0" skipped="0" tests="8" time="1.193" timestamp="2026-07-12T15:21:59.921334+00:00" hostname="agent-env-175ae4c2-6149-4664-927a-55e2d003c2dc"><testcase classname="backend.tests.test_vp_applications.TestPublicSubmit" name="test_honeypot_returns_ok_no_record" time="0.124" /><testcase classname="backend.tests.test_vp_applications.TestPublicSubmit" name="test_one_word_name_returns_400" time="0.092" /><testcase classname="backend.tests.test_vp_applications.TestPublicSubmit" name="test_consent_false_returns_400" time="0.138" /><testcase classname="backend.tests.test_vp_applications.TestPublicSubmit" name="test_missing_streams_returns_422" time="0.106" /><testcase classname="backend.tests.test_vp_applications.TestAdminAuth" name="test_admin_list_requires_auth" time="0.090" /><testcase classname="backend.tests.test_vp_applications.TestAdminAuth" name="test_admin_list_ok" time="0.376" /><testcase classname="backend.tests.test_vp_applications.TestAdminAuth" name="test_admin_patch_persists" time="0.149" /><testcase classname="backend.tests.test_vp_applications.TestAdminAuth" name="test_admin_patch_404_missing" time="0.046" /></testsuite></testsuites>